 Copyright (C) 1995-2015 - All Rights Reserved
 University Corporation for Atmospheric Research
 NCAR Command Language Version 6.3.0
 The use of this software is governed by a License Agreement.
 See http://www.ncl.ucar.edu/ for more details.
(0)	Now Processing : amsre_20070701v7
(0)	Selected track : CAL_LID_L2_05kmAPro-Prov-V3-01.2007-07-01T00-55-06ZN.hdf
(0)	Selected track : CAL_LID_L2_05kmAPro-Prov-V3-01.2007-07-01T02-33-57ZN.hdf
(0)	Selected track : CAL_LID_L2_05kmAPro-Prov-V3-01.2007-07-01T23-59-24ZN.hdf
(0)	Now Processing : amsre_20070702v7
(0)	Selected track : CAL_LID_L2_05kmAPro-Prov-V3-01.2007-07-02T01-38-19ZN.hdf
(0)	Now Processing : amsre_20070703v7
(0)	Selected track : CAL_LID_L2_05kmAPro-Prov-V3-01.2007-07-03T00-42-37ZN.hdf
(0)	Selected track : CAL_LID_L2_05kmAPro-Prov-V3-01.2007-07-03T02-21-33ZN.hdf
(0)	Selected track : CAL_LID_L2_05kmAPro-Prov-V3-01.2007-07-03T23-47-00ZN.hdf
(0)	Now Processing : amsre_20070704v7
(0)	Selected track : CAL_LID_L2_05kmAPro-Prov-V3-01.2007-07-04T01-25-51ZN.hdf
(0)	Now Processing : amsre_20070705v7
(0)	Selected track : CAL_LID_L2_05kmAPro-Prov-V3-01.2007-07-05T00-30-14ZN.hdf
(0)	Selected track : CAL_LID_L2_05kmAPro-Prov-V3-01.2007-07-05T02-09-04ZN.hdf
(0)	Now Processing : amsre_20070706v7
(0)	Selected track : CAL_LID_L2_05kmAPro-Prov-V3-01.2007-07-06T01-13-27ZN.hdf
(0)	Selected track : CAL_LID_L2_05kmAPro-Prov-V3-01.2007-07-06T02-52-17ZN.hdf
(0)	Now Processing : amsre_20070707v7
(0)	Selected track : CAL_LID_L2_05kmAPro-Prov-V3-01.2007-07-07T00-17-45ZN.hdf
(0)	Selected track : CAL_LID_L2_05kmAPro-Prov-V3-01.2007-07-07T01-56-40ZN.hdf
(0)	Now Processing : amsre_20070708v7
(0)	Selected track : CAL_LID_L2_05kmAPro-Prov-V3-01.2007-07-08T01-00-58ZN.hdf
(0)	Selected track : CAL_LID_L2_05kmAPro-Prov-V3-01.2007-07-08T02-39-53ZN.hdf
(0)	Now Processing : amsre_20070709v7
(0)	Selected track : CAL_LID_L2_05kmAPro-Prov-V3-01.2007-07-09T00-05-16ZN.hdf
(0)	Selected track : CAL_LID_L2_05kmAPro-Prov-V3-01.2007-07-09T01-44-11ZN.hdf
(0)	Now Processing : amsre_20070710v7
(0)	Selected track : CAL_LID_L2_05kmAPro-Prov-V3-01.2007-07-10T00-48-29ZN.hdf
(0)	Selected track : CAL_LID_L2_05kmAPro-Prov-V3-01.2007-07-10T02-27-24ZN.hdf
(0)	Selected track : CAL_LID_L2_05kmAPro-Prov-V3-01.2007-07-10T23-52-52ZN.hdf
(0)	Now Processing : amsre_20070711v7
(0)	Selected track : CAL_LID_L2_05kmAPro-Prov-V3-01.2007-07-11T01-31-42ZN.hdf
(0)	Now Processing : amsre_20070712v7
(0)	Now Processing : amsre_20070713v7
(0)	Now Processing : amsre_20070714v7
(0)	Selected track : CAL_LID_L2_05kmAPro-Prov-V3-01.2007-07-14T00-23-36ZN.hdf
(0)	Selected track : CAL_LID_L2_05kmAPro-Prov-V3-01.2007-07-14T02-02-31ZN.hdf
(0)	Now Processing : amsre_20070715v7
(0)	Selected track : CAL_LID_L2_05kmAPro-Prov-V3-01.2007-07-15T01-06-49ZN.hdf
(0)	Selected track : CAL_LID_L2_05kmAPro-Prov-V3-01.2007-07-15T02-45-40ZN.hdf
(0)	Now Processing : amsre_20070716v7
(0)	Selected track : CAL_LID_L2_05kmAPro-Prov-V3-01.2007-07-16T00-11-07ZN.hdf
(0)	Selected track : CAL_LID_L2_05kmAPro-Prov-V3-01.2007-07-16T01-50-03ZN.hdf
(0)	Now Processing : amsre_20070717v7
(0)	Selected track : CAL_LID_L2_05kmAPro-Prov-V3-01.2007-07-17T00-54-20ZN.hdf
(0)	Selected track : CAL_LID_L2_05kmAPro-Prov-V3-01.2007-07-17T02-33-16ZN.hdf
(0)	Selected track : CAL_LID_L2_05kmAPro-Prov-V3-01.2007-07-17T23-58-43ZN.hdf
(0)	Now Processing : amsre_20070718v7
(0)	Selected track : CAL_LID_L2_05kmAPro-Prov-V3-01.2007-07-18T01-37-34ZN.hdf
(0)	Now Processing : amsre_20070719v7
(0)	Selected track : CAL_LID_L2_05kmAPro-Prov-V3-01.2007-07-19T00-41-57ZN.hdf
(0)	Selected track : CAL_LID_L2_05kmAPro-Prov-V3-01.2007-07-19T02-20-47ZN.hdf
(0)	Selected track : CAL_LID_L2_05kmAPro-Prov-V3-01.2007-07-19T23-46-15ZN.hdf
(0)	Now Processing : amsre_20070720v7
(0)	Selected track : CAL_LID_L2_05kmAPro-Prov-V3-01.2007-07-20T01-25-10ZN.hdf
(0)	Now Processing : amsre_20070721v7
(0)	Selected track : CAL_LID_L2_05kmAPro-Prov-V3-01.2007-07-21T00-29-28ZN.hdf
(0)	Selected track : CAL_LID_L2_05kmAPro-Prov-V3-01.2007-07-21T02-08-23ZN.hdf
(0)	Now Processing : amsre_20070722v7
(0)	Selected track : CAL_LID_L2_05kmAPro-Prov-V3-01.2007-07-22T01-12-41ZN.hdf
(0)	Selected track : CAL_LID_L2_05kmAPro-Prov-V3-01.2007-07-22T02-51-31ZN.hdf
(0)	Now Processing : amsre_20070723v7
(0)	Selected track : CAL_LID_L2_05kmAPro-Prov-V3-01.2007-07-23T00-16-59ZN.hdf
(0)	Selected track : CAL_LID_L2_05kmAPro-Prov-V3-01.2007-07-23T01-55-54ZN.hdf
(0)	Now Processing : amsre_20070724v7
(0)	Selected track : CAL_LID_L2_05kmAPro-Prov-V3-01.2007-07-24T01-00-12ZN.hdf
(0)	Selected track : CAL_LID_L2_05kmAPro-Prov-V3-01.2007-07-24T02-39-07ZN.hdf
(0)	Now Processing : amsre_20070725v7
(0)	Selected track : CAL_LID_L2_05kmAPro-Prov-V3-01.2007-07-25T00-04-30ZN.hdf
(0)	Selected track : CAL_LID_L2_05kmAPro-Prov-V3-01.2007-07-25T01-43-25ZN.hdf
(0)	Now Processing : amsre_20070726v7
(0)	Selected track : CAL_LID_L2_05kmAPro-Prov-V3-01.2007-07-26T00-47-43ZN.hdf
(0)	Selected track : CAL_LID_L2_05kmAPro-Prov-V3-01.2007-07-26T02-26-38ZN.hdf
(0)	Selected track : CAL_LID_L2_05kmAPro-Prov-V3-01.2007-07-26T23-52-01ZN.hdf
(0)	Now Processing : amsre_20070727v7
(0)	Selected track : CAL_LID_L2_05kmAPro-Prov-V3-01.2007-07-27T01-30-56ZN.hdf
(0)	Now Processing : amsre_20070728v7
(0)	Now Processing : amsre_20070729v7
(0)	Selected track : CAL_LID_L2_05kmAPro-Prov-V3-01.2007-07-29T01-18-27ZN.hdf
(0)	Now Processing : amsre_20070730v7
(0)	Selected track : CAL_LID_L2_05kmAPro-Prov-V3-01.2007-07-30T00-22-45ZN.hdf
(0)	Selected track : CAL_LID_L2_05kmAPro-Prov-V3-01.2007-07-30T02-01-41ZN.hdf
(0)	Now Processing : amsre_20070731v7
(0)	Selected track : CAL_LID_L2_05kmAPro-Prov-V3-01.2007-07-31T01-05-59ZN.hdf
(0)	Selected track : CAL_LID_L2_05kmAPro-Prov-V3-01.2007-07-31T02-44-49ZN.hdf
(0)	Now Processing : amsre_20070801v7
(0)	Selected track : CAL_LID_L2_05kmAPro-Prov-V3-01.2007-08-01T00-10-17ZN.hdf
(0)	Selected track : CAL_LID_L2_05kmAPro-Prov-V3-01.2007-08-01T01-49-07ZN.hdf
(0)	Now Processing : amsre_20070802v7
(0)	Selected track : CAL_LID_L2_05kmAPro-Prov-V3-01.2007-08-02T00-53-30ZN.hdf
(0)	Selected track : CAL_LID_L2_05kmAPro-Prov-V3-01.2007-08-02T02-32-20ZN.hdf
(0)	Selected track : CAL_LID_L2_05kmAPro-Prov-V3-01.2007-08-02T23-57-48ZN.hdf
(0)	Now Processing : amsre_20070803v7
(0)	Selected track : CAL_LID_L2_05kmAPro-Prov-V3-01.2007-08-03T01-36-38ZN.hdf
(0)	Now Processing : amsre_20070804v7
(0)	Selected track : CAL_LID_L2_05kmAPro-Prov-V3-01.2007-08-04T00-40-56ZN.hdf
(0)	Selected track : CAL_LID_L2_05kmAPro-Prov-V3-01.2007-08-04T02-19-51ZN.hdf
(0)	Selected track : CAL_LID_L2_05kmAPro-Prov-V3-01.2007-08-04T23-45-19ZN.hdf
(0)	Now Processing : amsre_20070805v7
(0)	Selected track : CAL_LID_L2_05kmAPro-Prov-V3-01.2007-08-05T01-24-09ZN.hdf
(0)	Now Processing : amsre_20070806v7
(0)	Selected track : CAL_LID_L2_05kmAPro-Prov-V3-01.2007-08-06T00-28-27ZN.hdf
(0)	Selected track : CAL_LID_L2_05kmAPro-Prov-V3-01.2007-08-06T02-07-22ZN.hdf
(0)	Now Processing : amsre_20070807v7
(0)	Selected track : CAL_LID_L2_05kmAPro-Prov-V3-01.2007-08-07T01-11-40ZN.hdf
(0)	Selected track : CAL_LID_L2_05kmAPro-Prov-V3-01.2007-08-07T02-50-31ZN.hdf
(0)	Now Processing : amsre_20070808v7
(0)	Selected track : CAL_LID_L2_05kmAPro-Prov-V3-01.2007-08-08T00-15-58ZN.hdf
(0)	Selected track : CAL_LID_L2_05kmAPro-Prov-V3-01.2007-08-08T01-54-49ZN.hdf
(0)	Now Processing : amsre_20070809v7
(0)	Selected track : CAL_LID_L2_05kmAPro-Prov-V3-01.2007-08-09T00-59-06ZN.hdf
(0)	Selected track : CAL_LID_L2_05kmAPro-Prov-V3-01.2007-08-09T02-38-02ZN.hdf
(0)	Now Processing : amsre_20070810v7
(0)	Selected track : CAL_LID_L2_05kmAPro-Prov-V3-01.2007-08-10T00-03-24ZN.hdf
(0)	Selected track : CAL_LID_L2_05kmAPro-Prov-V3-01.2007-08-10T01-42-20ZN.hdf
(0)	Now Processing : amsre_20070811v7
(0)	Selected track : CAL_LID_L2_05kmAPro-Prov-V3-01.2007-08-11T00-46-38ZN.hdf
(0)	Selected track : CAL_LID_L2_05kmAPro-Prov-V3-01.2007-08-11T02-25-28ZN.hdf
(0)	Selected track : CAL_LID_L2_05kmAPro-Prov-V3-01.2007-08-11T23-50-56ZN.hdf
(0)	Now Processing : amsre_20070812v7
(0)	Selected track : CAL_LID_L2_05kmAPro-Prov-V3-01.2007-08-12T01-29-46ZN.hdf
(0)	Now Processing : amsre_20070813v7
(0)	Selected track : CAL_LID_L2_05kmAPro-Prov-V3-01.2007-08-13T00-34-04ZN.hdf
(0)	Selected track : CAL_LID_L2_05kmAPro-Prov-V3-01.2007-08-13T02-12-59ZN.hdf
(0)	Now Processing : amsre_20070814v7
(0)	Selected track : CAL_LID_L2_05kmAPro-Prov-V3-01.2007-08-14T01-17-17ZN.hdf
(0)	Now Processing : amsre_20070815v7
(0)	Selected track : CAL_LID_L2_05kmAPro-Prov-V3-01.2007-08-15T00-21-35ZN.hdf
(0)	Selected track : CAL_LID_L2_05kmAPro-Prov-V3-01.2007-08-15T02-00-25ZN.hdf
(0)	Now Processing : amsre_20070816v7
(0)	Selected track : CAL_LID_L2_05kmAPro-Prov-V3-01.2007-08-16T01-04-43ZN.hdf
(0)	Selected track : CAL_LID_L2_05kmAPro-Prov-V3-01.2007-08-16T02-43-38ZN.hdf
(0)	Now Processing : amsre_20070817v7
(0)	Selected track : CAL_LID_L2_05kmAPro-Prov-V3-01.2007-08-17T00-09-01ZN.hdf
(0)	Selected track : CAL_LID_L2_05kmAPro-Prov-V3-01.2007-08-17T01-47-56ZN.hdf
(0)	Now Processing : amsre_20070818v7
(0)	Selected track : CAL_LID_L2_05kmAPro-Prov-V3-01.2007-08-18T00-52-09ZN.hdf
(0)	Selected track : CAL_LID_L2_05kmAPro-Prov-V3-01.2007-08-18T02-31-04ZN.hdf
(0)	Selected track : CAL_LID_L2_05kmAPro-Prov-V3-01.2007-08-18T23-56-27ZN.hdf
(0)	Now Processing : amsre_20070819v7
(0)	Selected track : CAL_LID_L2_05kmAPro-Prov-V3-01.2007-08-19T01-35-22ZN.hdf
(0)	Now Processing : amsre_20070820v7
(0)	Selected track : CAL_LID_L2_05kmAPro-Prov-V3-01.2007-08-20T00-39-40ZN.hdf
(0)	Selected track : CAL_LID_L2_05kmAPro-Prov-V3-01.2007-08-20T02-18-31ZN.hdf
(0)	Selected track : CAL_LID_L2_05kmAPro-Prov-V3-01.2007-08-20T23-43-58ZN.hdf
(0)	Now Processing : amsre_20070821v7
(0)	Selected track : CAL_LID_L2_05kmAPro-Prov-V3-01.2007-08-21T01-22-49ZN.hdf
(0)	Now Processing : amsre_20070822v7
(0)	Selected track : CAL_LID_L2_05kmAPro-Prov-V3-01.2007-08-22T00-27-02ZN.hdf
(0)	Selected track : CAL_LID_L2_05kmAPro-Prov-V3-01.2007-08-22T02-05-52ZN.hdf
(0)	Now Processing : amsre_20070823v7
(0)	Selected track : CAL_LID_L2_05kmAPro-Prov-V3-01.2007-08-23T01-10-10ZN.hdf
(0)	Selected track : CAL_LID_L2_05kmAPro-Prov-V3-01.2007-08-23T02-49-05ZN.hdf
(0)	Now Processing : amsre_20070824v7
(0)	Selected track : CAL_LID_L2_05kmAPro-Prov-V3-01.2007-08-24T00-14-28ZN.hdf
(0)	Selected track : CAL_LID_L2_05kmAPro-Prov-V3-01.2007-08-24T01-53-23ZN.hdf
(0)	Now Processing : amsre_20070825v7
(0)	Selected track : CAL_LID_L2_05kmAPro-Prov-V3-01.2007-08-25T00-57-36ZN.hdf
(0)	Selected track : CAL_LID_L2_05kmAPro-Prov-V3-01.2007-08-25T02-36-31ZN.hdf
(0)	Now Processing : amsre_20070826v7
(0)	Selected track : CAL_LID_L2_05kmAPro-Prov-V3-01.2007-08-26T00-01-54ZN.hdf
(0)	Selected track : CAL_LID_L2_05kmAPro-Prov-V3-01.2007-08-26T01-40-49ZN.hdf
(0)	Now Processing : amsre_20070827v7
(0)	Selected track : CAL_LID_L2_05kmAPro-Prov-V3-01.2007-08-27T00-45-02ZN.hdf
(0)	Selected track : CAL_LID_L2_05kmAPro-Prov-V3-01.2007-08-27T02-23-57ZN.hdf
(0)	Selected track : CAL_LID_L2_05kmAPro-Prov-V3-01.2007-08-27T23-49-20ZN.hdf
(0)	Now Processing : amsre_20070828v7
(0)	Selected track : CAL_LID_L2_05kmAPro-Prov-V3-01.2007-08-28T01-28-15ZN.hdf
(0)	Now Processing : amsre_20070829v7
(0)	Selected track : CAL_LID_L2_05kmAPro-Prov-V3-01.2007-08-29T00-32-33ZN.hdf
(0)	Selected track : CAL_LID_L2_05kmAPro-Prov-V3-01.2007-08-29T02-11-23ZN.hdf
(0)	Now Processing : amsre_20070830v7
(0)	Selected track : CAL_LID_L2_05kmAPro-Prov-V3-01.2007-08-30T01-15-41ZN.hdf
(0)	Now Processing : amsre_20070831v7
(0)	Selected track : CAL_LID_L2_05kmAPro-Prov-V3-01.2007-08-31T00-19-59ZN.hdf
(0)	Selected track : CAL_LID_L2_05kmAPro-Prov-V3-01.2007-08-31T01-58-50ZN.hdf
