 Copyright (C) 1995-2012 - All Rights Reserved
 University Corporation for Atmospheric Research
 NCAR Command Language Version 6.1.0
 The use of this software is governed by a License Agreement.
 See http://www.ncl.ucar.edu/ for more details.
Mon Apr 29 23:06:19 CDT 2013
(0)	WORKING ON SITES : 1 OF 1
(0)	
=====> Wall Clock Elapsed Time: read_aeronet_data_allpoints.ncl: 2 seconds <=====

(0)	
=====> Wall Clock Elapsed Time: read_modis_aod_aeronet.ncl: 121 seconds <=====

(0)	
=====> Wall Clock Elapsed Time: calculate_aeronet_hourly_average.ncl: 1 seconds <=====

(0)	
=====> Wall Clock Elapsed Time: point_wrfchem_aeronet_daily_interpolate.ncl: 58 seconds <=====

(0)	# OF DAY : 1
(0)	# OF SELECTED PIXEL : 12
(0)	SELECTED HOUR FROM MODIS   : 10
(0)	SELECTED HOUR FROM AERONET : 10
(0)	# OF SELECTED AERONET HOUR : 1
(0)	# OF DAY : 2
(0)	# OF SELECTED PIXEL : 5
(0)	SELECTED HOUR FROM MODIS   : 10
(0)	SELECTED HOUR FROM AERONET : 10
(0)	# OF SELECTED AERONET HOUR : 1
(0)	# OF DAY : 3
(0)	# OF SELECTED PIXEL : 17
(0)	SELECTED HOUR FROM MODIS   : 10
(0)	SELECTED HOUR FROM AERONET : 10
(0)	# OF SELECTED AERONET HOUR : 1
(0)	# OF DAY : 4
(0)	# OF DAY : 5
(0)	# OF SELECTED PIXEL : 20
(0)	SELECTED HOUR FROM MODIS   : 10
(0)	SELECTED HOUR FROM AERONET : 10
(0)	# OF SELECTED AERONET HOUR : 1
(0)	# OF DAY : 6
(0)	# OF SELECTED PIXEL : 3
(0)	SELECTED HOUR FROM MODIS   : 10
(0)	SELECTED HOUR FROM AERONET : 10
(0)	# OF SELECTED AERONET HOUR : 1
(0)	# OF DAY : 7
(0)	# OF SELECTED PIXEL : 9
(0)	SELECTED HOUR FROM MODIS   : 10
(0)	SELECTED HOUR FROM AERONET : 10
(0)	# OF SELECTED AERONET HOUR : 1
(0)	# OF DAY : 8
(0)	# OF SELECTED PIXEL : 9
(0)	SELECTED HOUR FROM MODIS   : 10
(0)	SELECTED HOUR FROM AERONET : 10
(0)	# OF SELECTED AERONET HOUR : 1
(0)	# OF DAY : 9
(0)	# OF SELECTED PIXEL : 8
(0)	SELECTED HOUR FROM MODIS   : 10
(0)	SELECTED HOUR FROM AERONET : 10
(0)	# OF SELECTED AERONET HOUR : 1
(0)	# OF DAY : 10
(0)	# OF SELECTED PIXEL : 14
(0)	SELECTED HOUR FROM MODIS   : 10
(0)	SELECTED HOUR FROM AERONET : 10
(0)	# OF SELECTED AERONET HOUR : 1
(0)	# OF DAY : 11
(0)	# OF SELECTED PIXEL : 5
(0)	SELECTED HOUR FROM MODIS   : 10
(0)	SELECTED HOUR FROM AERONET : 10
(0)	# OF SELECTED AERONET HOUR : 1
(0)	# OF DAY : 12
(0)	# OF SELECTED PIXEL : 19
(0)	SELECTED HOUR FROM MODIS   : 10
(0)	SELECTED HOUR FROM AERONET : 10
(0)	# OF SELECTED AERONET HOUR : 1
(0)	# OF DAY : 13
(0)	# OF DAY : 14
(0)	# OF SELECTED PIXEL : 17
(0)	SELECTED HOUR FROM MODIS   : 10
(0)	SELECTED HOUR FROM AERONET : 10
(0)	# OF SELECTED AERONET HOUR : 1
(0)	# OF DAY : 15
(0)	# OF SELECTED PIXEL : 7
(0)	SELECTED HOUR FROM MODIS   : 10
(0)	SELECTED HOUR FROM AERONET : 10
(0)	# OF SELECTED AERONET HOUR : 1
(0)	# OF DAY : 16
(0)	# OF SELECTED PIXEL : 5
(0)	SELECTED HOUR FROM MODIS   : 10
(0)	SELECTED HOUR FROM AERONET : 10
(0)	# OF SELECTED AERONET HOUR : 1
(0)	# OF DAY : 17
(0)	# OF SELECTED PIXEL : 11
(0)	SELECTED HOUR FROM MODIS   : 10
(0)	SELECTED HOUR FROM AERONET : 10
(0)	# OF SELECTED AERONET HOUR : 1
(0)	# OF DAY : 18
(0)	# OF SELECTED PIXEL : 8
(0)	SELECTED HOUR FROM MODIS   : 10
(0)	SELECTED HOUR FROM AERONET : 10
(0)	# OF SELECTED AERONET HOUR : 1
(0)	# OF DAY : 19
(0)	# OF SELECTED PIXEL : 16
(0)	SELECTED HOUR FROM MODIS   : 10
(0)	SELECTED HOUR FROM AERONET : 10
(0)	# OF SELECTED AERONET HOUR : 1
(0)	# OF DAY : 20
(0)	# OF DAY : 21
(0)	# OF DAY : 22
(0)	# OF DAY : 23
(0)	# OF SELECTED PIXEL : 12
(0)	SELECTED HOUR FROM MODIS   : 10
(0)	SELECTED HOUR FROM AERONET : 10
(0)	# OF SELECTED AERONET HOUR : 1
(0)	# OF DAY : 24
(0)	# OF SELECTED PIXEL : 8
(0)	SELECTED HOUR FROM MODIS   : 10
(0)	SELECTED HOUR FROM AERONET : 10
(0)	# OF SELECTED AERONET HOUR : 1
(0)	# OF DAY : 25
(0)	# OF SELECTED PIXEL : 1
(0)	SELECTED HOUR FROM MODIS   : 10
(0)	SELECTED HOUR FROM AERONET : 10
(0)	# OF SELECTED AERONET HOUR : 1
(0)	# OF DAY : 26
(0)	# OF SELECTED PIXEL : 4
(0)	SELECTED HOUR FROM MODIS   : 10
(0)	SELECTED HOUR FROM AERONET : 10
(0)	# OF SELECTED AERONET HOUR : 1
(0)	# OF DAY : 27
(0)	# OF SELECTED PIXEL : 5
(0)	SELECTED HOUR FROM MODIS   : 10
(0)	SELECTED HOUR FROM AERONET : 10
(0)	# OF SELECTED AERONET HOUR : 1
(0)	# OF DAY : 28
(0)	# OF SELECTED PIXEL : 12
(0)	SELECTED HOUR FROM MODIS   : 10
(0)	SELECTED HOUR FROM AERONET : 10
(0)	# OF SELECTED AERONET HOUR : 1
(0)	# OF DAY : 29
(0)	
=====> Wall Clock Elapsed Time: point_modis_aeronet_daily_hour.ncl: 71 seconds <=====

(0)	FACTOR  = 2
(0)	
=====> Wall Clock Elapsed Time: plot_trend_daily3_wam.ncl: 1 seconds <=====

Mon Apr 29 23:10:35 CDT 2013
