Mon Jul  6 21:43:18 EDT 2015
 Copyright (C) 1995-2015 - All Rights Reserved
 University Corporation for Atmospheric Research
 NCAR Command Language Version 6.3.0
 The use of this software is governed by a License Agreement.
 See http://www.ncl.ucar.edu/ for more details.
(0)	Program Starts at Mon Jul  6 21:43:14 EDT 2015
(0)	-------------------------------------------------
(0)	SEVIRI FILE DOESN'T EXIST = SEV_06-CLD-L2_2008-06-01T06-00-00_V1-03.hdf
(0)	-------------------------------------------------
(0)	SEVIRI FILE DOESN'T EXIST = SEV_06-CLD-L2_2008-06-01T06-15-00_V1-03.hdf
(0)	-------------------------------------------------
(0)	SEVIRI FILE DOESN'T EXIST = SEV_06-CLD-L2_2008-06-01T06-30-00_V1-03.hdf
(0)	-------------------------------------------------
(0)	SEVIRI FILE DOESN'T EXIST = SEV_06-CLD-L2_2008-06-01T06-45-00_V1-03.hdf
(0)	-------------------------------------------------
(0)	SEVIRI FILE DOESN'T EXIST = SEV_06-CLD-L2_2008-06-01T07-00-00_V1-03.hdf
(0)	-------------------------------------------------
(0)	SEVIRI FILE DOESN'T EXIST = SEV_06-CLD-L2_2008-06-01T07-15-00_V1-03.hdf
(0)	-------------------------------------------------
(0)	SEVIRI FILE DOESN'T EXIST = SEV_06-CLD-L2_2008-06-01T07-30-00_V1-03.hdf
(0)	-------------------------------------------------
(0)	SEVIRI FILE DOESN'T EXIST = SEV_06-CLD-L2_2008-06-01T07-45-00_V1-03.hdf
(0)	-------------------------------------------------
(0)	SEVIRI FILE DOESN'T EXIST = SEV_06-CLD-L2_2008-06-01T08-00-00_V1-03.hdf
(0)	-------------------------------------------------
(0)	SEVIRI FILE DOESN'T EXIST = SEV_06-CLD-L2_2008-06-01T08-15-00_V1-03.hdf
(0)	-------------------------------------------------
(0)	SEVIRI FILE DOESN'T EXIST = SEV_06-CLD-L2_2008-06-01T08-30-00_V1-03.hdf
(0)	-------------------------------------------------
(0)	SEVIRI FILE DOESN'T EXIST = SEV_06-CLD-L2_2008-06-01T08-45-00_V1-03.hdf
(0)	-------------------------------------------------
(0)	SEVIRI FILE DOESN'T EXIST = SEV_06-CLD-L2_2008-06-01T09-00-00_V1-03.hdf
(0)	-------------------------------------------------
(0)	SEVIRI FILE DOESN'T EXIST = SEV_06-CLD-L2_2008-06-01T09-15-00_V1-03.hdf
(0)	-------------------------------------------------
(0)	SEVIRI FILE DOESN'T EXIST = SEV_06-CLD-L2_2008-06-01T09-30-00_V1-03.hdf
(0)	-------------------------------------------------
(0)	SEVIRI FILE DOESN'T EXIST = SEV_06-CLD-L2_2008-06-01T09-45-00_V1-03.hdf
(0)	-------------------------------------------------
(0)	SEVIRI FILE DOESN'T EXIST = SEV_06-CLD-L2_2008-06-01T10-00-00_V1-03.hdf
(0)	-------------------------------------------------
(0)	SEVIRI FILE DOESN'T EXIST = SEV_06-CLD-L2_2008-06-01T10-15-00_V1-03.hdf
(0)	-------------------------------------------------
(0)	SEVIRI FILE DOESN'T EXIST = SEV_06-CLD-L2_2008-06-01T10-30-00_V1-03.hdf
(0)	-------------------------------------------------
(0)	SEVIRI FILE DOESN'T EXIST = SEV_06-CLD-L2_2008-06-01T10-45-00_V1-03.hdf
(0)	-------------------------------------------------
(0)	SEVIRI FILE DOESN'T EXIST = SEV_06-CLD-L2_2008-06-01T11-00-00_V1-03.hdf
(0)	-------------------------------------------------
(0)	SEVIRI FILE DOESN'T EXIST = SEV_06-CLD-L2_2008-06-01T11-15-00_V1-03.hdf
(0)	-------------------------------------------------
(0)	SEVIRI FILE DOESN'T EXIST = SEV_06-CLD-L2_2008-06-01T11-30-00_V1-03.hdf
(0)	-------------------------------------------------
(0)	SEVIRI FILE DOESN'T EXIST = SEV_06-CLD-L2_2008-06-01T11-45-00_V1-03.hdf
(0)	-------------------------------------------------
(0)	SEVIRI FILE DOESN'T EXIST = SEV_06-CLD-L2_2008-06-01T12-00-00_V1-03.hdf
(0)	-------------------------------------------------
(0)	SEVIRI FILE DOESN'T EXIST = SEV_06-CLD-L2_2008-06-01T12-15-00_V1-03.hdf
(0)	-------------------------------------------------
(0)	SEVIRI FILE DOESN'T EXIST = SEV_06-CLD-L2_2008-06-01T12-30-00_V1-03.hdf
(0)	-------------------------------------------------
(0)	SEVIRI FILE DOESN'T EXIST = SEV_06-CLD-L2_2008-06-01T12-45-00_V1-03.hdf
(0)	-------------------------------------------------
(0)	SEVIRI FILE DOESN'T EXIST = SEV_06-CLD-L2_2008-06-01T13-00-00_V1-03.hdf
(0)	-------------------------------------------------
(0)	SEVIRI FILE DOESN'T EXIST = SEV_06-CLD-L2_2008-06-01T13-15-00_V1-03.hdf
(0)	-------------------------------------------------
(0)	SEVIRI FILE DOESN'T EXIST = SEV_06-CLD-L2_2008-06-01T13-30-00_V1-03.hdf
(0)	-------------------------------------------------
(0)	SEVIRI FILE DOESN'T EXIST = SEV_06-CLD-L2_2008-06-01T13-45-00_V1-03.hdf
(0)	-------------------------------------------------
(0)	SEVIRI FILE DOESN'T EXIST = SEV_06-CLD-L2_2008-06-01T14-00-00_V1-03.hdf
(0)	-------------------------------------------------
(0)	SEVIRI FILE DOESN'T EXIST = SEV_06-CLD-L2_2008-06-01T14-15-00_V1-03.hdf
(0)	-------------------------------------------------
(0)	SEVIRI FILE DOESN'T EXIST = SEV_06-CLD-L2_2008-06-01T14-30-00_V1-03.hdf
(0)	-------------------------------------------------
(0)	SEVIRI FILE DOESN'T EXIST = SEV_06-CLD-L2_2008-06-01T14-45-00_V1-03.hdf
(0)	-------------------------------------------------
(0)	SEVIRI FILE DOESN'T EXIST = SEV_06-CLD-L2_2008-06-01T15-00-00_V1-03.hdf
(0)	-------------------------------------------------
(0)	SEVIRI FILE DOESN'T EXIST = SEV_06-CLD-L2_2008-06-01T15-15-00_V1-03.hdf
(0)	-------------------------------------------------
(0)	SEVIRI FILE DOESN'T EXIST = SEV_06-CLD-L2_2008-06-01T15-30-00_V1-03.hdf
(0)	-------------------------------------------------
(0)	SEVIRI FILE DOESN'T EXIST = SEV_06-CLD-L2_2008-06-01T15-45-00_V1-03.hdf
(0)	-------------------------------------------------
(0)	SEVIRI FILE DOESN'T EXIST = SEV_06-CLD-L2_2008-06-01T16-00-00_V1-03.hdf
(0)	-------------------------------------------------
(0)	SEVIRI FILE DOESN'T EXIST = SEV_06-CLD-L2_2008-06-01T16-15-00_V1-03.hdf
(0)	-------------------------------------------------
(0)	SEVIRI FILE DOESN'T EXIST = SEV_06-CLD-L2_2008-06-01T16-30-00_V1-03.hdf
(0)	-------------------------------------------------
(0)	SEVIRI FILE DOESN'T EXIST = SEV_06-CLD-L2_2008-06-01T16-45-00_V1-03.hdf
(0)	-------------------------------------------------
(0)	SEVIRI FILE DOESN'T EXIST = SEV_06-CLD-L2_2008-06-01T17-00-00_V1-03.hdf
(0)	-------------------------------------------------
(0)	SEVIRI FILE DOESN'T EXIST = SEV_06-CLD-L2_2008-06-01T17-15-00_V1-03.hdf
(0)	-------------------------------------------------
(0)	SEVIRI FILE DOESN'T EXIST = SEV_06-CLD-L2_2008-06-01T17-30-00_V1-03.hdf
(0)	-------------------------------------------------
(0)	SEVIRI FILE DOESN'T EXIST = SEV_06-CLD-L2_2008-06-01T17-45-00_V1-03.hdf
(0)	-------------------------------------------------
(0)	SEVIRI FILE DOESN'T EXIST = SEV_06-CLD-L2_2008-06-01T18-00-00_V1-03.hdf
(0)	-------------------------------------------------
(0)	SEVIRI FILE DOESN'T EXIST = SEV_06-CLD-L2_2008-06-01T18-15-00_V1-03.hdf
(0)	-------------------------------------------------
(0)	SEVIRI FILE DOESN'T EXIST = SEV_06-CLD-L2_2008-06-01T18-30-00_V1-03.hdf
(0)	-------------------------------------------------
(0)	SEVIRI FILE DOESN'T EXIST = SEV_06-CLD-L2_2008-06-01T18-45-00_V1-03.hdf
(0)	-------------------------------------------------
(0)	SEVIRI FILE DOESN'T EXIST = SEV_06-CLD-L2_2008-06-01T19-00-00_V1-03.hdf
(0)	-------------------------------------------------
(0)	SEVIRI FILE DOESN'T EXIST = SEV_06-CLD-L2_2008-06-01T19-15-00_V1-03.hdf
(0)	-------------------------------------------------
(0)	SEVIRI FILE DOESN'T EXIST = SEV_06-CLD-L2_2008-06-01T19-30-00_V1-03.hdf
(0)	-------------------------------------------------
(0)	SEVIRI FILE DOESN'T EXIST = SEV_06-CLD-L2_2008-06-01T19-45-00_V1-03.hdf
(0)	-------------------------------------------------
(0)	SEVIRI FILE DOESN'T EXIST = SEV_06-CLD-L2_2008-06-01T20-00-00_V1-03.hdf
(0)	Now Processing = SEV_06-CLD-L2_2008-06-01T20-15-00_V1-03.hdf
(0)	^^^^^^^^^^^^^^^^^^^^^^^^^^^^^^^^^^^^^^^^^^^^^^^^^^^^^
(0)	Start to interpolate pixel data to gridded data
(0)	get_src_grid_info: source lat dims = (3712,3712)
(0)	get_src_grid_info: source lon dims = (3712,3712)
(0)	get_src_grid_info: source grid type is 'curvilinear'
(0)	curvilinear_to_SCRIP: calculating grid corners...
(0)	curvilinear_to_SCRIP: no lat values are at the poles, so
(0)	       calculating grid corners using
(0)	       calc_SCRIP_corners_noboundaries...
(0)	calc_SCRIP_corners_noboundaries
(0)	     min/max original lat: -81.2637/81.2637
(0)	     min/max original lon: -81.2005/81.2005
(0)	calc_SCRIP_corners_noboundaries
(0)	     min/max Extlat2d: -81.2637/81.2637
(0)	     min/max Extlon2d: -81.2005/81.2005
(0)	calc_SCRIP_corners_noboundaries
(0)	     min/max ExtGridCenter_lat: -80.2988/80.2988
(0)	     min/max ExtGridCenter_lon: -80.2223/80.2223
(0)	=====> CPU Elapsed Time: curvilinear_to_SCRIP: 10.5314 seconds <=====
(0)	curvilinear_to_SCRIP: calculating grid corners...
(0)	curvilinear_to_SCRIP: no lat values are at the poles, so
(0)	       calculating grid corners using
(0)	       calc_SCRIP_corners_noboundaries...
(0)	calc_SCRIP_corners_noboundaries
(0)	     min/max original lat: -80.125/80.125
(0)	     min/max original lon: -80.125/80.125
(0)	calc_SCRIP_corners_noboundaries
(0)	     min/max Extlat2d: -80.375/80.375
(0)	     min/max Extlon2d: -80.375/80.375
(0)	calc_SCRIP_corners_noboundaries
(0)	     min/max ExtGridCenter_lat: -80.25/80.25
(0)	     min/max ExtGridCenter_lon: -80.25/80.25
(0)	=====> CPU Elapsed Time: latlon_to_SCRIP: 0.32795 seconds <=====
(0)	ESMF_regrid_gen_weights: number of processors used: 1
(0)	--------------------------------------------------
(0)	ESMF_regrid_gen_weights: the following command is about to be executed on the system:
(0)	'ESMF_RegridWeightGen --source source_grid_file.nc --destination destination_grid_file.nc --weight weights_file.nc --method bilinear --src_regional --dst_regional -i'
(0)	--------------------------------------------------
(0)	ESMF_regrid_gen_weights: output from 'ESMF_RegridWeightGen':
(0)	      Starting weight generation with these inputs: 
(1)	        Source File: source_grid_file.nc
(2)	        Destination File: destination_grid_file.nc
(3)	        Weight File: weights_file.nc
(4)	        Source File is in SCRIP format
(5)	        Source Grid is a regional grid
(6)	        Source Grid is a logically rectangular grid
(7)	        Destination File is in SCRIP format
(8)	        Destination Grid is a regional grid
(9)	        Destination Grid is a logically rectangular grid
(10)	        Regrid Method: bilinear
(11)	        Pole option: NONE
(12)	        Ignore unmapped destination points
(13)	        Norm Type: dstarea
(14)	     
(15)	     NetCDF Error: source_grid_file.nc : No such file or directory
(16)	     NetCDF Error: source_grid_file.nc : No such file or directory
(17)	     NetCDF Error: destination_grid_file.nc : No such file or directory
(18)	     NetCDF Error: destination_grid_file.nc : No such file or directory
(19)	     NetCDF Error: Dimension n_a in weights_file.nc : NetCDF: Invalid dimension size
(20)	      ERROR: Problem on processor            0 . Please see the PET*.RegridWeightGen.Log files for a traceback.
(0)	--------------------------------------------------
(0)	ESMF_regrid_gen_weights: 'ESMF_RegridWeightGen' was not successful.
