 Copyright (C) 1995-2012 - All Rights Reserved
 University Corporation for Atmospheric Research
 NCAR Command Language Version 6.1.0
 The use of this software is governed by a License Agreement.
 See http://www.ncl.ucar.edu/ for more details.
(0)	NOW PROCESSING : 2010-01-01wrfem_00to12z_d01
(0)	FLAMBE2010-01-01 1:00
(0)	FINN2010-01-01 1:00
(0)	GFED2010-01-01 1:00
(0)	FEER_SEVIRI2010-01-01 1:00
(0)	GFAS2010-01-01 1:00
(0)	GBBEP2010-01-01 1:00
(0)	FLAMBE2010-01-01 2:00
(0)	FINN2010-01-01 2:00
(0)	GFED2010-01-01 2:00
(0)	FEER_SEVIRI2010-01-01 2:00
(0)	GFAS2010-01-01 2:00
(0)	GBBEP2010-01-01 2:00
(0)	FLAMBE2010-01-01 3:00
(0)	FINN2010-01-01 3:00
(0)	GFED2010-01-01 3:00
(0)	FEER_SEVIRI2010-01-01 3:00
(0)	GFAS2010-01-01 3:00
(0)	GBBEP2010-01-01 3:00
(0)	FLAMBE2010-01-01 4:00
(0)	FINN2010-01-01 4:00
(0)	GFED2010-01-01 4:00
(0)	FEER_SEVIRI2010-01-01 4:00
(0)	GFAS2010-01-01 4:00
(0)	GBBEP2010-01-01 4:00
(0)	FLAMBE2010-01-01 5:00
(0)	FINN2010-01-01 5:00
(0)	GFED2010-01-01 5:00
(0)	FEER_SEVIRI2010-01-01 5:00
(0)	GFAS2010-01-01 5:00
(0)	GBBEP2010-01-01 5:00
(0)	FLAMBE2010-01-01 6:00
(0)	FINN2010-01-01 6:00
(0)	GFED2010-01-01 6:00
(0)	FEER_SEVIRI2010-01-01 6:00
(0)	GFAS2010-01-01 6:00
(0)	GBBEP2010-01-01 6:00
(0)	FLAMBE2010-01-01 7:00
(0)	FINN2010-01-01 7:00
(0)	GFED2010-01-01 7:00
(0)	FEER_SEVIRI2010-01-01 7:00
(0)	GFAS2010-01-01 7:00
(0)	GBBEP2010-01-01 7:00
(0)	FLAMBE2010-01-01 8:00
(0)	FINN2010-01-01 8:00
(0)	GFED2010-01-01 8:00
(0)	FEER_SEVIRI2010-01-01 8:00
(0)	GFAS2010-01-01 8:00
(0)	GBBEP2010-01-01 8:00
(0)	FLAMBE2010-01-01 9:00
(0)	FINN2010-01-01 9:00
(0)	GFED2010-01-01 9:00
(0)	FEER_SEVIRI2010-01-01 9:00
(0)	GFAS2010-01-01 9:00
(0)	GBBEP2010-01-01 9:00
(0)	FLAMBE2010-01-01 10:00
(0)	FINN2010-01-01 10:00
(0)	GFED2010-01-01 10:00
(0)	FEER_SEVIRI2010-01-01 10:00
(0)	GFAS2010-01-01 10:00
(0)	GBBEP2010-01-01 10:00
(0)	FLAMBE2010-01-01 11:00
(0)	FINN2010-01-01 11:00
(0)	GFED2010-01-01 11:00
(0)	FEER_SEVIRI2010-01-01 11:00
(0)	GFAS2010-01-01 11:00
(0)	GBBEP2010-01-01 11:00
(0)	FLAMBE2010-01-01 12:00
(0)	FINN2010-01-01 12:00
(0)	GFED2010-01-01 12:00
(0)	FEER_SEVIRI2010-01-01 12:00
(0)	GFAS2010-01-01 12:00
(0)	GBBEP2010-01-01 12:00
(0)	FLAMBE2010-01-01 13:00
(0)	FINN2010-01-01 13:00
(0)	GFED2010-01-01 13:00
(0)	FEER_SEVIRI2010-01-01 13:00
(0)	GFAS2010-01-01 13:00
(0)	GBBEP2010-01-01 13:00
(0)	FLAMBE2010-01-01 14:00
(0)	FINN2010-01-01 14:00
(0)	GFED2010-01-01 14:00
(0)	FEER_SEVIRI2010-01-01 14:00
(0)	GFAS2010-01-01 14:00
(0)	GBBEP2010-01-01 14:00
(0)	FLAMBE2010-01-01 15:00
(0)	FINN2010-01-01 15:00
(0)	GFED2010-01-01 15:00
(0)	FEER_SEVIRI2010-01-01 15:00
(0)	GFAS2010-01-01 15:00
(0)	GBBEP2010-01-01 15:00
(0)	FLAMBE2010-01-01 16:00
(0)	FINN2010-01-01 16:00
(0)	GFED2010-01-01 16:00
(0)	FEER_SEVIRI2010-01-01 16:00
(0)	GFAS2010-01-01 16:00
(0)	GBBEP2010-01-01 16:00
(0)	FLAMBE2010-01-01 17:00
(0)	FINN2010-01-01 17:00
(0)	GFED2010-01-01 17:00
(0)	FEER_SEVIRI2010-01-01 17:00
(0)	GFAS2010-01-01 17:00
(0)	GBBEP2010-01-01 17:00
(0)	FLAMBE2010-01-01 18:00
(0)	FINN2010-01-01 18:00
(0)	GFED2010-01-01 18:00
(0)	FEER_SEVIRI2010-01-01 18:00
(0)	GFAS2010-01-01 18:00
(0)	GBBEP2010-01-01 18:00
(0)	FLAMBE2010-01-01 19:00
(0)	FINN2010-01-01 19:00
(0)	GFED2010-01-01 19:00
(0)	FEER_SEVIRI2010-01-01 19:00
(0)	GFAS2010-01-01 19:00
(0)	GBBEP2010-01-01 19:00
(0)	FLAMBE2010-01-01 20:00
(0)	FINN2010-01-01 20:00
(0)	GFED2010-01-01 20:00
(0)	FEER_SEVIRI2010-01-01 20:00
(0)	GFAS2010-01-01 20:00
(0)	GBBEP2010-01-01 20:00
(0)	FLAMBE2010-01-01 21:00
(0)	FINN2010-01-01 21:00
(0)	GFED2010-01-01 21:00
(0)	FEER_SEVIRI2010-01-01 21:00
(0)	GFAS2010-01-01 21:00
(0)	GBBEP2010-01-01 21:00
(0)	FLAMBE2010-01-01 22:00
(0)	FINN2010-01-01 22:00
(0)	GFED2010-01-01 22:00
(0)	FEER_SEVIRI2010-01-01 22:00
(0)	GFAS2010-01-01 22:00
(0)	GBBEP2010-01-01 22:00
(0)	FLAMBE2010-01-01 23:00
(0)	FINN2010-01-01 23:00
(0)	GFED2010-01-01 23:00
(0)	FEER_SEVIRI2010-01-01 23:00
(0)	GFAS2010-01-01 23:00
(0)	GBBEP2010-01-01 23:00
(0)	FLAMBE2010-01-01 24:00
(0)	FINN2010-01-01 24:00
(0)	GFED2010-01-01 24:00
(0)	FEER_SEVIRI2010-01-01 24:00
(0)	GFAS2010-01-01 24:00
(0)	GBBEP2010-01-01 24:00
(0)	
=====> Wall Clock Elapsed Time: write_smoke_daily.ncl: 0 seconds <=====

(0)	
=====> Wall Clock Elapsed Time: write_smoke_daily.ncl: 0 seconds <=====

(0)	
=====> Wall Clock Elapsed Time: write_smoke_daily.ncl: 0 seconds <=====

(0)	
=====> Wall Clock Elapsed Time: write_smoke_daily.ncl: 0 seconds <=====

(0)	
=====> Wall Clock Elapsed Time: write_smoke_daily.ncl: 0 seconds <=====

(0)	
=====> Wall Clock Elapsed Time: write_smoke_daily.ncl: 0 seconds <=====

(0)	NOW PROCESSING : 2010-01-02wrfem_00to12z_d01
(0)	FLAMBE2010-01-02 1:00
(0)	FINN2010-01-02 1:00
(0)	GFED2010-01-02 1:00
(0)	FEER_SEVIRI2010-01-02 1:00
(0)	GFAS2010-01-02 1:00
(0)	GBBEP2010-01-02 1:00
(0)	FLAMBE2010-01-02 2:00
(0)	FINN2010-01-02 2:00
(0)	GFED2010-01-02 2:00
(0)	FEER_SEVIRI2010-01-02 2:00
(0)	GFAS2010-01-02 2:00
(0)	GBBEP2010-01-02 2:00
(0)	FLAMBE2010-01-02 3:00
(0)	FINN2010-01-02 3:00
(0)	GFED2010-01-02 3:00
(0)	FEER_SEVIRI2010-01-02 3:00
(0)	GFAS2010-01-02 3:00
(0)	GBBEP2010-01-02 3:00
(0)	FLAMBE2010-01-02 4:00
(0)	FINN2010-01-02 4:00
(0)	GFED2010-01-02 4:00
(0)	FEER_SEVIRI2010-01-02 4:00
(0)	GFAS2010-01-02 4:00
(0)	GBBEP2010-01-02 4:00
(0)	FLAMBE2010-01-02 5:00
(0)	FINN2010-01-02 5:00
(0)	GFED2010-01-02 5:00
(0)	FEER_SEVIRI2010-01-02 5:00
(0)	GFAS2010-01-02 5:00
(0)	GBBEP2010-01-02 5:00
(0)	FLAMBE2010-01-02 6:00
(0)	FINN2010-01-02 6:00
(0)	GFED2010-01-02 6:00
(0)	FEER_SEVIRI2010-01-02 6:00
(0)	GFAS2010-01-02 6:00
(0)	GBBEP2010-01-02 6:00
(0)	FLAMBE2010-01-02 7:00
(0)	FINN2010-01-02 7:00
(0)	GFED2010-01-02 7:00
(0)	FEER_SEVIRI2010-01-02 7:00
(0)	GFAS2010-01-02 7:00
(0)	GBBEP2010-01-02 7:00
(0)	FLAMBE2010-01-02 8:00
(0)	FINN2010-01-02 8:00
(0)	GFED2010-01-02 8:00
(0)	FEER_SEVIRI2010-01-02 8:00
(0)	GFAS2010-01-02 8:00
(0)	GBBEP2010-01-02 8:00
(0)	FLAMBE2010-01-02 9:00
(0)	FINN2010-01-02 9:00
(0)	GFED2010-01-02 9:00
(0)	FEER_SEVIRI2010-01-02 9:00
(0)	GFAS2010-01-02 9:00
(0)	GBBEP2010-01-02 9:00
(0)	FLAMBE2010-01-02 10:00
(0)	FINN2010-01-02 10:00
(0)	GFED2010-01-02 10:00
(0)	FEER_SEVIRI2010-01-02 10:00
(0)	GFAS2010-01-02 10:00
(0)	GBBEP2010-01-02 10:00
(0)	FLAMBE2010-01-02 11:00
(0)	FINN2010-01-02 11:00
(0)	GFED2010-01-02 11:00
(0)	FEER_SEVIRI2010-01-02 11:00
(0)	GFAS2010-01-02 11:00
(0)	GBBEP2010-01-02 11:00
(0)	FLAMBE2010-01-02 12:00
(0)	FINN2010-01-02 12:00
(0)	GFED2010-01-02 12:00
(0)	FEER_SEVIRI2010-01-02 12:00
(0)	GFAS2010-01-02 12:00
(0)	GBBEP2010-01-02 12:00
(0)	FLAMBE2010-01-02 13:00
(0)	FINN2010-01-02 13:00
(0)	GFED2010-01-02 13:00
(0)	FEER_SEVIRI2010-01-02 13:00
(0)	GFAS2010-01-02 13:00
(0)	GBBEP2010-01-02 13:00
(0)	FLAMBE2010-01-02 14:00
(0)	FINN2010-01-02 14:00
(0)	GFED2010-01-02 14:00
(0)	FEER_SEVIRI2010-01-02 14:00
(0)	GFAS2010-01-02 14:00
(0)	GBBEP2010-01-02 14:00
(0)	FLAMBE2010-01-02 15:00
(0)	FINN2010-01-02 15:00
(0)	GFED2010-01-02 15:00
(0)	FEER_SEVIRI2010-01-02 15:00
(0)	GFAS2010-01-02 15:00
(0)	GBBEP2010-01-02 15:00
(0)	FLAMBE2010-01-02 16:00
(0)	FINN2010-01-02 16:00
(0)	GFED2010-01-02 16:00
(0)	FEER_SEVIRI2010-01-02 16:00
(0)	GFAS2010-01-02 16:00
(0)	GBBEP2010-01-02 16:00
(0)	FLAMBE2010-01-02 17:00
(0)	FINN2010-01-02 17:00
(0)	GFED2010-01-02 17:00
(0)	FEER_SEVIRI2010-01-02 17:00
(0)	GFAS2010-01-02 17:00
(0)	GBBEP2010-01-02 17:00
(0)	FLAMBE2010-01-02 18:00
(0)	FINN2010-01-02 18:00
(0)	GFED2010-01-02 18:00
(0)	FEER_SEVIRI2010-01-02 18:00
(0)	GFAS2010-01-02 18:00
(0)	GBBEP2010-01-02 18:00
(0)	FLAMBE2010-01-02 19:00
(0)	FINN2010-01-02 19:00
(0)	GFED2010-01-02 19:00
(0)	FEER_SEVIRI2010-01-02 19:00
(0)	GFAS2010-01-02 19:00
(0)	GBBEP2010-01-02 19:00
(0)	FLAMBE2010-01-02 20:00
(0)	FINN2010-01-02 20:00
(0)	GFED2010-01-02 20:00
(0)	FEER_SEVIRI2010-01-02 20:00
(0)	GFAS2010-01-02 20:00
(0)	GBBEP2010-01-02 20:00
(0)	FLAMBE2010-01-02 21:00
(0)	FINN2010-01-02 21:00
(0)	GFED2010-01-02 21:00
(0)	FEER_SEVIRI2010-01-02 21:00
(0)	GFAS2010-01-02 21:00
(0)	GBBEP2010-01-02 21:00
(0)	FLAMBE2010-01-02 22:00
(0)	FINN2010-01-02 22:00
(0)	GFED2010-01-02 22:00
(0)	FEER_SEVIRI2010-01-02 22:00
(0)	GFAS2010-01-02 22:00
(0)	GBBEP2010-01-02 22:00
(0)	FLAMBE2010-01-02 23:00
(0)	FINN2010-01-02 23:00
(0)	GFED2010-01-02 23:00
(0)	FEER_SEVIRI2010-01-02 23:00
(0)	GFAS2010-01-02 23:00
(0)	GBBEP2010-01-02 23:00
(0)	FLAMBE2010-01-02 24:00
(0)	FINN2010-01-02 24:00
(0)	GFED2010-01-02 24:00
(0)	FEER_SEVIRI2010-01-02 24:00
(0)	GFAS2010-01-02 24:00
(0)	GBBEP2010-01-02 24:00
(0)	
=====> Wall Clock Elapsed Time: write_smoke_daily.ncl: 0 seconds <=====

(0)	
=====> Wall Clock Elapsed Time: write_smoke_daily.ncl: 0 seconds <=====

(0)	
=====> Wall Clock Elapsed Time: write_smoke_daily.ncl: 0 seconds <=====

(0)	
=====> Wall Clock Elapsed Time: write_smoke_daily.ncl: 0 seconds <=====

(0)	
=====> Wall Clock Elapsed Time: write_smoke_daily.ncl: 0 seconds <=====

(0)	
=====> Wall Clock Elapsed Time: write_smoke_daily.ncl: 1 seconds <=====

(0)	
=====> Wall Clock Elapsed Time: write_smoke_monthly.ncl: 0 seconds <=====

(0)	
=====> Wall Clock Elapsed Time: write_smoke_monthly.ncl: 0 seconds <=====

(0)	
=====> Wall Clock Elapsed Time: write_smoke_monthly.ncl: 0 seconds <=====

(0)	
=====> Wall Clock Elapsed Time: write_smoke_monthly.ncl: 0 seconds <=====

(0)	
=====> Wall Clock Elapsed Time: write_smoke_monthly.ncl: 0 seconds <=====

(0)	
=====> Wall Clock Elapsed Time: write_smoke_monthly.ncl: 0 seconds <=====

(0)	
=====> Wall Clock Elapsed Time: write_emission.ncl: 352 seconds <=====

