 Copyright (C) 1995-2012 - All Rights Reserved
 University Corporation for Atmospheric Research
 NCAR Command Language Version 6.1.0
 The use of this software is governed by a License Agreement.
 See http://www.ncl.ucar.edu/ for more details.
Tue Mar 26 09:31:40 CDT 2013
(0)	DATE : 2008-2-1
(0)	NOW READING MODIS FILE : MYD04_L2.A2008032.1015.051.2009109185530.hdf
(0)	NOW READING MODIS FILE : MYD04_L2.A2008032.1020.051.2009109185216.hdf
(0)	NOW READING MODIS FILE : MYD04_L2.A2008032.1025.051.2009109185055.hdf
(0)	NOW READING MODIS FILE : MYD04_L2.A2008032.1150.051.2009109190600.hdf
(0)	NOW READING MODIS FILE : MYD04_L2.A2008032.1155.051.2009109191154.hdf
(0)	NOW READING MODIS FILE : MYD04_L2.A2008032.1200.051.2009109190443.hdf
(0)	NOW READING MODIS FILE : MYD04_L2.A2008032.1205.051.2009109185759.hdf
(0)	NOW READING MODIS FILE : MYD04_L2.A2008032.1330.051.2009109191650.hdf
(0)	NOW READING MODIS FILE : MYD04_L2.A2008032.1335.051.2009109190814.hdf
(0)	NOW READING MODIS FILE : MYD04_L2.A2008032.1340.051.2009109192102.hdf
(0)	NOW READING MODIS FILE : MYD04_L2.A2008032.1345.051.2009109191348.hdf
(0)	NOW READING MODIS FILE : MYD04_L2.A2008032.1510.051.2009109192333.hdf
(0)	NOW READING MODIS FILE : MYD04_L2.A2008032.1515.051.2009109192518.hdf
(0)	NOW READING MODIS FILE : MYD04_L2.A2008032.1520.051.2009109192520.hdf
(0)	NOW READING MODIS FILE : MYD04_L2.A2008032.1525.051.2009109191645.hdf
(0)	NOW READING MODIS FILE : MYD04_L2.A2008032.1015.051.2009109185530.hdf
(0)	NOW READING MODIS FILE : MYD04_L2.A2008032.1020.051.2009109185216.hdf
(0)	NOW READING MODIS FILE : MYD04_L2.A2008032.1025.051.2009109185055.hdf
(0)	NOW READING MODIS FILE : MYD04_L2.A2008032.1150.051.2009109190600.hdf
(0)	NOW READING MODIS FILE : MYD04_L2.A2008032.1155.051.2009109191154.hdf
(0)	NOW READING MODIS FILE : MYD04_L2.A2008032.1200.051.2009109190443.hdf
(0)	NOW READING MODIS FILE : MYD04_L2.A2008032.1205.051.2009109185759.hdf
(0)	NOW READING MODIS FILE : MYD04_L2.A2008032.1330.051.2009109191650.hdf
(0)	NOW READING MODIS FILE : MYD04_L2.A2008032.1335.051.2009109190814.hdf
(0)	NOW READING MODIS FILE : MYD04_L2.A2008032.1340.051.2009109192102.hdf
(0)	NOW READING MODIS FILE : MYD04_L2.A2008032.1345.051.2009109191348.hdf
(0)	NOW READING MODIS FILE : MYD04_L2.A2008032.1510.051.2009109192333.hdf
(0)	NOW READING MODIS FILE : MYD04_L2.A2008032.1515.051.2009109192518.hdf
(0)	NOW READING MODIS FILE : MYD04_L2.A2008032.1520.051.2009109192520.hdf
(0)	NOW READING MODIS FILE : MYD04_L2.A2008032.1525.051.2009109191645.hdf
Tue Mar 26 10:39:40 CDT 2013
(0)	DATE : 2008-2-2
(0)	NOW READING MODIS FILE : MYD04_L2.A2008033.0930.051.2009109205726.hdf
(0)	NOW READING MODIS FILE : MYD04_L2.A2008033.1055.051.2009109204413.hdf
(0)	NOW READING MODIS FILE : MYD04_L2.A2008033.1100.051.2009109204836.hdf
(0)	NOW READING MODIS FILE : MYD04_L2.A2008033.1105.051.2009109204908.hdf
(0)	NOW READING MODIS FILE : MYD04_L2.A2008033.1110.051.2009109204505.hdf
(0)	NOW READING MODIS FILE : MYD04_L2.A2008033.1235.051.2009110000025.hdf
(0)	NOW READING MODIS FILE : MYD04_L2.A2008033.1240.051.2009109205124.hdf
(0)	NOW READING MODIS FILE : MYD04_L2.A2008033.1245.051.2009110000241.hdf
(0)	NOW READING MODIS FILE : MYD04_L2.A2008033.1250.051.2009109204623.hdf
(0)	NOW READING MODIS FILE : MYD04_L2.A2008033.1415.051.2009109205527.hdf
(0)	NOW READING MODIS FILE : MYD04_L2.A2008033.1420.051.2009109205601.hdf
(0)	NOW READING MODIS FILE : MYD04_L2.A2008033.1425.051.2009109205824.hdf
(0)	NOW READING MODIS FILE : MYD04_L2.A2008033.1550.051.2009109210932.hdf
(0)	NOW READING MODIS FILE : MYD04_L2.A2008033.1555.051.2009109205803.hdf
(0)	NOW READING MODIS FILE : MYD04_L2.A2008033.0930.051.2009109205726.hdf
(0)	NOW READING MODIS FILE : MYD04_L2.A2008033.1055.051.2009109204413.hdf
(0)	NOW READING MODIS FILE : MYD04_L2.A2008033.1100.051.2009109204836.hdf
(0)	NOW READING MODIS FILE : MYD04_L2.A2008033.1105.051.2009109204908.hdf
(0)	NOW READING MODIS FILE : MYD04_L2.A2008033.1110.051.2009109204505.hdf
(0)	NOW READING MODIS FILE : MYD04_L2.A2008033.1235.051.2009110000025.hdf
(0)	NOW READING MODIS FILE : MYD04_L2.A2008033.1240.051.2009109205124.hdf
(0)	NOW READING MODIS FILE : MYD04_L2.A2008033.1245.051.2009110000241.hdf
(0)	NOW READING MODIS FILE : MYD04_L2.A2008033.1250.051.2009109204623.hdf
(0)	NOW READING MODIS FILE : MYD04_L2.A2008033.1415.051.2009109205527.hdf
(0)	NOW READING MODIS FILE : MYD04_L2.A2008033.1420.051.2009109205601.hdf
(0)	NOW READING MODIS FILE : MYD04_L2.A2008033.1425.051.2009109205824.hdf
(0)	NOW READING MODIS FILE : MYD04_L2.A2008033.1550.051.2009109210932.hdf
(0)	NOW READING MODIS FILE : MYD04_L2.A2008033.1555.051.2009109205803.hdf
Tue Mar 26 11:07:13 CDT 2013
(0)	DATE : 2008-2-3
(0)	NOW READING MODIS FILE : MYD04_L2.A2008034.1000.051.2009110003201.hdf
(0)	NOW READING MODIS FILE : MYD04_L2.A2008034.1005.051.2009110011458.hdf
(0)	NOW READING MODIS FILE : MYD04_L2.A2008034.1010.051.2009109232057.hdf
(0)	NOW READING MODIS FILE : MYD04_L2.A2008034.1015.051.2009109225133.hdf
(0)	NOW READING MODIS FILE : MYD04_L2.A2008034.1140.051.2009109225814.hdf
(0)	NOW READING MODIS FILE : MYD04_L2.A2008034.1145.051.2009109230150.hdf
(0)	NOW READING MODIS FILE : MYD04_L2.A2008034.1150.051.2009109230635.hdf
(0)	NOW READING MODIS FILE : MYD04_L2.A2008034.1155.051.2009109231138.hdf
(0)	NOW READING MODIS FILE : MYD04_L2.A2008034.1315.051.2009109230957.hdf
(0)	NOW READING MODIS FILE : MYD04_L2.A2008034.1320.051.2009109224132.hdf
(0)	NOW READING MODIS FILE : MYD04_L2.A2008034.1325.051.2009109225840.hdf
(0)	NOW READING MODIS FILE : MYD04_L2.A2008034.1330.051.2009109224832.hdf
(0)	NOW READING MODIS FILE : MYD04_L2.A2008034.1455.051.2009109223601.hdf
(0)	NOW READING MODIS FILE : MYD04_L2.A2008034.1500.051.2009109223533.hdf
(0)	NOW READING MODIS FILE : MYD04_L2.A2008034.1505.051.2009109223315.hdf
(0)	NOW READING MODIS FILE : MYD04_L2.A2008034.1510.051.2009109224853.hdf
(0)	NOW READING MODIS FILE : MYD04_L2.A2008034.1000.051.2009110003201.hdf
(0)	NOW READING MODIS FILE : MYD04_L2.A2008034.1005.051.2009110011458.hdf
(0)	NOW READING MODIS FILE : MYD04_L2.A2008034.1010.051.2009109232057.hdf
(0)	NOW READING MODIS FILE : MYD04_L2.A2008034.1015.051.2009109225133.hdf
(0)	NOW READING MODIS FILE : MYD04_L2.A2008034.1140.051.2009109225814.hdf
(0)	NOW READING MODIS FILE : MYD04_L2.A2008034.1145.051.2009109230150.hdf
(0)	NOW READING MODIS FILE : MYD04_L2.A2008034.1150.051.2009109230635.hdf
(0)	NOW READING MODIS FILE : MYD04_L2.A2008034.1155.051.2009109231138.hdf
(0)	NOW READING MODIS FILE : MYD04_L2.A2008034.1315.051.2009109230957.hdf
(0)	NOW READING MODIS FILE : MYD04_L2.A2008034.1320.051.2009109224132.hdf
(0)	NOW READING MODIS FILE : MYD04_L2.A2008034.1325.051.2009109225840.hdf
(0)	NOW READING MODIS FILE : MYD04_L2.A2008034.1330.051.2009109224832.hdf
(0)	NOW READING MODIS FILE : MYD04_L2.A2008034.1455.051.2009109223601.hdf
(0)	NOW READING MODIS FILE : MYD04_L2.A2008034.1500.051.2009109223533.hdf
(0)	NOW READING MODIS FILE : MYD04_L2.A2008034.1505.051.2009109223315.hdf
(0)	NOW READING MODIS FILE : MYD04_L2.A2008034.1510.051.2009109224853.hdf
Tue Mar 26 11:26:51 CDT 2013
(0)	DATE : 2008-2-4
(0)	NOW READING MODIS FILE : MYD04_L2.A2008035.0920.051.2009109224259.hdf
(0)	NOW READING MODIS FILE : MYD04_L2.A2008035.1045.051.2009109232149.hdf
(0)	NOW READING MODIS FILE : MYD04_L2.A2008035.1050.051.2009109224210.hdf
(0)	NOW READING MODIS FILE : MYD04_L2.A2008035.1055.051.2009109231830.hdf
(0)	NOW READING MODIS FILE : MYD04_L2.A2008035.1100.051.2009109224801.hdf
(0)	NOW READING MODIS FILE : MYD04_L2.A2008035.1220.051.2009110003548.hdf
(0)	NOW READING MODIS FILE : MYD04_L2.A2008035.1225.051.2009110011015.hdf
(0)	NOW READING MODIS FILE : MYD04_L2.A2008035.1230.051.2009110003336.hdf
(0)	NOW READING MODIS FILE : MYD04_L2.A2008035.1235.051.2009110003418.hdf
(0)	NOW READING MODIS FILE : MYD04_L2.A2008035.1400.051.2009110010947.hdf
(0)	NOW READING MODIS FILE : MYD04_L2.A2008035.1405.051.2009110004559.hdf
(0)	NOW READING MODIS FILE : MYD04_L2.A2008035.1410.051.2009110011052.hdf
(0)	NOW READING MODIS FILE : MYD04_L2.A2008035.1415.051.2009110004704.hdf
(0)	NOW READING MODIS FILE : MYD04_L2.A2008035.1540.051.2009110005037.hdf
(0)	NOW READING MODIS FILE : MYD04_L2.A2008035.1545.051.2009110004554.hdf
(0)	NOW READING MODIS FILE : MYD04_L2.A2008035.1550.051.2009110005040.hdf
(0)	NOW READING MODIS FILE : MYD04_L2.A2008035.0920.051.2009109224259.hdf
(0)	NOW READING MODIS FILE : MYD04_L2.A2008035.1045.051.2009109232149.hdf
(0)	NOW READING MODIS FILE : MYD04_L2.A2008035.1050.051.2009109224210.hdf
(0)	NOW READING MODIS FILE : MYD04_L2.A2008035.1055.051.2009109231830.hdf
(0)	NOW READING MODIS FILE : MYD04_L2.A2008035.1100.051.2009109224801.hdf
(0)	NOW READING MODIS FILE : MYD04_L2.A2008035.1220.051.2009110003548.hdf
(0)	NOW READING MODIS FILE : MYD04_L2.A2008035.1225.051.2009110011015.hdf
(0)	NOW READING MODIS FILE : MYD04_L2.A2008035.1230.051.2009110003336.hdf
(0)	NOW READING MODIS FILE : MYD04_L2.A2008035.1235.051.2009110003418.hdf
(0)	NOW READING MODIS FILE : MYD04_L2.A2008035.1400.051.2009110010947.hdf
(0)	NOW READING MODIS FILE : MYD04_L2.A2008035.1405.051.2009110004559.hdf
(0)	NOW READING MODIS FILE : MYD04_L2.A2008035.1410.051.2009110011052.hdf
(0)	NOW READING MODIS FILE : MYD04_L2.A2008035.1415.051.2009110004704.hdf
(0)	NOW READING MODIS FILE : MYD04_L2.A2008035.1540.051.2009110005037.hdf
(0)	NOW READING MODIS FILE : MYD04_L2.A2008035.1545.051.2009110004554.hdf
(0)	NOW READING MODIS FILE : MYD04_L2.A2008035.1550.051.2009110005040.hdf
Tue Mar 26 11:56:49 CDT 2013
(0)	DATE : 2008-2-5
(0)	NOW READING MODIS FILE : MYD04_L2.A2008036.0950.051.2009110095517.hdf
(0)	NOW READING MODIS FILE : MYD04_L2.A2008036.0955.051.2009110100148.hdf
(0)	NOW READING MODIS FILE : MYD04_L2.A2008036.1000.051.2009110101641.hdf
(0)	NOW READING MODIS FILE : MYD04_L2.A2008036.1125.051.2009110100349.hdf
(0)	NOW READING MODIS FILE : MYD04_L2.A2008036.1130.051.2009110102041.hdf
(0)	NOW READING MODIS FILE : MYD04_L2.A2008036.1135.051.2009110100320.hdf
(0)	NOW READING MODIS FILE : MYD04_L2.A2008036.1140.051.2009110101534.hdf
(0)	NOW READING MODIS FILE : MYD04_L2.A2008036.1305.051.2009110100411.hdf
(0)	NOW READING MODIS FILE : MYD04_L2.A2008036.1310.051.2009110095955.hdf
(0)	NOW READING MODIS FILE : MYD04_L2.A2008036.1315.051.2009110100258.hdf
(0)	NOW READING MODIS FILE : MYD04_L2.A2008036.1320.051.2009110100136.hdf
(0)	NOW READING MODIS FILE : MYD04_L2.A2008036.1445.051.2009110100937.hdf
(0)	NOW READING MODIS FILE : MYD04_L2.A2008036.1450.051.2009110101416.hdf
(0)	NOW READING MODIS FILE : MYD04_L2.A2008036.1455.051.2009110100705.hdf
(0)	NOW READING MODIS FILE : MYD04_L2.A2008036.1500.051.2009110100529.hdf
(0)	NOW READING MODIS FILE : MYD04_L2.A2008036.0950.051.2009110095517.hdf
(0)	NOW READING MODIS FILE : MYD04_L2.A2008036.0955.051.2009110100148.hdf
(0)	NOW READING MODIS FILE : MYD04_L2.A2008036.1000.051.2009110101641.hdf
(0)	NOW READING MODIS FILE : MYD04_L2.A2008036.1125.051.2009110100349.hdf
(0)	NOW READING MODIS FILE : MYD04_L2.A2008036.1130.051.2009110102041.hdf
(0)	NOW READING MODIS FILE : MYD04_L2.A2008036.1135.051.2009110100320.hdf
(0)	NOW READING MODIS FILE : MYD04_L2.A2008036.1140.051.2009110101534.hdf
(0)	NOW READING MODIS FILE : MYD04_L2.A2008036.1305.051.2009110100411.hdf
(0)	NOW READING MODIS FILE : MYD04_L2.A2008036.1310.051.2009110095955.hdf
(0)	NOW READING MODIS FILE : MYD04_L2.A2008036.1315.051.2009110100258.hdf
(0)	NOW READING MODIS FILE : MYD04_L2.A2008036.1320.051.2009110100136.hdf
(0)	NOW READING MODIS FILE : MYD04_L2.A2008036.1445.051.2009110100937.hdf
(0)	NOW READING MODIS FILE : MYD04_L2.A2008036.1450.051.2009110101416.hdf
(0)	NOW READING MODIS FILE : MYD04_L2.A2008036.1455.051.2009110100705.hdf
(0)	NOW READING MODIS FILE : MYD04_L2.A2008036.1500.051.2009110100529.hdf
Tue Mar 26 12:15:11 CDT 2013
(0)	DATE : 2008-2-6
(0)	NOW READING MODIS FILE : MYD04_L2.A2008037.1030.051.2009110105336.hdf
(0)	NOW READING MODIS FILE : MYD04_L2.A2008037.1035.051.2009110105149.hdf
(0)	NOW READING MODIS FILE : MYD04_L2.A2008037.1040.051.2009110104924.hdf
(0)	NOW READING MODIS FILE : MYD04_L2.A2008037.1045.051.2009110105136.hdf
(0)	NOW READING MODIS FILE : MYD04_L2.A2008037.1210.051.2009110105819.hdf
(0)	NOW READING MODIS FILE : MYD04_L2.A2008037.1215.051.2009110110104.hdf
(0)	NOW READING MODIS FILE : MYD04_L2.A2008037.1220.051.2009110105345.hdf
(0)	NOW READING MODIS FILE : MYD04_L2.A2008037.1225.051.2009110105423.hdf
(0)	NOW READING MODIS FILE : MYD04_L2.A2008037.1350.051.2009110110625.hdf
(0)	NOW READING MODIS FILE : MYD04_L2.A2008037.1355.051.2009110060642.hdf
(0)	NOW READING MODIS FILE : MYD04_L2.A2008037.1400.051.2009110105954.hdf
(0)	NOW READING MODIS FILE : MYD04_L2.A2008037.1405.051.2009110110023.hdf
(0)	NOW READING MODIS FILE : MYD04_L2.A2008037.1525.051.2009110105525.hdf
(0)	NOW READING MODIS FILE : MYD04_L2.A2008037.1530.051.2009110110717.hdf
(0)	NOW READING MODIS FILE : MYD04_L2.A2008037.1535.051.2009110055953.hdf
(0)	NOW READING MODIS FILE : MYD04_L2.A2008037.1540.051.2009110110802.hdf
(0)	NOW READING MODIS FILE : MYD04_L2.A2008037.1030.051.2009110105336.hdf
(0)	NOW READING MODIS FILE : MYD04_L2.A2008037.1035.051.2009110105149.hdf
(0)	NOW READING MODIS FILE : MYD04_L2.A2008037.1040.051.2009110104924.hdf
(0)	NOW READING MODIS FILE : MYD04_L2.A2008037.1045.051.2009110105136.hdf
(0)	NOW READING MODIS FILE : MYD04_L2.A2008037.1210.051.2009110105819.hdf
(0)	NOW READING MODIS FILE : MYD04_L2.A2008037.1215.051.2009110110104.hdf
(0)	NOW READING MODIS FILE : MYD04_L2.A2008037.1220.051.2009110105345.hdf
(0)	NOW READING MODIS FILE : MYD04_L2.A2008037.1225.051.2009110105423.hdf
(0)	NOW READING MODIS FILE : MYD04_L2.A2008037.1350.051.2009110110625.hdf
(0)	NOW READING MODIS FILE : MYD04_L2.A2008037.1355.051.2009110060642.hdf
(0)	NOW READING MODIS FILE : MYD04_L2.A2008037.1400.051.2009110105954.hdf
(0)	NOW READING MODIS FILE : MYD04_L2.A2008037.1405.051.2009110110023.hdf
(0)	NOW READING MODIS FILE : MYD04_L2.A2008037.1525.051.2009110105525.hdf
(0)	NOW READING MODIS FILE : MYD04_L2.A2008037.1530.051.2009110110717.hdf
(0)	NOW READING MODIS FILE : MYD04_L2.A2008037.1535.051.2009110055953.hdf
(0)	NOW READING MODIS FILE : MYD04_L2.A2008037.1540.051.2009110110802.hdf
Tue Mar 26 12:34:20 CDT 2013
(0)	DATE : 2008-2-7
(0)	NOW READING MODIS FILE : MYD04_L2.A2008038.0945.051.2009110062226.hdf
(0)	NOW READING MODIS FILE : MYD04_L2.A2008038.0950.051.2009110060556.hdf
(0)	NOW READING MODIS FILE : MYD04_L2.A2008038.1115.051.2009110062723.hdf
(0)	NOW READING MODIS FILE : MYD04_L2.A2008038.1120.051.2009110061650.hdf
(0)	NOW READING MODIS FILE : MYD04_L2.A2008038.1125.051.2009110055849.hdf
(0)	NOW READING MODIS FILE : MYD04_L2.A2008038.1130.051.2009110055715.hdf
(0)	NOW READING MODIS FILE : MYD04_L2.A2008038.1255.051.2009110055849.hdf
(0)	NOW READING MODIS FILE : MYD04_L2.A2008038.1300.051.2009110060846.hdf
(0)	NOW READING MODIS FILE : MYD04_L2.A2008038.1305.051.2009110062747.hdf
(0)	NOW READING MODIS FILE : MYD04_L2.A2008038.1310.051.2009110065851.hdf
(0)	NOW READING MODIS FILE : MYD04_L2.A2008038.1430.051.2009110061859.hdf
(0)	NOW READING MODIS FILE : MYD04_L2.A2008038.1435.051.2009110062406.hdf
(0)	NOW READING MODIS FILE : MYD04_L2.A2008038.1440.051.2009110061158.hdf
(0)	NOW READING MODIS FILE : MYD04_L2.A2008038.1445.051.2009110062419.hdf
(0)	NOW READING MODIS FILE : MYD04_L2.A2008038.0945.051.2009110062226.hdf
(0)	NOW READING MODIS FILE : MYD04_L2.A2008038.0950.051.2009110060556.hdf
(0)	NOW READING MODIS FILE : MYD04_L2.A2008038.1115.051.2009110062723.hdf
(0)	NOW READING MODIS FILE : MYD04_L2.A2008038.1120.051.2009110061650.hdf
(0)	NOW READING MODIS FILE : MYD04_L2.A2008038.1125.051.2009110055849.hdf
(0)	NOW READING MODIS FILE : MYD04_L2.A2008038.1130.051.2009110055715.hdf
(0)	NOW READING MODIS FILE : MYD04_L2.A2008038.1255.051.2009110055849.hdf
(0)	NOW READING MODIS FILE : MYD04_L2.A2008038.1300.051.2009110060846.hdf
(0)	NOW READING MODIS FILE : MYD04_L2.A2008038.1305.051.2009110062747.hdf
(0)	NOW READING MODIS FILE : MYD04_L2.A2008038.1310.051.2009110065851.hdf
(0)	NOW READING MODIS FILE : MYD04_L2.A2008038.1430.051.2009110061859.hdf
(0)	NOW READING MODIS FILE : MYD04_L2.A2008038.1435.051.2009110062406.hdf
(0)	NOW READING MODIS FILE : MYD04_L2.A2008038.1440.051.2009110061158.hdf
(0)	NOW READING MODIS FILE : MYD04_L2.A2008038.1445.051.2009110062419.hdf
Tue Mar 26 12:54:14 CDT 2013
(0)	DATE : 2008-2-8
(0)	NOW READING MODIS FILE : MYD04_L2.A2008039.1020.051.2009110123130.hdf
(0)	NOW READING MODIS FILE : MYD04_L2.A2008039.1025.051.2009110122733.hdf
(0)	NOW READING MODIS FILE : MYD04_L2.A2008039.1030.051.2009110123305.hdf
(0)	NOW READING MODIS FILE : MYD04_L2.A2008039.1035.051.2009110122602.hdf
(0)	NOW READING MODIS FILE : MYD04_L2.A2008039.1155.051.2009110123316.hdf
(0)	NOW READING MODIS FILE : MYD04_L2.A2008039.1200.051.2009110123317.hdf
(0)	NOW READING MODIS FILE : MYD04_L2.A2008039.1205.051.2009120050809.hdf
(0)	NOW READING MODIS FILE : MYD04_L2.A2008039.1210.051.2009120050749.hdf
(0)	NOW READING MODIS FILE : MYD04_L2.A2008039.1335.051.2009110123413.hdf
(0)	NOW READING MODIS FILE : MYD04_L2.A2008039.1340.051.2009120050542.hdf
(0)	NOW READING MODIS FILE : MYD04_L2.A2008039.1345.051.2009110123053.hdf
(0)	NOW READING MODIS FILE : MYD04_L2.A2008039.1350.051.2009110122727.hdf
(0)	NOW READING MODIS FILE : MYD04_L2.A2008039.1515.051.2009110124716.hdf
(0)	NOW READING MODIS FILE : MYD04_L2.A2008039.1520.051.2009120050743.hdf
(0)	NOW READING MODIS FILE : MYD04_L2.A2008039.1525.051.2009110122702.hdf
(0)	NOW READING MODIS FILE : MYD04_L2.A2008039.1530.051.2009120052856.hdf
(0)	NOW READING MODIS FILE : MYD04_L2.A2008039.1020.051.2009110123130.hdf
(0)	NOW READING MODIS FILE : MYD04_L2.A2008039.1025.051.2009110122733.hdf
(0)	NOW READING MODIS FILE : MYD04_L2.A2008039.1030.051.2009110123305.hdf
(0)	NOW READING MODIS FILE : MYD04_L2.A2008039.1035.051.2009110122602.hdf
(0)	NOW READING MODIS FILE : MYD04_L2.A2008039.1155.051.2009110123316.hdf
(0)	NOW READING MODIS FILE : MYD04_L2.A2008039.1200.051.2009110123317.hdf
(0)	NOW READING MODIS FILE : MYD04_L2.A2008039.1205.051.2009120050809.hdf
(0)	NOW READING MODIS FILE : MYD04_L2.A2008039.1210.051.2009120050749.hdf
(0)	NOW READING MODIS FILE : MYD04_L2.A2008039.1335.051.2009110123413.hdf
(0)	NOW READING MODIS FILE : MYD04_L2.A2008039.1340.051.2009120050542.hdf
(0)	NOW READING MODIS FILE : MYD04_L2.A2008039.1345.051.2009110123053.hdf
(0)	NOW READING MODIS FILE : MYD04_L2.A2008039.1350.051.2009110122727.hdf
(0)	NOW READING MODIS FILE : MYD04_L2.A2008039.1515.051.2009110124716.hdf
(0)	NOW READING MODIS FILE : MYD04_L2.A2008039.1520.051.2009120050743.hdf
(0)	NOW READING MODIS FILE : MYD04_L2.A2008039.1525.051.2009110122702.hdf
(0)	NOW READING MODIS FILE : MYD04_L2.A2008039.1530.051.2009120052856.hdf
Tue Mar 26 13:21:13 CDT 2013
(0)	DATE : 2008-2-9
(0)	NOW READING MODIS FILE : MYD04_L2.A2008040.0935.051.2009110072913.hdf
(0)	NOW READING MODIS FILE : MYD04_L2.A2008040.0940.051.2009110074650.hdf
(0)	NOW READING MODIS FILE : MYD04_L2.A2008040.1100.051.2009110074723.hdf
(0)	NOW READING MODIS FILE : MYD04_L2.A2008040.1105.051.2009110074441.hdf
(0)	NOW READING MODIS FILE : MYD04_L2.A2008040.1110.051.2009110074554.hdf
(0)	NOW READING MODIS FILE : MYD04_L2.A2008040.1115.051.2009110074006.hdf
(0)	NOW READING MODIS FILE : MYD04_L2.A2008040.1240.051.2009110073248.hdf
(0)	NOW READING MODIS FILE : MYD04_L2.A2008040.1245.051.2009110073538.hdf
(0)	NOW READING MODIS FILE : MYD04_L2.A2008040.1250.051.2009110080241.hdf
(0)	NOW READING MODIS FILE : MYD04_L2.A2008040.1255.051.2009110082017.hdf
(0)	NOW READING MODIS FILE : MYD04_L2.A2008040.1420.051.2009110093720.hdf
(0)	NOW READING MODIS FILE : MYD04_L2.A2008040.1425.051.2009110073504.hdf
(0)	NOW READING MODIS FILE : MYD04_L2.A2008040.1430.051.2009110080336.hdf
(0)	NOW READING MODIS FILE : MYD04_L2.A2008040.1435.051.2009110075249.hdf
(0)	NOW READING MODIS FILE : MYD04_L2.A2008040.1600.051.2009110075545.hdf
(0)	NOW READING MODIS FILE : MYD04_L2.A2008040.0935.051.2009110072913.hdf
(0)	NOW READING MODIS FILE : MYD04_L2.A2008040.0940.051.2009110074650.hdf
(0)	NOW READING MODIS FILE : MYD04_L2.A2008040.1100.051.2009110074723.hdf
(0)	NOW READING MODIS FILE : MYD04_L2.A2008040.1105.051.2009110074441.hdf
(0)	NOW READING MODIS FILE : MYD04_L2.A2008040.1110.051.2009110074554.hdf
(0)	NOW READING MODIS FILE : MYD04_L2.A2008040.1115.051.2009110074006.hdf
(0)	NOW READING MODIS FILE : MYD04_L2.A2008040.1240.051.2009110073248.hdf
(0)	NOW READING MODIS FILE : MYD04_L2.A2008040.1245.051.2009110073538.hdf
(0)	NOW READING MODIS FILE : MYD04_L2.A2008040.1250.051.2009110080241.hdf
(0)	NOW READING MODIS FILE : MYD04_L2.A2008040.1255.051.2009110082017.hdf
(0)	NOW READING MODIS FILE : MYD04_L2.A2008040.1420.051.2009110093720.hdf
(0)	NOW READING MODIS FILE : MYD04_L2.A2008040.1425.051.2009110073504.hdf
(0)	NOW READING MODIS FILE : MYD04_L2.A2008040.1430.051.2009110080336.hdf
(0)	NOW READING MODIS FILE : MYD04_L2.A2008040.1435.051.2009110075249.hdf
(0)	NOW READING MODIS FILE : MYD04_L2.A2008040.1600.051.2009110075545.hdf
Tue Mar 26 13:40:43 CDT 2013
(0)	DATE : 2008-2-10
(0)	NOW READING MODIS FILE : MYD04_L2.A2008041.1005.051.2009110083717.hdf
(0)	NOW READING MODIS FILE : MYD04_L2.A2008041.1010.051.2009110084557.hdf
(0)	NOW READING MODIS FILE : MYD04_L2.A2008041.1015.051.2009110084854.hdf
(0)	NOW READING MODIS FILE : MYD04_L2.A2008041.1020.051.2009110084001.hdf
(0)	NOW READING MODIS FILE : MYD04_L2.A2008041.1145.051.2009110084947.hdf
(0)	NOW READING MODIS FILE : MYD04_L2.A2008041.1150.051.2009110091510.hdf
(0)	NOW READING MODIS FILE : MYD04_L2.A2008041.1155.051.2009110085932.hdf
(0)	NOW READING MODIS FILE : MYD04_L2.A2008041.1200.051.2009110085918.hdf
(0)	NOW READING MODIS FILE : MYD04_L2.A2008041.1325.051.2009110115301.hdf
(0)	NOW READING MODIS FILE : MYD04_L2.A2008041.1330.051.2009110115300.hdf
(0)	NOW READING MODIS FILE : MYD04_L2.A2008041.1335.051.2009110085609.hdf
(0)	NOW READING MODIS FILE : MYD04_L2.A2008041.1340.051.2009110084806.hdf
(0)	NOW READING MODIS FILE : MYD04_L2.A2008041.1500.051.2009110091351.hdf
(0)	NOW READING MODIS FILE : MYD04_L2.A2008041.1505.051.2009110093648.hdf
(0)	NOW READING MODIS FILE : MYD04_L2.A2008041.1510.051.2009110091312.hdf
(0)	NOW READING MODIS FILE : MYD04_L2.A2008041.1515.051.2009110092011.hdf
(0)	NOW READING MODIS FILE : MYD04_L2.A2008041.1005.051.2009110083717.hdf
(0)	NOW READING MODIS FILE : MYD04_L2.A2008041.1010.051.2009110084557.hdf
(0)	NOW READING MODIS FILE : MYD04_L2.A2008041.1015.051.2009110084854.hdf
(0)	NOW READING MODIS FILE : MYD04_L2.A2008041.1020.051.2009110084001.hdf
(0)	NOW READING MODIS FILE : MYD04_L2.A2008041.1145.051.2009110084947.hdf
(0)	NOW READING MODIS FILE : MYD04_L2.A2008041.1150.051.2009110091510.hdf
(0)	NOW READING MODIS FILE : MYD04_L2.A2008041.1155.051.2009110085932.hdf
(0)	NOW READING MODIS FILE : MYD04_L2.A2008041.1200.051.2009110085918.hdf
(0)	NOW READING MODIS FILE : MYD04_L2.A2008041.1325.051.2009110115301.hdf
(0)	NOW READING MODIS FILE : MYD04_L2.A2008041.1330.051.2009110115300.hdf
(0)	NOW READING MODIS FILE : MYD04_L2.A2008041.1335.051.2009110085609.hdf
(0)	NOW READING MODIS FILE : MYD04_L2.A2008041.1340.051.2009110084806.hdf
(0)	NOW READING MODIS FILE : MYD04_L2.A2008041.1500.051.2009110091351.hdf
(0)	NOW READING MODIS FILE : MYD04_L2.A2008041.1505.051.2009110093648.hdf
(0)	NOW READING MODIS FILE : MYD04_L2.A2008041.1510.051.2009110091312.hdf
(0)	NOW READING MODIS FILE : MYD04_L2.A2008041.1515.051.2009110092011.hdf
Tue Mar 26 14:58:41 CDT 2013
(0)	DATE : 2008-2-11
(0)	NOW READING MODIS FILE : MYD04_L2.A2008042.0925.051.2009110112936.hdf
(0)	NOW READING MODIS FILE : MYD04_L2.A2008042.1050.051.2009110111049.hdf
(0)	NOW READING MODIS FILE : MYD04_L2.A2008042.1055.051.2009120051241.hdf
(0)	NOW READING MODIS FILE : MYD04_L2.A2008042.1100.051.2009120053717.hdf
(0)	NOW READING MODIS FILE : MYD04_L2.A2008042.1105.051.2009120050828.hdf
(0)	NOW READING MODIS FILE : MYD04_L2.A2008042.1230.051.2009120052754.hdf
(0)	NOW READING MODIS FILE : MYD04_L2.A2008042.1235.051.2009110111641.hdf
(0)	NOW READING MODIS FILE : MYD04_L2.A2008042.1240.051.2009110111541.hdf
(0)	NOW READING MODIS FILE : MYD04_L2.A2008042.1245.051.2009120051958.hdf
(0)	NOW READING MODIS FILE : MYD04_L2.A2008042.1405.051.2009120051351.hdf
(0)	NOW READING MODIS FILE : MYD04_L2.A2008042.1410.051.2009120053006.hdf
(0)	NOW READING MODIS FILE : MYD04_L2.A2008042.1415.051.2009120051822.hdf
(0)	NOW READING MODIS FILE : MYD04_L2.A2008042.1420.051.2009120052346.hdf
(0)	NOW READING MODIS FILE : MYD04_L2.A2008042.1545.051.2009120051801.hdf
(0)	NOW READING MODIS FILE : MYD04_L2.A2008042.1550.051.2009120053523.hdf
(0)	NOW READING MODIS FILE : MYD04_L2.A2008042.0925.051.2009110112936.hdf
(0)	NOW READING MODIS FILE : MYD04_L2.A2008042.1050.051.2009110111049.hdf
(0)	NOW READING MODIS FILE : MYD04_L2.A2008042.1055.051.2009120051241.hdf
(0)	NOW READING MODIS FILE : MYD04_L2.A2008042.1100.051.2009120053717.hdf
(0)	NOW READING MODIS FILE : MYD04_L2.A2008042.1105.051.2009120050828.hdf
(0)	NOW READING MODIS FILE : MYD04_L2.A2008042.1230.051.2009120052754.hdf
(0)	NOW READING MODIS FILE : MYD04_L2.A2008042.1235.051.2009110111641.hdf
(0)	NOW READING MODIS FILE : MYD04_L2.A2008042.1240.051.2009110111541.hdf
(0)	NOW READING MODIS FILE : MYD04_L2.A2008042.1245.051.2009120051958.hdf
(0)	NOW READING MODIS FILE : MYD04_L2.A2008042.1405.051.2009120051351.hdf
(0)	NOW READING MODIS FILE : MYD04_L2.A2008042.1410.051.2009120053006.hdf
(0)	NOW READING MODIS FILE : MYD04_L2.A2008042.1415.051.2009120051822.hdf
(0)	NOW READING MODIS FILE : MYD04_L2.A2008042.1420.051.2009120052346.hdf
(0)	NOW READING MODIS FILE : MYD04_L2.A2008042.1545.051.2009120051801.hdf
(0)	NOW READING MODIS FILE : MYD04_L2.A2008042.1550.051.2009120053523.hdf
Tue Mar 26 15:18:07 CDT 2013
(0)	DATE : 2008-2-12
(0)	NOW READING MODIS FILE : MYD04_L2.A2008043.0955.051.2009120054014.hdf
(0)	NOW READING MODIS FILE : MYD04_L2.A2008043.1000.051.2009119222535.hdf
(0)	NOW READING MODIS FILE : MYD04_L2.A2008043.1005.051.2009120055232.hdf
(0)	NOW READING MODIS FILE : MYD04_L2.A2008043.1010.051.2009120053705.hdf
(0)	NOW READING MODIS FILE : MYD04_L2.A2008043.1130.051.2009119213508.hdf
(0)	NOW READING MODIS FILE : MYD04_L2.A2008043.1135.051.2009119214439.hdf
(0)	NOW READING MODIS FILE : MYD04_L2.A2008043.1140.051.2009120054234.hdf
(0)	NOW READING MODIS FILE : MYD04_L2.A2008043.1145.051.2009119221555.hdf
(0)	NOW READING MODIS FILE : MYD04_L2.A2008043.1310.051.2009110113913.hdf
(0)	NOW READING MODIS FILE : MYD04_L2.A2008043.1315.051.2009110113359.hdf
(0)	NOW READING MODIS FILE : MYD04_L2.A2008043.1320.051.2009110113550.hdf
(0)	NOW READING MODIS FILE : MYD04_L2.A2008043.1325.051.2009110115214.hdf
(0)	NOW READING MODIS FILE : MYD04_L2.A2008043.1450.051.2009110114022.hdf
(0)	NOW READING MODIS FILE : MYD04_L2.A2008043.1455.051.2009110114112.hdf
(0)	NOW READING MODIS FILE : MYD04_L2.A2008043.1500.051.2009110113517.hdf
(0)	NOW READING MODIS FILE : MYD04_L2.A2008043.1505.051.2009110113920.hdf
(0)	NOW READING MODIS FILE : MYD04_L2.A2008043.0955.051.2009120054014.hdf
(0)	NOW READING MODIS FILE : MYD04_L2.A2008043.1000.051.2009119222535.hdf
(0)	NOW READING MODIS FILE : MYD04_L2.A2008043.1005.051.2009120055232.hdf
(0)	NOW READING MODIS FILE : MYD04_L2.A2008043.1010.051.2009120053705.hdf
(0)	NOW READING MODIS FILE : MYD04_L2.A2008043.1130.051.2009119213508.hdf
(0)	NOW READING MODIS FILE : MYD04_L2.A2008043.1135.051.2009119214439.hdf
(0)	NOW READING MODIS FILE : MYD04_L2.A2008043.1140.051.2009120054234.hdf
(0)	NOW READING MODIS FILE : MYD04_L2.A2008043.1145.051.2009119221555.hdf
(0)	NOW READING MODIS FILE : MYD04_L2.A2008043.1310.051.2009110113913.hdf
(0)	NOW READING MODIS FILE : MYD04_L2.A2008043.1315.051.2009110113359.hdf
(0)	NOW READING MODIS FILE : MYD04_L2.A2008043.1320.051.2009110113550.hdf
(0)	NOW READING MODIS FILE : MYD04_L2.A2008043.1325.051.2009110115214.hdf
(0)	NOW READING MODIS FILE : MYD04_L2.A2008043.1450.051.2009110114022.hdf
(0)	NOW READING MODIS FILE : MYD04_L2.A2008043.1455.051.2009110114112.hdf
(0)	NOW READING MODIS FILE : MYD04_L2.A2008043.1500.051.2009110113517.hdf
(0)	NOW READING MODIS FILE : MYD04_L2.A2008043.1505.051.2009110113920.hdf
Tue Mar 26 15:49:16 CDT 2013
(0)	DATE : 2008-2-13
(0)	NOW READING MODIS FILE : MYD04_L2.A2008044.1035.051.2009110122900.hdf
(0)	NOW READING MODIS FILE : MYD04_L2.A2008044.1040.051.2009110121320.hdf
(0)	NOW READING MODIS FILE : MYD04_L2.A2008044.1045.051.2009110121022.hdf
(0)	NOW READING MODIS FILE : MYD04_L2.A2008044.1050.051.2009110120937.hdf
(0)	NOW READING MODIS FILE : MYD04_L2.A2008044.1215.051.2009110113757.hdf
(0)	NOW READING MODIS FILE : MYD04_L2.A2008044.1220.051.2009110113604.hdf
(0)	NOW READING MODIS FILE : MYD04_L2.A2008044.1225.051.2009110115638.hdf
(0)	NOW READING MODIS FILE : MYD04_L2.A2008044.1230.051.2009110120614.hdf
(0)	NOW READING MODIS FILE : MYD04_L2.A2008044.1355.051.2009120054828.hdf
(0)	NOW READING MODIS FILE : MYD04_L2.A2008044.1400.051.2009120060713.hdf
(0)	NOW READING MODIS FILE : MYD04_L2.A2008044.1405.051.2009120061131.hdf
(0)	NOW READING MODIS FILE : MYD04_L2.A2008044.1410.051.2009120063258.hdf
(0)	NOW READING MODIS FILE : MYD04_L2.A2008044.1535.051.2009120060356.hdf
(0)	NOW READING MODIS FILE : MYD04_L2.A2008044.1540.051.2009120060448.hdf
(0)	NOW READING MODIS FILE : MYD04_L2.A2008044.1545.051.2009120060536.hdf
(0)	NOW READING MODIS FILE : MYD04_L2.A2008044.1035.051.2009110122900.hdf
(0)	NOW READING MODIS FILE : MYD04_L2.A2008044.1040.051.2009110121320.hdf
(0)	NOW READING MODIS FILE : MYD04_L2.A2008044.1045.051.2009110121022.hdf
(0)	NOW READING MODIS FILE : MYD04_L2.A2008044.1050.051.2009110120937.hdf
(0)	NOW READING MODIS FILE : MYD04_L2.A2008044.1215.051.2009110113757.hdf
(0)	NOW READING MODIS FILE : MYD04_L2.A2008044.1220.051.2009110113604.hdf
(0)	NOW READING MODIS FILE : MYD04_L2.A2008044.1225.051.2009110115638.hdf
(0)	NOW READING MODIS FILE : MYD04_L2.A2008044.1230.051.2009110120614.hdf
(0)	NOW READING MODIS FILE : MYD04_L2.A2008044.1355.051.2009120054828.hdf
(0)	NOW READING MODIS FILE : MYD04_L2.A2008044.1400.051.2009120060713.hdf
(0)	NOW READING MODIS FILE : MYD04_L2.A2008044.1405.051.2009120061131.hdf
(0)	NOW READING MODIS FILE : MYD04_L2.A2008044.1410.051.2009120063258.hdf
(0)	NOW READING MODIS FILE : MYD04_L2.A2008044.1535.051.2009120060356.hdf
(0)	NOW READING MODIS FILE : MYD04_L2.A2008044.1540.051.2009120060448.hdf
(0)	NOW READING MODIS FILE : MYD04_L2.A2008044.1545.051.2009120060536.hdf
Tue Mar 26 16:08:08 CDT 2013
(0)	DATE : 2008-2-14
(0)	NOW READING MODIS FILE : MYD04_L2.A2008045.0945.051.2009119214259.hdf
(0)	NOW READING MODIS FILE : MYD04_L2.A2008045.0950.051.2009119232813.hdf
(0)	NOW READING MODIS FILE : MYD04_L2.A2008045.0955.051.2009119214552.hdf
(0)	NOW READING MODIS FILE : MYD04_L2.A2008045.1120.051.2009119215410.hdf
(0)	NOW READING MODIS FILE : MYD04_L2.A2008045.1125.051.2009119214110.hdf
(0)	NOW READING MODIS FILE : MYD04_L2.A2008045.1130.051.2009119223858.hdf
(0)	NOW READING MODIS FILE : MYD04_L2.A2008045.1135.051.2009119214746.hdf
(0)	NOW READING MODIS FILE : MYD04_L2.A2008045.1300.051.2009119215740.hdf
(0)	NOW READING MODIS FILE : MYD04_L2.A2008045.1305.051.2009119222702.hdf
(0)	NOW READING MODIS FILE : MYD04_L2.A2008045.1310.051.2009119232348.hdf
(0)	NOW READING MODIS FILE : MYD04_L2.A2008045.1315.051.2009119214609.hdf
(0)	NOW READING MODIS FILE : MYD04_L2.A2008045.1440.051.2009119222307.hdf
(0)	NOW READING MODIS FILE : MYD04_L2.A2008045.1445.051.2009119234729.hdf
(0)	NOW READING MODIS FILE : MYD04_L2.A2008045.1450.051.2009119223332.hdf
(0)	NOW READING MODIS FILE : MYD04_L2.A2008045.0945.051.2009119214259.hdf
(0)	NOW READING MODIS FILE : MYD04_L2.A2008045.0950.051.2009119232813.hdf
(0)	NOW READING MODIS FILE : MYD04_L2.A2008045.0955.051.2009119214552.hdf
(0)	NOW READING MODIS FILE : MYD04_L2.A2008045.1120.051.2009119215410.hdf
(0)	NOW READING MODIS FILE : MYD04_L2.A2008045.1125.051.2009119214110.hdf
(0)	NOW READING MODIS FILE : MYD04_L2.A2008045.1130.051.2009119223858.hdf
(0)	NOW READING MODIS FILE : MYD04_L2.A2008045.1135.051.2009119214746.hdf
(0)	NOW READING MODIS FILE : MYD04_L2.A2008045.1300.051.2009119215740.hdf
(0)	NOW READING MODIS FILE : MYD04_L2.A2008045.1305.051.2009119222702.hdf
(0)	NOW READING MODIS FILE : MYD04_L2.A2008045.1310.051.2009119232348.hdf
(0)	NOW READING MODIS FILE : MYD04_L2.A2008045.1315.051.2009119214609.hdf
(0)	NOW READING MODIS FILE : MYD04_L2.A2008045.1440.051.2009119222307.hdf
(0)	NOW READING MODIS FILE : MYD04_L2.A2008045.1445.051.2009119234729.hdf
(0)	NOW READING MODIS FILE : MYD04_L2.A2008045.1450.051.2009119223332.hdf
Tue Mar 26 16:27:11 CDT 2013
(0)	DATE : 2008-2-15
(0)	NOW READING MODIS FILE : MYD04_L2.A2008046.1025.051.2009120000518.hdf
(0)	NOW READING MODIS FILE : MYD04_L2.A2008046.1030.051.2009120004558.hdf
(0)	NOW READING MODIS FILE : MYD04_L2.A2008046.1035.051.2009120002108.hdf
(0)	NOW READING MODIS FILE : MYD04_L2.A2008046.1040.051.2009120021402.hdf
(0)	NOW READING MODIS FILE : MYD04_L2.A2008046.1205.051.2009120000715.hdf
(0)	NOW READING MODIS FILE : MYD04_L2.A2008046.1210.051.2009120002513.hdf
(0)	NOW READING MODIS FILE : MYD04_L2.A2008046.1215.051.2009120005953.hdf
(0)	NOW READING MODIS FILE : MYD04_L2.A2008046.1220.051.2009120022440.hdf
(0)	NOW READING MODIS FILE : MYD04_L2.A2008046.1340.051.2009120004031.hdf
(0)	NOW READING MODIS FILE : MYD04_L2.A2008046.1345.051.2009120004413.hdf
(0)	NOW READING MODIS FILE : MYD04_L2.A2008046.1350.051.2009120005409.hdf
(0)	NOW READING MODIS FILE : MYD04_L2.A2008046.1355.051.2009120005439.hdf
(0)	NOW READING MODIS FILE : MYD04_L2.A2008046.1520.051.2009120014244.hdf
(0)	NOW READING MODIS FILE : MYD04_L2.A2008046.1525.051.2009120022641.hdf
(0)	NOW READING MODIS FILE : MYD04_L2.A2008046.1530.051.2009120022813.hdf
(0)	NOW READING MODIS FILE : MYD04_L2.A2008046.1535.051.2009120022706.hdf
(0)	NOW READING MODIS FILE : MYD04_L2.A2008046.1025.051.2009120000518.hdf
(0)	NOW READING MODIS FILE : MYD04_L2.A2008046.1030.051.2009120004558.hdf
(0)	NOW READING MODIS FILE : MYD04_L2.A2008046.1035.051.2009120002108.hdf
(0)	NOW READING MODIS FILE : MYD04_L2.A2008046.1040.051.2009120021402.hdf
(0)	NOW READING MODIS FILE : MYD04_L2.A2008046.1205.051.2009120000715.hdf
(0)	NOW READING MODIS FILE : MYD04_L2.A2008046.1210.051.2009120002513.hdf
(0)	NOW READING MODIS FILE : MYD04_L2.A2008046.1215.051.2009120005953.hdf
(0)	NOW READING MODIS FILE : MYD04_L2.A2008046.1220.051.2009120022440.hdf
(0)	NOW READING MODIS FILE : MYD04_L2.A2008046.1340.051.2009120004031.hdf
(0)	NOW READING MODIS FILE : MYD04_L2.A2008046.1345.051.2009120004413.hdf
(0)	NOW READING MODIS FILE : MYD04_L2.A2008046.1350.051.2009120005409.hdf
(0)	NOW READING MODIS FILE : MYD04_L2.A2008046.1355.051.2009120005439.hdf
(0)	NOW READING MODIS FILE : MYD04_L2.A2008046.1520.051.2009120014244.hdf
(0)	NOW READING MODIS FILE : MYD04_L2.A2008046.1525.051.2009120022641.hdf
(0)	NOW READING MODIS FILE : MYD04_L2.A2008046.1530.051.2009120022813.hdf
(0)	NOW READING MODIS FILE : MYD04_L2.A2008046.1535.051.2009120022706.hdf
Tue Mar 26 16:46:51 CDT 2013
(0)	DATE : 2008-2-16
(0)	NOW READING MODIS FILE : MYD04_L2.A2008047.0940.051.2009120042434.hdf
(0)	NOW READING MODIS FILE : MYD04_L2.A2008047.0945.051.2009120042418.hdf
(0)	NOW READING MODIS FILE : MYD04_L2.A2008047.1110.051.2009120042408.hdf
(0)	NOW READING MODIS FILE : MYD04_L2.A2008047.1115.051.2009120042815.hdf
(0)	NOW READING MODIS FILE : MYD04_L2.A2008047.1120.051.2009120060246.hdf
(0)	NOW READING MODIS FILE : MYD04_L2.A2008047.1125.051.2009120042752.hdf
(0)	NOW READING MODIS FILE : MYD04_L2.A2008047.1245.051.2009120044105.hdf
(0)	NOW READING MODIS FILE : MYD04_L2.A2008047.1250.051.2009120045502.hdf
(0)	NOW READING MODIS FILE : MYD04_L2.A2008047.1255.051.2009120094350.hdf
(0)	NOW READING MODIS FILE : MYD04_L2.A2008047.1300.051.2009120043815.hdf
(0)	NOW READING MODIS FILE : MYD04_L2.A2008047.1425.051.2009120045711.hdf
(0)	NOW READING MODIS FILE : MYD04_L2.A2008047.1430.051.2009120092504.hdf
(0)	NOW READING MODIS FILE : MYD04_L2.A2008047.1435.051.2009120044210.hdf
(0)	NOW READING MODIS FILE : MYD04_L2.A2008047.1440.051.2009120043913.hdf
(0)	NOW READING MODIS FILE : MYD04_L2.A2008047.1605.051.2009120050043.hdf
(0)	NOW READING MODIS FILE : MYD04_L2.A2008047.0940.051.2009120042434.hdf
(0)	NOW READING MODIS FILE : MYD04_L2.A2008047.0945.051.2009120042418.hdf
(0)	NOW READING MODIS FILE : MYD04_L2.A2008047.1110.051.2009120042408.hdf
(0)	NOW READING MODIS FILE : MYD04_L2.A2008047.1115.051.2009120042815.hdf
(0)	NOW READING MODIS FILE : MYD04_L2.A2008047.1120.051.2009120060246.hdf
(0)	NOW READING MODIS FILE : MYD04_L2.A2008047.1125.051.2009120042752.hdf
(0)	NOW READING MODIS FILE : MYD04_L2.A2008047.1245.051.2009120044105.hdf
(0)	NOW READING MODIS FILE : MYD04_L2.A2008047.1250.051.2009120045502.hdf
(0)	NOW READING MODIS FILE : MYD04_L2.A2008047.1255.051.2009120094350.hdf
(0)	NOW READING MODIS FILE : MYD04_L2.A2008047.1300.051.2009120043815.hdf
(0)	NOW READING MODIS FILE : MYD04_L2.A2008047.1425.051.2009120045711.hdf
(0)	NOW READING MODIS FILE : MYD04_L2.A2008047.1430.051.2009120092504.hdf
(0)	NOW READING MODIS FILE : MYD04_L2.A2008047.1435.051.2009120044210.hdf
(0)	NOW READING MODIS FILE : MYD04_L2.A2008047.1440.051.2009120043913.hdf
(0)	NOW READING MODIS FILE : MYD04_L2.A2008047.1605.051.2009120050043.hdf
Tue Mar 26 18:19:59 CDT 2013
(0)	DATE : 2008-2-17
(0)	NOW READING MODIS FILE : MYD04_L2.A2008048.1015.051.2009120074807.hdf
(0)	NOW READING MODIS FILE : MYD04_L2.A2008048.1020.051.2009120080906.hdf
(0)	NOW READING MODIS FILE : MYD04_L2.A2008048.1025.051.2009120074516.hdf
(0)	NOW READING MODIS FILE : MYD04_L2.A2008048.1150.051.2009120074812.hdf
(0)	NOW READING MODIS FILE : MYD04_L2.A2008048.1155.051.2009120074103.hdf
(0)	NOW READING MODIS FILE : MYD04_L2.A2008048.1200.051.2009120075651.hdf
(0)	NOW READING MODIS FILE : MYD04_L2.A2008048.1205.051.2009120075954.hdf
(0)	NOW READING MODIS FILE : MYD04_L2.A2008048.1330.051.2009120074700.hdf
(0)	NOW READING MODIS FILE : MYD04_L2.A2008048.1335.051.2009120075621.hdf
(0)	NOW READING MODIS FILE : MYD04_L2.A2008048.1340.051.2009120081115.hdf
(0)	NOW READING MODIS FILE : MYD04_L2.A2008048.1345.051.2009120074228.hdf
(0)	NOW READING MODIS FILE : MYD04_L2.A2008048.1510.051.2009120074753.hdf
(0)	NOW READING MODIS FILE : MYD04_L2.A2008048.1515.051.2009120074526.hdf
(0)	NOW READING MODIS FILE : MYD04_L2.A2008048.1520.051.2009120075111.hdf
(0)	NOW READING MODIS FILE : MYD04_L2.A2008048.1525.051.2009120075846.hdf
(0)	NOW READING MODIS FILE : MYD04_L2.A2008048.1015.051.2009120074807.hdf
(0)	NOW READING MODIS FILE : MYD04_L2.A2008048.1020.051.2009120080906.hdf
(0)	NOW READING MODIS FILE : MYD04_L2.A2008048.1025.051.2009120074516.hdf
(0)	NOW READING MODIS FILE : MYD04_L2.A2008048.1150.051.2009120074812.hdf
(0)	NOW READING MODIS FILE : MYD04_L2.A2008048.1155.051.2009120074103.hdf
(0)	NOW READING MODIS FILE : MYD04_L2.A2008048.1200.051.2009120075651.hdf
(0)	NOW READING MODIS FILE : MYD04_L2.A2008048.1205.051.2009120075954.hdf
(0)	NOW READING MODIS FILE : MYD04_L2.A2008048.1330.051.2009120074700.hdf
(0)	NOW READING MODIS FILE : MYD04_L2.A2008048.1335.051.2009120075621.hdf
(0)	NOW READING MODIS FILE : MYD04_L2.A2008048.1340.051.2009120081115.hdf
(0)	NOW READING MODIS FILE : MYD04_L2.A2008048.1345.051.2009120074228.hdf
(0)	NOW READING MODIS FILE : MYD04_L2.A2008048.1510.051.2009120074753.hdf
(0)	NOW READING MODIS FILE : MYD04_L2.A2008048.1515.051.2009120074526.hdf
(0)	NOW READING MODIS FILE : MYD04_L2.A2008048.1520.051.2009120075111.hdf
(0)	NOW READING MODIS FILE : MYD04_L2.A2008048.1525.051.2009120075846.hdf
Tue Mar 26 20:20:13 CDT 2013
(0)	DATE : 2008-2-18
(0)	NOW READING MODIS FILE : MYD04_L2.A2008049.0930.051.2009120100338.hdf
(0)	NOW READING MODIS FILE : MYD04_L2.A2008049.1055.051.2009120095726.hdf
(0)	NOW READING MODIS FILE : MYD04_L2.A2008049.1100.051.2009120100211.hdf
(0)	NOW READING MODIS FILE : MYD04_L2.A2008049.1105.051.2009120100442.hdf
(0)	NOW READING MODIS FILE : MYD04_L2.A2008049.1110.051.2009120101301.hdf
(0)	NOW READING MODIS FILE : MYD04_L2.A2008049.1235.051.2009120101433.hdf
(0)	NOW READING MODIS FILE : MYD04_L2.A2008049.1240.051.2009120100239.hdf
(0)	NOW READING MODIS FILE : MYD04_L2.A2008049.1245.051.2009120103826.hdf
(0)	NOW READING MODIS FILE : MYD04_L2.A2008049.1250.051.2009120102056.hdf
(0)	NOW READING MODIS FILE : MYD04_L2.A2008049.1415.051.2009120100859.hdf
(0)	NOW READING MODIS FILE : MYD04_L2.A2008049.1420.051.2009120102714.hdf
(0)	NOW READING MODIS FILE : MYD04_L2.A2008049.1425.051.2009120101039.hdf
(0)	NOW READING MODIS FILE : MYD04_L2.A2008049.1430.051.2009120100651.hdf
(0)	NOW READING MODIS FILE : MYD04_L2.A2008049.1550.051.2009120103354.hdf
(0)	NOW READING MODIS FILE : MYD04_L2.A2008049.1555.051.2009120102959.hdf
(0)	NOW READING MODIS FILE : MYD04_L2.A2008049.0930.051.2009120100338.hdf
(0)	NOW READING MODIS FILE : MYD04_L2.A2008049.1055.051.2009120095726.hdf
(0)	NOW READING MODIS FILE : MYD04_L2.A2008049.1100.051.2009120100211.hdf
(0)	NOW READING MODIS FILE : MYD04_L2.A2008049.1105.051.2009120100442.hdf
(0)	NOW READING MODIS FILE : MYD04_L2.A2008049.1110.051.2009120101301.hdf
(0)	NOW READING MODIS FILE : MYD04_L2.A2008049.1235.051.2009120101433.hdf
(0)	NOW READING MODIS FILE : MYD04_L2.A2008049.1240.051.2009120100239.hdf
(0)	NOW READING MODIS FILE : MYD04_L2.A2008049.1245.051.2009120103826.hdf
(0)	NOW READING MODIS FILE : MYD04_L2.A2008049.1250.051.2009120102056.hdf
(0)	NOW READING MODIS FILE : MYD04_L2.A2008049.1415.051.2009120100859.hdf
(0)	NOW READING MODIS FILE : MYD04_L2.A2008049.1420.051.2009120102714.hdf
(0)	NOW READING MODIS FILE : MYD04_L2.A2008049.1425.051.2009120101039.hdf
(0)	NOW READING MODIS FILE : MYD04_L2.A2008049.1430.051.2009120100651.hdf
(0)	NOW READING MODIS FILE : MYD04_L2.A2008049.1550.051.2009120103354.hdf
(0)	NOW READING MODIS FILE : MYD04_L2.A2008049.1555.051.2009120102959.hdf
Tue Mar 26 21:47:30 CDT 2013
(0)	DATE : 2008-2-19
(0)	NOW READING MODIS FILE : MYD04_L2.A2008050.1000.051.2009120071625.hdf
(0)	NOW READING MODIS FILE : MYD04_L2.A2008050.1005.051.2009120075825.hdf
(0)	NOW READING MODIS FILE : MYD04_L2.A2008050.1010.051.2009120071431.hdf
(0)	NOW READING MODIS FILE : MYD04_L2.A2008050.1015.051.2009120071641.hdf
(0)	NOW READING MODIS FILE : MYD04_L2.A2008050.1140.051.2009120063804.hdf
(0)	NOW READING MODIS FILE : MYD04_L2.A2008050.1145.051.2009120063352.hdf
(0)	NOW READING MODIS FILE : MYD04_L2.A2008050.1150.051.2009120073400.hdf
(0)	NOW READING MODIS FILE : MYD04_L2.A2008050.1155.051.2009120064124.hdf
(0)	NOW READING MODIS FILE : MYD04_L2.A2008050.1315.051.2009120071633.hdf
(0)	NOW READING MODIS FILE : MYD04_L2.A2008050.1320.051.2009120073635.hdf
(0)	NOW READING MODIS FILE : MYD04_L2.A2008050.1325.051.2009120072843.hdf
(0)	NOW READING MODIS FILE : MYD04_L2.A2008050.1330.051.2009120075307.hdf
(0)	NOW READING MODIS FILE : MYD04_L2.A2008050.1455.051.2009120075351.hdf
(0)	NOW READING MODIS FILE : MYD04_L2.A2008050.1500.051.2009120072409.hdf
(0)	NOW READING MODIS FILE : MYD04_L2.A2008050.1505.051.2009120070834.hdf
(0)	NOW READING MODIS FILE : MYD04_L2.A2008050.1510.051.2009120080359.hdf
(0)	NOW READING MODIS FILE : MYD04_L2.A2008050.1000.051.2009120071625.hdf
(0)	NOW READING MODIS FILE : MYD04_L2.A2008050.1005.051.2009120075825.hdf
(0)	NOW READING MODIS FILE : MYD04_L2.A2008050.1010.051.2009120071431.hdf
(0)	NOW READING MODIS FILE : MYD04_L2.A2008050.1015.051.2009120071641.hdf
(0)	NOW READING MODIS FILE : MYD04_L2.A2008050.1140.051.2009120063804.hdf
(0)	NOW READING MODIS FILE : MYD04_L2.A2008050.1145.051.2009120063352.hdf
(0)	NOW READING MODIS FILE : MYD04_L2.A2008050.1150.051.2009120073400.hdf
(0)	NOW READING MODIS FILE : MYD04_L2.A2008050.1155.051.2009120064124.hdf
(0)	NOW READING MODIS FILE : MYD04_L2.A2008050.1315.051.2009120071633.hdf
(0)	NOW READING MODIS FILE : MYD04_L2.A2008050.1320.051.2009120073635.hdf
(0)	NOW READING MODIS FILE : MYD04_L2.A2008050.1325.051.2009120072843.hdf
(0)	NOW READING MODIS FILE : MYD04_L2.A2008050.1330.051.2009120075307.hdf
(0)	NOW READING MODIS FILE : MYD04_L2.A2008050.1455.051.2009120075351.hdf
(0)	NOW READING MODIS FILE : MYD04_L2.A2008050.1500.051.2009120072409.hdf
(0)	NOW READING MODIS FILE : MYD04_L2.A2008050.1505.051.2009120070834.hdf
(0)	NOW READING MODIS FILE : MYD04_L2.A2008050.1510.051.2009120080359.hdf
Tue Mar 26 22:06:36 CDT 2013
(0)	DATE : 2008-2-20
(0)	NOW READING MODIS FILE : MYD04_L2.A2008051.0920.051.2009120081718.hdf
(0)	NOW READING MODIS FILE : MYD04_L2.A2008051.1045.051.2009120090222.hdf
(0)	NOW READING MODIS FILE : MYD04_L2.A2008051.1050.051.2009120090230.hdf
(0)	NOW READING MODIS FILE : MYD04_L2.A2008051.1055.051.2009120093546.hdf
(0)	NOW READING MODIS FILE : MYD04_L2.A2008051.1100.051.2009120082610.hdf
(0)	NOW READING MODIS FILE : MYD04_L2.A2008051.1220.051.2009120083505.hdf
(0)	NOW READING MODIS FILE : MYD04_L2.A2008051.1225.051.2009120083145.hdf
(0)	NOW READING MODIS FILE : MYD04_L2.A2008051.1230.051.2009120082128.hdf
(0)	NOW READING MODIS FILE : MYD04_L2.A2008051.1235.051.2009120090043.hdf
(0)	NOW READING MODIS FILE : MYD04_L2.A2008051.1400.051.2009120082255.hdf
(0)	NOW READING MODIS FILE : MYD04_L2.A2008051.1405.051.2009120084105.hdf
(0)	NOW READING MODIS FILE : MYD04_L2.A2008051.1410.051.2009120084039.hdf
(0)	NOW READING MODIS FILE : MYD04_L2.A2008051.1415.051.2009120084539.hdf
(0)	NOW READING MODIS FILE : MYD04_L2.A2008051.1540.051.2009120085647.hdf
(0)	NOW READING MODIS FILE : MYD04_L2.A2008051.1545.051.2009120084439.hdf
(0)	NOW READING MODIS FILE : MYD04_L2.A2008051.1550.051.2009120083229.hdf
(0)	NOW READING MODIS FILE : MYD04_L2.A2008051.0920.051.2009120081718.hdf
(0)	NOW READING MODIS FILE : MYD04_L2.A2008051.1045.051.2009120090222.hdf
(0)	NOW READING MODIS FILE : MYD04_L2.A2008051.1050.051.2009120090230.hdf
(0)	NOW READING MODIS FILE : MYD04_L2.A2008051.1055.051.2009120093546.hdf
(0)	NOW READING MODIS FILE : MYD04_L2.A2008051.1100.051.2009120082610.hdf
(0)	NOW READING MODIS FILE : MYD04_L2.A2008051.1220.051.2009120083505.hdf
(0)	NOW READING MODIS FILE : MYD04_L2.A2008051.1225.051.2009120083145.hdf
(0)	NOW READING MODIS FILE : MYD04_L2.A2008051.1230.051.2009120082128.hdf
(0)	NOW READING MODIS FILE : MYD04_L2.A2008051.1235.051.2009120090043.hdf
(0)	NOW READING MODIS FILE : MYD04_L2.A2008051.1400.051.2009120082255.hdf
(0)	NOW READING MODIS FILE : MYD04_L2.A2008051.1405.051.2009120084105.hdf
(0)	NOW READING MODIS FILE : MYD04_L2.A2008051.1410.051.2009120084039.hdf
(0)	NOW READING MODIS FILE : MYD04_L2.A2008051.1415.051.2009120084539.hdf
(0)	NOW READING MODIS FILE : MYD04_L2.A2008051.1540.051.2009120085647.hdf
(0)	NOW READING MODIS FILE : MYD04_L2.A2008051.1545.051.2009120084439.hdf
(0)	NOW READING MODIS FILE : MYD04_L2.A2008051.1550.051.2009120083229.hdf
Tue Mar 26 22:33:43 CDT 2013
(0)	DATE : 2008-2-21
(0)	NOW READING MODIS FILE : MYD04_L2.A2008052.0950.051.2009120091723.hdf
(0)	NOW READING MODIS FILE : MYD04_L2.A2008052.0955.051.2009120084834.hdf
(0)	NOW READING MODIS FILE : MYD04_L2.A2008052.1000.051.2009120090415.hdf
(0)	NOW READING MODIS FILE : MYD04_L2.A2008052.1125.051.2009120091306.hdf
(0)	NOW READING MODIS FILE : MYD04_L2.A2008052.1130.051.2009120091520.hdf
(0)	NOW READING MODIS FILE : MYD04_L2.A2008052.1135.051.2009120091044.hdf
(0)	NOW READING MODIS FILE : MYD04_L2.A2008052.1140.051.2009120092840.hdf
(0)	NOW READING MODIS FILE : MYD04_L2.A2008052.1305.051.2009120085132.hdf
(0)	NOW READING MODIS FILE : MYD04_L2.A2008052.1310.051.2009120092021.hdf
(0)	NOW READING MODIS FILE : MYD04_L2.A2008052.1315.051.2009120091548.hdf
(0)	NOW READING MODIS FILE : MYD04_L2.A2008052.1320.051.2009120085228.hdf
(0)	NOW READING MODIS FILE : MYD04_L2.A2008052.1445.051.2009120085113.hdf
(0)	NOW READING MODIS FILE : MYD04_L2.A2008052.1450.051.2009120095528.hdf
(0)	NOW READING MODIS FILE : MYD04_L2.A2008052.1455.051.2009120090804.hdf
(0)	NOW READING MODIS FILE : MYD04_L2.A2008052.1500.051.2009120085835.hdf
(0)	NOW READING MODIS FILE : MYD04_L2.A2008052.0950.051.2009120091723.hdf
(0)	NOW READING MODIS FILE : MYD04_L2.A2008052.0955.051.2009120084834.hdf
(0)	NOW READING MODIS FILE : MYD04_L2.A2008052.1000.051.2009120090415.hdf
(0)	NOW READING MODIS FILE : MYD04_L2.A2008052.1125.051.2009120091306.hdf
(0)	NOW READING MODIS FILE : MYD04_L2.A2008052.1130.051.2009120091520.hdf
(0)	NOW READING MODIS FILE : MYD04_L2.A2008052.1135.051.2009120091044.hdf
(0)	NOW READING MODIS FILE : MYD04_L2.A2008052.1140.051.2009120092840.hdf
(0)	NOW READING MODIS FILE : MYD04_L2.A2008052.1305.051.2009120085132.hdf
(0)	NOW READING MODIS FILE : MYD04_L2.A2008052.1310.051.2009120092021.hdf
(0)	NOW READING MODIS FILE : MYD04_L2.A2008052.1315.051.2009120091548.hdf
(0)	NOW READING MODIS FILE : MYD04_L2.A2008052.1320.051.2009120085228.hdf
(0)	NOW READING MODIS FILE : MYD04_L2.A2008052.1445.051.2009120085113.hdf
(0)	NOW READING MODIS FILE : MYD04_L2.A2008052.1450.051.2009120095528.hdf
(0)	NOW READING MODIS FILE : MYD04_L2.A2008052.1455.051.2009120090804.hdf
(0)	NOW READING MODIS FILE : MYD04_L2.A2008052.1500.051.2009120085835.hdf
Tue Mar 26 23:17:21 CDT 2013
(0)	DATE : 2008-2-22
(0)	NOW READING MODIS FILE : MYD04_L2.A2008053.1030.051.2009120093016.hdf
(0)	NOW READING MODIS FILE : MYD04_L2.A2008053.1035.051.2009120102735.hdf
(0)	NOW READING MODIS FILE : MYD04_L2.A2008053.1040.051.2009120095302.hdf
(0)	NOW READING MODIS FILE : MYD04_L2.A2008053.1045.051.2009120093614.hdf
(0)	NOW READING MODIS FILE : MYD04_L2.A2008053.1210.051.2009120093912.hdf
(0)	NOW READING MODIS FILE : MYD04_L2.A2008053.1215.051.2009120094830.hdf
(0)	NOW READING MODIS FILE : MYD04_L2.A2008053.1220.051.2009120103819.hdf
(0)	NOW READING MODIS FILE : MYD04_L2.A2008053.1225.051.2009120093117.hdf
(0)	NOW READING MODIS FILE : MYD04_L2.A2008053.1350.051.2009120094044.hdf
(0)	NOW READING MODIS FILE : MYD04_L2.A2008053.1355.051.2009120094012.hdf
(0)	NOW READING MODIS FILE : MYD04_L2.A2008053.1400.051.2009120102437.hdf
(0)	NOW READING MODIS FILE : MYD04_L2.A2008053.1405.051.2009120095633.hdf
(0)	NOW READING MODIS FILE : MYD04_L2.A2008053.1525.051.2009120102126.hdf
(0)	NOW READING MODIS FILE : MYD04_L2.A2008053.1530.051.2009120093438.hdf
(0)	NOW READING MODIS FILE : MYD04_L2.A2008053.1535.051.2009120102700.hdf
(0)	NOW READING MODIS FILE : MYD04_L2.A2008053.1540.051.2009120103220.hdf
(0)	NOW READING MODIS FILE : MYD04_L2.A2008053.1030.051.2009120093016.hdf
(0)	NOW READING MODIS FILE : MYD04_L2.A2008053.1035.051.2009120102735.hdf
(0)	NOW READING MODIS FILE : MYD04_L2.A2008053.1040.051.2009120095302.hdf
(0)	NOW READING MODIS FILE : MYD04_L2.A2008053.1045.051.2009120093614.hdf
(0)	NOW READING MODIS FILE : MYD04_L2.A2008053.1210.051.2009120093912.hdf
(0)	NOW READING MODIS FILE : MYD04_L2.A2008053.1215.051.2009120094830.hdf
(0)	NOW READING MODIS FILE : MYD04_L2.A2008053.1220.051.2009120103819.hdf
(0)	NOW READING MODIS FILE : MYD04_L2.A2008053.1225.051.2009120093117.hdf
(0)	NOW READING MODIS FILE : MYD04_L2.A2008053.1350.051.2009120094044.hdf
(0)	NOW READING MODIS FILE : MYD04_L2.A2008053.1355.051.2009120094012.hdf
(0)	NOW READING MODIS FILE : MYD04_L2.A2008053.1400.051.2009120102437.hdf
(0)	NOW READING MODIS FILE : MYD04_L2.A2008053.1405.051.2009120095633.hdf
(0)	NOW READING MODIS FILE : MYD04_L2.A2008053.1525.051.2009120102126.hdf
(0)	NOW READING MODIS FILE : MYD04_L2.A2008053.1530.051.2009120093438.hdf
(0)	NOW READING MODIS FILE : MYD04_L2.A2008053.1535.051.2009120102700.hdf
(0)	NOW READING MODIS FILE : MYD04_L2.A2008053.1540.051.2009120103220.hdf
Tue Mar 26 23:36:06 CDT 2013
(0)	DATE : 2008-2-23
(0)	NOW READING MODIS FILE : MYD04_L2.A2008054.0945.051.2009121122444.hdf
(0)	NOW READING MODIS FILE : MYD04_L2.A2008054.0950.051.2009121122008.hdf
(0)	NOW READING MODIS FILE : MYD04_L2.A2008054.1115.051.2009121124439.hdf
(0)	NOW READING MODIS FILE : MYD04_L2.A2008054.1120.051.2009121121200.hdf
(0)	NOW READING MODIS FILE : MYD04_L2.A2008054.1125.051.2009121122140.hdf
(0)	NOW READING MODIS FILE : MYD04_L2.A2008054.1130.051.2009121122231.hdf
(0)	NOW READING MODIS FILE : MYD04_L2.A2008054.1255.051.2009121122408.hdf
(0)	NOW READING MODIS FILE : MYD04_L2.A2008054.1300.051.2009121122007.hdf
(0)	NOW READING MODIS FILE : MYD04_L2.A2008054.1305.051.2009121123238.hdf
(0)	NOW READING MODIS FILE : MYD04_L2.A2008054.1310.051.2009121122331.hdf
(0)	NOW READING MODIS FILE : MYD04_L2.A2008054.1430.051.2009121122520.hdf
(0)	NOW READING MODIS FILE : MYD04_L2.A2008054.1435.051.2009121121342.hdf
(0)	NOW READING MODIS FILE : MYD04_L2.A2008054.1440.051.2009121123147.hdf
(0)	NOW READING MODIS FILE : MYD04_L2.A2008054.1445.051.2009121122408.hdf
(0)	NOW READING MODIS FILE : MYD04_L2.A2008054.0945.051.2009121122444.hdf
(0)	NOW READING MODIS FILE : MYD04_L2.A2008054.0950.051.2009121122008.hdf
(0)	NOW READING MODIS FILE : MYD04_L2.A2008054.1115.051.2009121124439.hdf
(0)	NOW READING MODIS FILE : MYD04_L2.A2008054.1120.051.2009121121200.hdf
(0)	NOW READING MODIS FILE : MYD04_L2.A2008054.1125.051.2009121122140.hdf
(0)	NOW READING MODIS FILE : MYD04_L2.A2008054.1130.051.2009121122231.hdf
(0)	NOW READING MODIS FILE : MYD04_L2.A2008054.1255.051.2009121122408.hdf
(0)	NOW READING MODIS FILE : MYD04_L2.A2008054.1300.051.2009121122007.hdf
(0)	NOW READING MODIS FILE : MYD04_L2.A2008054.1305.051.2009121123238.hdf
(0)	NOW READING MODIS FILE : MYD04_L2.A2008054.1310.051.2009121122331.hdf
(0)	NOW READING MODIS FILE : MYD04_L2.A2008054.1430.051.2009121122520.hdf
(0)	NOW READING MODIS FILE : MYD04_L2.A2008054.1435.051.2009121121342.hdf
(0)	NOW READING MODIS FILE : MYD04_L2.A2008054.1440.051.2009121123147.hdf
(0)	NOW READING MODIS FILE : MYD04_L2.A2008054.1445.051.2009121122408.hdf
Tue Mar 26 23:56:09 CDT 2013
(0)	DATE : 2008-2-24
(0)	NOW READING MODIS FILE : MYD04_L2.A2008055.1020.051.2009121100955.hdf
(0)	NOW READING MODIS FILE : MYD04_L2.A2008055.1025.051.2009121105400.hdf
(0)	NOW READING MODIS FILE : MYD04_L2.A2008055.1030.051.2009121111201.hdf
(0)	NOW READING MODIS FILE : MYD04_L2.A2008055.1035.051.2009121101009.hdf
(0)	NOW READING MODIS FILE : MYD04_L2.A2008055.1155.051.2009121101652.hdf
(0)	NOW READING MODIS FILE : MYD04_L2.A2008055.1200.051.2009121101250.hdf
(0)	NOW READING MODIS FILE : MYD04_L2.A2008055.1205.051.2009121101655.hdf
(0)	NOW READING MODIS FILE : MYD04_L2.A2008055.1210.051.2009121101346.hdf
(0)	NOW READING MODIS FILE : MYD04_L2.A2008055.1335.051.2009121100209.hdf
(0)	NOW READING MODIS FILE : MYD04_L2.A2008055.1340.051.2009121105138.hdf
(0)	NOW READING MODIS FILE : MYD04_L2.A2008055.1345.051.2009121102825.hdf
(0)	NOW READING MODIS FILE : MYD04_L2.A2008055.1350.051.2009121100213.hdf
(0)	NOW READING MODIS FILE : MYD04_L2.A2008055.1515.051.2009121111657.hdf
(0)	NOW READING MODIS FILE : MYD04_L2.A2008055.1520.051.2009121112846.hdf
(0)	NOW READING MODIS FILE : MYD04_L2.A2008055.1525.051.2009121102334.hdf
(0)	NOW READING MODIS FILE : MYD04_L2.A2008055.1530.051.2009121100546.hdf
(0)	NOW READING MODIS FILE : MYD04_L2.A2008055.1020.051.2009121100955.hdf
(0)	NOW READING MODIS FILE : MYD04_L2.A2008055.1025.051.2009121105400.hdf
(0)	NOW READING MODIS FILE : MYD04_L2.A2008055.1030.051.2009121111201.hdf
(0)	NOW READING MODIS FILE : MYD04_L2.A2008055.1035.051.2009121101009.hdf
(0)	NOW READING MODIS FILE : MYD04_L2.A2008055.1155.051.2009121101652.hdf
(0)	NOW READING MODIS FILE : MYD04_L2.A2008055.1200.051.2009121101250.hdf
(0)	NOW READING MODIS FILE : MYD04_L2.A2008055.1205.051.2009121101655.hdf
(0)	NOW READING MODIS FILE : MYD04_L2.A2008055.1210.051.2009121101346.hdf
(0)	NOW READING MODIS FILE : MYD04_L2.A2008055.1335.051.2009121100209.hdf
(0)	NOW READING MODIS FILE : MYD04_L2.A2008055.1340.051.2009121105138.hdf
(0)	NOW READING MODIS FILE : MYD04_L2.A2008055.1345.051.2009121102825.hdf
(0)	NOW READING MODIS FILE : MYD04_L2.A2008055.1350.051.2009121100213.hdf
(0)	NOW READING MODIS FILE : MYD04_L2.A2008055.1515.051.2009121111657.hdf
(0)	NOW READING MODIS FILE : MYD04_L2.A2008055.1520.051.2009121112846.hdf
(0)	NOW READING MODIS FILE : MYD04_L2.A2008055.1525.051.2009121102334.hdf
(0)	NOW READING MODIS FILE : MYD04_L2.A2008055.1530.051.2009121100546.hdf
Wed Mar 27 00:59:08 CDT 2013
(0)	DATE : 2008-2-25
(0)	NOW READING MODIS FILE : MYD04_L2.A2008056.0935.051.2009121105612.hdf
(0)	NOW READING MODIS FILE : MYD04_L2.A2008056.0940.051.2009121110204.hdf
(0)	NOW READING MODIS FILE : MYD04_L2.A2008056.1100.051.2009121110728.hdf
(0)	NOW READING MODIS FILE : MYD04_L2.A2008056.1105.051.2009121105840.hdf
(0)	NOW READING MODIS FILE : MYD04_L2.A2008056.1110.051.2009121110048.hdf
(0)	NOW READING MODIS FILE : MYD04_L2.A2008056.1115.051.2009121111012.hdf
(0)	NOW READING MODIS FILE : MYD04_L2.A2008056.1240.051.2009121105620.hdf
(0)	NOW READING MODIS FILE : MYD04_L2.A2008056.1245.051.2009121110613.hdf
(0)	NOW READING MODIS FILE : MYD04_L2.A2008056.1250.051.2009121112050.hdf
(0)	NOW READING MODIS FILE : MYD04_L2.A2008056.1255.051.2009121112057.hdf
(0)	NOW READING MODIS FILE : MYD04_L2.A2008056.1420.051.2009121110205.hdf
(0)	NOW READING MODIS FILE : MYD04_L2.A2008056.1425.051.2009121112349.hdf
(0)	NOW READING MODIS FILE : MYD04_L2.A2008056.1430.051.2009121110026.hdf
(0)	NOW READING MODIS FILE : MYD04_L2.A2008056.1435.051.2009121110304.hdf
(0)	NOW READING MODIS FILE : MYD04_L2.A2008056.1600.051.2009121111707.hdf
(0)	NOW READING MODIS FILE : MYD04_L2.A2008056.0935.051.2009121105612.hdf
(0)	NOW READING MODIS FILE : MYD04_L2.A2008056.0940.051.2009121110204.hdf
(0)	NOW READING MODIS FILE : MYD04_L2.A2008056.1100.051.2009121110728.hdf
(0)	NOW READING MODIS FILE : MYD04_L2.A2008056.1105.051.2009121105840.hdf
(0)	NOW READING MODIS FILE : MYD04_L2.A2008056.1110.051.2009121110048.hdf
(0)	NOW READING MODIS FILE : MYD04_L2.A2008056.1115.051.2009121111012.hdf
(0)	NOW READING MODIS FILE : MYD04_L2.A2008056.1240.051.2009121105620.hdf
(0)	NOW READING MODIS FILE : MYD04_L2.A2008056.1245.051.2009121110613.hdf
(0)	NOW READING MODIS FILE : MYD04_L2.A2008056.1250.051.2009121112050.hdf
(0)	NOW READING MODIS FILE : MYD04_L2.A2008056.1255.051.2009121112057.hdf
(0)	NOW READING MODIS FILE : MYD04_L2.A2008056.1420.051.2009121110205.hdf
(0)	NOW READING MODIS FILE : MYD04_L2.A2008056.1425.051.2009121112349.hdf
(0)	NOW READING MODIS FILE : MYD04_L2.A2008056.1430.051.2009121110026.hdf
(0)	NOW READING MODIS FILE : MYD04_L2.A2008056.1435.051.2009121110304.hdf
(0)	NOW READING MODIS FILE : MYD04_L2.A2008056.1600.051.2009121111707.hdf
Wed Mar 27 01:18:40 CDT 2013
(0)	DATE : 2008-2-26
(0)	NOW READING MODIS FILE : MYD04_L2.A2008057.1005.051.2009121115346.hdf
(0)	NOW READING MODIS FILE : MYD04_L2.A2008057.1010.051.2009121113547.hdf
(0)	NOW READING MODIS FILE : MYD04_L2.A2008057.1015.051.2009121113903.hdf
(0)	NOW READING MODIS FILE : MYD04_L2.A2008057.1020.051.2009121113600.hdf
(0)	NOW READING MODIS FILE : MYD04_L2.A2008057.1145.051.2009121113331.hdf
(0)	NOW READING MODIS FILE : MYD04_L2.A2008057.1150.051.2009121113947.hdf
(0)	NOW READING MODIS FILE : MYD04_L2.A2008057.1155.051.2009121114933.hdf
(0)	NOW READING MODIS FILE : MYD04_L2.A2008057.1200.051.2009121144821.hdf
(0)	NOW READING MODIS FILE : MYD04_L2.A2008057.1325.051.2009121114407.hdf
(0)	NOW READING MODIS FILE : MYD04_L2.A2008057.1330.051.2009121115558.hdf
(0)	NOW READING MODIS FILE : MYD04_L2.A2008057.1335.051.2009121114132.hdf
(0)	NOW READING MODIS FILE : MYD04_L2.A2008057.1340.051.2009121114232.hdf
(0)	NOW READING MODIS FILE : MYD04_L2.A2008057.1505.051.2009121115617.hdf
(0)	NOW READING MODIS FILE : MYD04_L2.A2008057.1510.051.2009121114407.hdf
(0)	NOW READING MODIS FILE : MYD04_L2.A2008057.1515.051.2009121114024.hdf
(0)	NOW READING MODIS FILE : MYD04_L2.A2008057.1005.051.2009121115346.hdf
(0)	NOW READING MODIS FILE : MYD04_L2.A2008057.1010.051.2009121113547.hdf
(0)	NOW READING MODIS FILE : MYD04_L2.A2008057.1015.051.2009121113903.hdf
(0)	NOW READING MODIS FILE : MYD04_L2.A2008057.1020.051.2009121113600.hdf
(0)	NOW READING MODIS FILE : MYD04_L2.A2008057.1145.051.2009121113331.hdf
(0)	NOW READING MODIS FILE : MYD04_L2.A2008057.1150.051.2009121113947.hdf
(0)	NOW READING MODIS FILE : MYD04_L2.A2008057.1155.051.2009121114933.hdf
(0)	NOW READING MODIS FILE : MYD04_L2.A2008057.1200.051.2009121144821.hdf
(0)	NOW READING MODIS FILE : MYD04_L2.A2008057.1325.051.2009121114407.hdf
(0)	NOW READING MODIS FILE : MYD04_L2.A2008057.1330.051.2009121115558.hdf
(0)	NOW READING MODIS FILE : MYD04_L2.A2008057.1335.051.2009121114132.hdf
(0)	NOW READING MODIS FILE : MYD04_L2.A2008057.1340.051.2009121114232.hdf
(0)	NOW READING MODIS FILE : MYD04_L2.A2008057.1505.051.2009121115617.hdf
(0)	NOW READING MODIS FILE : MYD04_L2.A2008057.1510.051.2009121114407.hdf
(0)	NOW READING MODIS FILE : MYD04_L2.A2008057.1515.051.2009121114024.hdf
Wed Mar 27 01:38:22 CDT 2013
(0)	DATE : 2008-2-27
(0)	NOW READING MODIS FILE : MYD04_L2.A2008058.0925.051.2009121145922.hdf
(0)	NOW READING MODIS FILE : MYD04_L2.A2008058.1050.051.2009121160917.hdf
(0)	NOW READING MODIS FILE : MYD04_L2.A2008058.1055.051.2009121153210.hdf
(0)	NOW READING MODIS FILE : MYD04_L2.A2008058.1100.051.2009121150603.hdf
(0)	NOW READING MODIS FILE : MYD04_L2.A2008058.1105.051.2009121151807.hdf
(0)	NOW READING MODIS FILE : MYD04_L2.A2008058.1230.051.2009121152845.hdf
(0)	NOW READING MODIS FILE : MYD04_L2.A2008058.1235.051.2009121153036.hdf
(0)	NOW READING MODIS FILE : MYD04_L2.A2008058.1240.051.2009121153909.hdf
(0)	NOW READING MODIS FILE : MYD04_L2.A2008058.1245.051.2009121153046.hdf
(0)	NOW READING MODIS FILE : MYD04_L2.A2008058.1405.051.2009121182552.hdf
(0)	NOW READING MODIS FILE : MYD04_L2.A2008058.1410.051.2009121175530.hdf
(0)	NOW READING MODIS FILE : MYD04_L2.A2008058.1415.051.2009121175502.hdf
(0)	NOW READING MODIS FILE : MYD04_L2.A2008058.1420.051.2009121175820.hdf
(0)	NOW READING MODIS FILE : MYD04_L2.A2008058.1545.051.2009121181945.hdf
(0)	NOW READING MODIS FILE : MYD04_L2.A2008058.1550.051.2009121181517.hdf
(0)	NOW READING MODIS FILE : MYD04_L2.A2008058.0925.051.2009121145922.hdf
(0)	NOW READING MODIS FILE : MYD04_L2.A2008058.1050.051.2009121160917.hdf
(0)	NOW READING MODIS FILE : MYD04_L2.A2008058.1055.051.2009121153210.hdf
(0)	NOW READING MODIS FILE : MYD04_L2.A2008058.1100.051.2009121150603.hdf
(0)	NOW READING MODIS FILE : MYD04_L2.A2008058.1105.051.2009121151807.hdf
(0)	NOW READING MODIS FILE : MYD04_L2.A2008058.1230.051.2009121152845.hdf
(0)	NOW READING MODIS FILE : MYD04_L2.A2008058.1235.051.2009121153036.hdf
(0)	NOW READING MODIS FILE : MYD04_L2.A2008058.1240.051.2009121153909.hdf
(0)	NOW READING MODIS FILE : MYD04_L2.A2008058.1245.051.2009121153046.hdf
(0)	NOW READING MODIS FILE : MYD04_L2.A2008058.1405.051.2009121182552.hdf
(0)	NOW READING MODIS FILE : MYD04_L2.A2008058.1410.051.2009121175530.hdf
(0)	NOW READING MODIS FILE : MYD04_L2.A2008058.1415.051.2009121175502.hdf
(0)	NOW READING MODIS FILE : MYD04_L2.A2008058.1420.051.2009121175820.hdf
(0)	NOW READING MODIS FILE : MYD04_L2.A2008058.1545.051.2009121181945.hdf
(0)	NOW READING MODIS FILE : MYD04_L2.A2008058.1550.051.2009121181517.hdf
Wed Mar 27 01:57:39 CDT 2013
(0)	DATE : 2008-2-28
(0)	NOW READING MODIS FILE : MYD04_L2.A2008059.0955.051.2009121192231.hdf
(0)	NOW READING MODIS FILE : MYD04_L2.A2008059.1000.051.2009121203931.hdf
(0)	NOW READING MODIS FILE : MYD04_L2.A2008059.1005.051.2009121194031.hdf
(0)	NOW READING MODIS FILE : MYD04_L2.A2008059.1010.051.2009121194017.hdf
(0)	NOW READING MODIS FILE : MYD04_L2.A2008059.1130.051.2009121203236.hdf
(0)	NOW READING MODIS FILE : MYD04_L2.A2008059.1135.051.2009121193835.hdf
(0)	NOW READING MODIS FILE : MYD04_L2.A2008059.1140.051.2009121193450.hdf
(0)	NOW READING MODIS FILE : MYD04_L2.A2008059.1145.051.2009121192302.hdf
(0)	NOW READING MODIS FILE : MYD04_L2.A2008059.1310.051.2009121192835.hdf
(0)	NOW READING MODIS FILE : MYD04_L2.A2008059.1315.051.2009121192531.hdf
(0)	NOW READING MODIS FILE : MYD04_L2.A2008059.1320.051.2009121194130.hdf
(0)	NOW READING MODIS FILE : MYD04_L2.A2008059.1325.051.2009121192717.hdf
(0)	NOW READING MODIS FILE : MYD04_L2.A2008059.1450.051.2009121193807.hdf
(0)	NOW READING MODIS FILE : MYD04_L2.A2008059.1455.051.2009121193403.hdf
(0)	NOW READING MODIS FILE : MYD04_L2.A2008059.1500.051.2009121194236.hdf
(0)	NOW READING MODIS FILE : MYD04_L2.A2008059.1505.051.2009121192836.hdf
(0)	NOW READING MODIS FILE : MYD04_L2.A2008059.0955.051.2009121192231.hdf
(0)	NOW READING MODIS FILE : MYD04_L2.A2008059.1000.051.2009121203931.hdf
(0)	NOW READING MODIS FILE : MYD04_L2.A2008059.1005.051.2009121194031.hdf
(0)	NOW READING MODIS FILE : MYD04_L2.A2008059.1010.051.2009121194017.hdf
(0)	NOW READING MODIS FILE : MYD04_L2.A2008059.1130.051.2009121203236.hdf
(0)	NOW READING MODIS FILE : MYD04_L2.A2008059.1135.051.2009121193835.hdf
(0)	NOW READING MODIS FILE : MYD04_L2.A2008059.1140.051.2009121193450.hdf
(0)	NOW READING MODIS FILE : MYD04_L2.A2008059.1145.051.2009121192302.hdf
(0)	NOW READING MODIS FILE : MYD04_L2.A2008059.1310.051.2009121192835.hdf
(0)	NOW READING MODIS FILE : MYD04_L2.A2008059.1315.051.2009121192531.hdf
(0)	NOW READING MODIS FILE : MYD04_L2.A2008059.1320.051.2009121194130.hdf
(0)	NOW READING MODIS FILE : MYD04_L2.A2008059.1325.051.2009121192717.hdf
(0)	NOW READING MODIS FILE : MYD04_L2.A2008059.1450.051.2009121193807.hdf
(0)	NOW READING MODIS FILE : MYD04_L2.A2008059.1455.051.2009121193403.hdf
(0)	NOW READING MODIS FILE : MYD04_L2.A2008059.1500.051.2009121194236.hdf
(0)	NOW READING MODIS FILE : MYD04_L2.A2008059.1505.051.2009121192836.hdf
Wed Mar 27 02:16:38 CDT 2013
(0)	DATE : 2008-2-29
(0)	NOW READING MODIS FILE : MYD04_L2.A2008060.1035.051.2009121210115.hdf
(0)	NOW READING MODIS FILE : MYD04_L2.A2008060.1040.051.2009121210120.hdf
(0)	NOW READING MODIS FILE : MYD04_L2.A2008060.1045.051.2009121210241.hdf
(0)	NOW READING MODIS FILE : MYD04_L2.A2008060.1050.051.2009121210243.hdf
(0)	NOW READING MODIS FILE : MYD04_L2.A2008060.1215.051.2009121211924.hdf
(0)	NOW READING MODIS FILE : MYD04_L2.A2008060.1220.051.2009121211130.hdf
(0)	NOW READING MODIS FILE : MYD04_L2.A2008060.1225.051.2009121214809.hdf
(0)	NOW READING MODIS FILE : MYD04_L2.A2008060.1230.051.2009121211223.hdf
(0)	NOW READING MODIS FILE : MYD04_L2.A2008060.1355.051.2009121211545.hdf
(0)	NOW READING MODIS FILE : MYD04_L2.A2008060.1400.051.2009121212422.hdf
(0)	NOW READING MODIS FILE : MYD04_L2.A2008060.1405.051.2009121211713.hdf
(0)	NOW READING MODIS FILE : MYD04_L2.A2008060.1410.051.2009121212424.hdf
(0)	NOW READING MODIS FILE : MYD04_L2.A2008060.1535.051.2009121213711.hdf
(0)	NOW READING MODIS FILE : MYD04_L2.A2008060.1540.051.2009121214415.hdf
(0)	NOW READING MODIS FILE : MYD04_L2.A2008060.1545.051.2009121212238.hdf
(0)	NOW READING MODIS FILE : MYD04_L2.A2008060.1035.051.2009121210115.hdf
(0)	NOW READING MODIS FILE : MYD04_L2.A2008060.1040.051.2009121210120.hdf
(0)	NOW READING MODIS FILE : MYD04_L2.A2008060.1045.051.2009121210241.hdf
(0)	NOW READING MODIS FILE : MYD04_L2.A2008060.1050.051.2009121210243.hdf
(0)	NOW READING MODIS FILE : MYD04_L2.A2008060.1215.051.2009121211924.hdf
(0)	NOW READING MODIS FILE : MYD04_L2.A2008060.1220.051.2009121211130.hdf
(0)	NOW READING MODIS FILE : MYD04_L2.A2008060.1225.051.2009121214809.hdf
(0)	NOW READING MODIS FILE : MYD04_L2.A2008060.1230.051.2009121211223.hdf
(0)	NOW READING MODIS FILE : MYD04_L2.A2008060.1355.051.2009121211545.hdf
(0)	NOW READING MODIS FILE : MYD04_L2.A2008060.1400.051.2009121212422.hdf
(0)	NOW READING MODIS FILE : MYD04_L2.A2008060.1405.051.2009121211713.hdf
(0)	NOW READING MODIS FILE : MYD04_L2.A2008060.1410.051.2009121212424.hdf
(0)	NOW READING MODIS FILE : MYD04_L2.A2008060.1535.051.2009121213711.hdf
(0)	NOW READING MODIS FILE : MYD04_L2.A2008060.1540.051.2009121214415.hdf
(0)	NOW READING MODIS FILE : MYD04_L2.A2008060.1545.051.2009121212238.hdf
(0)	=========================================================
(0)	              START TO PROCESS MONTHLY DATA
