Mon Jul 20 10:35:21 EDT 2015
Mon Jul 20 10:35:23 EDT 2015
Mon Jul 20 10:35:24 EDT 2015
Mon Jul 20 10:35:26 EDT 2015
Mon Jul 20 10:35:28 EDT 2015
Mon Jul 20 10:35:29 EDT 2015
Mon Jul 20 10:35:31 EDT 2015
Mon Jul 20 10:35:32 EDT 2015
Mon Jul 20 10:35:34 EDT 2015
Mon Jul 20 10:35:36 EDT 2015
Mon Jul 20 10:35:37 EDT 2015
Mon Jul 20 10:35:39 EDT 2015
Mon Jul 20 10:35:41 EDT 2015
Mon Jul 20 10:35:42 EDT 2015
Mon Jul 20 10:35:44 EDT 2015
Mon Jul 20 10:35:46 EDT 2015
Mon Jul 20 10:35:47 EDT 2015
Mon Jul 20 10:35:49 EDT 2015
Mon Jul 20 10:35:50 EDT 2015
Mon Jul 20 10:35:52 EDT 2015
Mon Jul 20 10:35:54 EDT 2015
Mon Jul 20 10:35:55 EDT 2015
Mon Jul 20 10:35:57 EDT 2015
Mon Jul 20 10:35:58 EDT 2015
Mon Jul 20 10:36:00 EDT 2015
Mon Jul 20 10:36:01 EDT 2015
Mon Jul 20 10:36:03 EDT 2015
Mon Jul 20 10:36:05 EDT 2015
Mon Jul 20 10:36:07 EDT 2015
Mon Jul 20 10:36:09 EDT 2015
Mon Jul 20 10:36:11 EDT 2015
Mon Jul 20 10:36:13 EDT 2015
Mon Jul 20 10:36:14 EDT 2015
Mon Jul 20 10:36:16 EDT 2015
Mon Jul 20 10:36:18 EDT 2015
Mon Jul 20 10:36:20 EDT 2015
Mon Jul 20 10:36:21 EDT 2015
Mon Jul 20 10:36:23 EDT 2015
Mon Jul 20 10:36:25 EDT 2015
Mon Jul 20 10:36:27 EDT 2015
Mon Jul 20 10:36:28 EDT 2015
Mon Jul 20 10:36:30 EDT 2015
Mon Jul 20 10:36:32 EDT 2015
Mon Jul 20 10:36:33 EDT 2015
Mon Jul 20 10:36:35 EDT 2015
Mon Jul 20 10:36:37 EDT 2015
Mon Jul 20 10:36:38 EDT 2015
Mon Jul 20 10:36:41 EDT 2015
Mon Jul 20 10:36:43 EDT 2015
Mon Jul 20 10:36:45 EDT 2015
Mon Jul 20 10:36:47 EDT 2015
Mon Jul 20 10:36:49 EDT 2015
Mon Jul 20 10:36:51 EDT 2015
Mon Jul 20 10:36:53 EDT 2015
Mon Jul 20 10:37:01 EDT 2015
Mon Jul 20 10:37:03 EDT 2015
Mon Jul 20 10:37:05 EDT 2015
Mon Jul 20 10:37:07 EDT 2015
Mon Jul 20 10:37:09 EDT 2015
Mon Jul 20 10:37:11 EDT 2015
Mon Jul 20 10:37:13 EDT 2015
Mon Jul 20 10:37:15 EDT 2015
Mon Jul 20 10:37:16 EDT 2015
Mon Jul 20 10:37:19 EDT 2015
Mon Jul 20 10:37:21 EDT 2015
Mon Jul 20 10:37:22 EDT 2015
Mon Jul 20 10:37:24 EDT 2015
Mon Jul 20 10:37:26 EDT 2015
Mon Jul 20 10:37:28 EDT 2015
Mon Jul 20 10:37:30 EDT 2015
Mon Jul 20 10:37:32 EDT 2015
Mon Jul 20 10:37:33 EDT 2015
Mon Jul 20 10:37:36 EDT 2015
Mon Jul 20 10:37:37 EDT 2015
Mon Jul 20 10:37:39 EDT 2015
Mon Jul 20 10:37:41 EDT 2015
Mon Jul 20 10:37:42 EDT 2015
Mon Jul 20 10:37:44 EDT 2015
Mon Jul 20 10:37:46 EDT 2015
Mon Jul 20 10:37:47 EDT 2015
Mon Jul 20 10:37:49 EDT 2015
Mon Jul 20 10:37:51 EDT 2015
Mon Jul 20 10:37:52 EDT 2015
Mon Jul 20 10:37:54 EDT 2015
Mon Jul 20 10:37:56 EDT 2015
Mon Jul 20 10:37:58 EDT 2015
Mon Jul 20 10:37:59 EDT 2015
Mon Jul 20 10:38:01 EDT 2015
Mon Jul 20 10:38:03 EDT 2015
Mon Jul 20 10:38:04 EDT 2015
Mon Jul 20 10:38:06 EDT 2015
Mon Jul 20 10:38:08 EDT 2015
Mon Jul 20 10:38:09 EDT 2015
Mon Jul 20 10:38:11 EDT 2015
Mon Jul 20 10:38:12 EDT 2015
Mon Jul 20 10:38:14 EDT 2015
Mon Jul 20 10:38:16 EDT 2015
Mon Jul 20 10:38:18 EDT 2015
Mon Jul 20 10:38:19 EDT 2015
Mon Jul 20 10:38:21 EDT 2015
Mon Jul 20 10:38:23 EDT 2015
Mon Jul 20 10:38:24 EDT 2015
Mon Jul 20 10:38:26 EDT 2015
Mon Jul 20 10:38:27 EDT 2015
Mon Jul 20 10:38:29 EDT 2015
Mon Jul 20 10:38:31 EDT 2015
Mon Jul 20 10:38:32 EDT 2015
Mon Jul 20 10:38:34 EDT 2015
Mon Jul 20 10:38:36 EDT 2015
Mon Jul 20 10:38:38 EDT 2015
Mon Jul 20 10:38:39 EDT 2015
Mon Jul 20 10:38:41 EDT 2015
Mon Jul 20 10:38:43 EDT 2015
Mon Jul 20 10:38:44 EDT 2015
Mon Jul 20 10:38:46 EDT 2015
Mon Jul 20 10:38:48 EDT 2015
Mon Jul 20 10:38:50 EDT 2015
Mon Jul 20 10:38:51 EDT 2015
Mon Jul 20 10:38:53 EDT 2015
Mon Jul 20 10:38:54 EDT 2015
Mon Jul 20 10:38:56 EDT 2015
Mon Jul 20 10:38:58 EDT 2015
 Copyright (C) 1995-2015 - All Rights Reserved
 University Corporation for Atmospheric Research
 NCAR Command Language Version 6.3.0
 The use of this software is governed by a License Agreement.
 See http://www.ncl.ucar.edu/ for more details.
(0)	DATE : 2008-6-1_1145-1510
(0)	NOW READING MODIS FILE : MYD04_L2.A2008153.1145.006.2013347195441.hdf
(0)	NOW READING MODIS FILE : MYD04_L2.A2008153.1150.006.2013347194018.hdf
(0)	NOW READING MODIS FILE : MYD04_L2.A2008153.1155.006.2013347200152.hdf
(0)	NOW READING MODIS FILE : MYD04_L2.A2008153.1320.006.2013347194458.hdf
(0)	NOW READING MODIS FILE : MYD04_L2.A2008153.1325.006.2013347194235.hdf
(0)	NOW READING MODIS FILE : MYD04_L2.A2008153.1330.006.2013347194352.hdf
(0)	NOW READING MODIS FILE : MYD04_L2.A2008153.1500.006.2013347194433.hdf
(0)	NOW READING MODIS FILE : MYD04_L2.A2008153.1505.006.2013347194541.hdf
(0)	NOW READING MODIS FILE : MYD04_L2.A2008153.1510.006.2013347194231.hdf
(0)	DATE : 2008-6-2_1225-1545
(0)	NOW READING MODIS FILE : MYD04_L2.A2008154.1225.006.2013347200837.hdf
(0)	NOW READING MODIS FILE : MYD04_L2.A2008154.1230.006.2013347201658.hdf
(0)	NOW READING MODIS FILE : MYD04_L2.A2008154.1235.006.2013347201548.hdf
(0)	NOW READING MODIS FILE : MYD04_L2.A2008154.1405.006.2013347201055.hdf
(0)	NOW READING MODIS FILE : MYD04_L2.A2008154.1410.006.2013347200641.hdf
(0)	NOW READING MODIS FILE : MYD04_L2.A2008154.1415.006.2013347200811.hdf
(0)	NOW READING MODIS FILE : MYD04_L2.A2008154.1540.006.2013347202021.hdf
(0)	NOW READING MODIS FILE : MYD04_L2.A2008154.1545.006.2013347201058.hdf
(0)	DATE : 2008-6-3_1135-1500
(0)	NOW READING MODIS FILE : MYD04_L2.A2008155.1135.006.2013347205022.hdf
(0)	NOW READING MODIS FILE : MYD04_L2.A2008155.1140.006.2013347204728.hdf
(0)	NOW READING MODIS FILE : MYD04_L2.A2008155.1310.006.2013347203512.hdf
(0)	NOW READING MODIS FILE : MYD04_L2.A2008155.1315.006.2013347202934.hdf
(0)	NOW READING MODIS FILE : MYD04_L2.A2008155.1320.006.2013347205317.hdf
(0)	NOW READING MODIS FILE : MYD04_L2.A2008155.1445.006.2013347203348.hdf
(0)	NOW READING MODIS FILE : MYD04_L2.A2008155.1450.006.2013347203342.hdf
(0)	NOW READING MODIS FILE : MYD04_L2.A2008155.1455.006.2013347202630.hdf
(0)	NOW READING MODIS FILE : MYD04_L2.A2008155.1500.006.2013347203147.hdf
(0)	DATE : 2008-6-4_1215-1540
(0)	NOW READING MODIS FILE : MYD04_L2.A2008156.1215.006.2013347185228.hdf
(0)	NOW READING MODIS FILE : MYD04_L2.A2008156.1220.006.2013347183821.hdf
(0)	NOW READING MODIS FILE : MYD04_L2.A2008156.1225.006.2013347185402.hdf
(0)	NOW READING MODIS FILE : MYD04_L2.A2008156.1350.006.2013347183913.hdf
(0)	NOW READING MODIS FILE : MYD04_L2.A2008156.1355.006.2013347185131.hdf
(0)	NOW READING MODIS FILE : MYD04_L2.A2008156.1400.006.2013347183958.hdf
(0)	NOW READING MODIS FILE : MYD04_L2.A2008156.1405.006.2013347185017.hdf
(0)	NOW READING MODIS FILE : MYD04_L2.A2008156.1530.006.2013347184815.hdf
(0)	NOW READING MODIS FILE : MYD04_L2.A2008156.1535.006.2013347185527.hdf
(0)	NOW READING MODIS FILE : MYD04_L2.A2008156.1540.006.2013347184927.hdf
(0)	DATE : 2008-6-5_1125-1445
(0)	NOW READING MODIS FILE : MYD04_L2.A2008157.1125.006.2013347190347.hdf
(0)	NOW READING MODIS FILE : MYD04_L2.A2008157.1130.006.2013347191542.hdf
(0)	NOW READING MODIS FILE : MYD04_L2.A2008157.1255.006.2013347190415.hdf
(0)	NOW READING MODIS FILE : MYD04_L2.A2008157.1300.006.2013347192055.hdf
(0)	NOW READING MODIS FILE : MYD04_L2.A2008157.1305.006.2013347185928.hdf
(0)	NOW READING MODIS FILE : MYD04_L2.A2008157.1310.006.2013347194902.hdf
(0)	NOW READING MODIS FILE : MYD04_L2.A2008157.1435.006.2013347190329.hdf
(0)	NOW READING MODIS FILE : MYD04_L2.A2008157.1440.006.2013347190058.hdf
(0)	NOW READING MODIS FILE : MYD04_L2.A2008157.1445.006.2013347190013.hdf
(0)	DATE : 2008-6-6_1200-1530
(0)	NOW READING MODIS FILE : MYD04_L2.A2008158.1200.006.2013347192734.hdf
(0)	NOW READING MODIS FILE : MYD04_L2.A2008158.1205.006.2013347194152.hdf
(0)	NOW READING MODIS FILE : MYD04_L2.A2008158.1210.006.2013347192127.hdf
(0)	NOW READING MODIS FILE : MYD04_L2.A2008158.1340.006.2013347192729.hdf
(0)	NOW READING MODIS FILE : MYD04_L2.A2008158.1345.006.2013347192243.hdf
(0)	NOW READING MODIS FILE : MYD04_L2.A2008158.1350.006.2013347193330.hdf
(0)	NOW READING MODIS FILE : MYD04_L2.A2008158.1515.006.2013347193124.hdf
(0)	NOW READING MODIS FILE : MYD04_L2.A2008158.1520.006.2013347193659.hdf
(0)	NOW READING MODIS FILE : MYD04_L2.A2008158.1525.006.2013347192131.hdf
(0)	NOW READING MODIS FILE : MYD04_L2.A2008158.1530.006.2013347192056.hdf
(0)	DATE : 2008-6-7_1245-1600
(0)	NOW READING MODIS FILE : MYD04_L2.A2008159.1245.006.2013347183704.hdf
(0)	NOW READING MODIS FILE : MYD04_L2.A2008159.1250.006.2013347183151.hdf
(0)	NOW READING MODIS FILE : MYD04_L2.A2008159.1255.006.2013347183305.hdf
(0)	NOW READING MODIS FILE : MYD04_L2.A2008159.1420.006.2013347182719.hdf
(0)	NOW READING MODIS FILE : MYD04_L2.A2008159.1425.006.2013347181652.hdf
(0)	NOW READING MODIS FILE : MYD04_L2.A2008159.1430.006.2013347184656.hdf
(0)	NOW READING MODIS FILE : MYD04_L2.A2008159.1435.006.2013347183504.hdf
(0)	NOW READING MODIS FILE : MYD04_L2.A2008159.1600.006.2013347184526.hdf
(0)	DATE : 2008-6-8_1150-1515
(0)	NOW READING MODIS FILE : MYD04_L2.A2008160.1150.006.2013347225730.hdf
(0)	NOW READING MODIS FILE : MYD04_L2.A2008160.1155.006.2013347224902.hdf
(0)	NOW READING MODIS FILE : MYD04_L2.A2008160.1200.006.2013347225133.hdf
(0)	NOW READING MODIS FILE : MYD04_L2.A2008160.1325.006.2013347223710.hdf
(0)	NOW READING MODIS FILE : MYD04_L2.A2008160.1330.006.2013347223549.hdf
(0)	NOW READING MODIS FILE : MYD04_L2.A2008160.1335.006.2013347224146.hdf
(0)	NOW READING MODIS FILE : MYD04_L2.A2008160.1340.006.2013347225254.hdf
(0)	NOW READING MODIS FILE : MYD04_L2.A2008160.1505.006.2013347224658.hdf
(0)	NOW READING MODIS FILE : MYD04_L2.A2008160.1510.006.2013347224745.hdf
(0)	NOW READING MODIS FILE : MYD04_L2.A2008160.1515.006.2013347224409.hdf
(0)	DATE : 2008-6-9_1230-1550
(0)	NOW READING MODIS FILE : MYD04_L2.A2008161.1230.006.2013348023704.hdf
(0)	NOW READING MODIS FILE : MYD04_L2.A2008161.1235.006.2013348024758.hdf
(0)	NOW READING MODIS FILE : MYD04_L2.A2008161.1240.006.2013348023415.hdf
(0)	NOW READING MODIS FILE : MYD04_L2.A2008161.1245.006.2013348024647.hdf
(0)	NOW READING MODIS FILE : MYD04_L2.A2008161.1410.006.2013348022930.hdf
(0)	NOW READING MODIS FILE : MYD04_L2.A2008161.1415.006.2013348023323.hdf
(0)	NOW READING MODIS FILE : MYD04_L2.A2008161.1420.006.2013348023153.hdf
(0)	NOW READING MODIS FILE : MYD04_L2.A2008161.1550.006.2013348023638.hdf
(0)	DATE : 2008-6-10_1140-1505
(0)	NOW READING MODIS FILE : MYD04_L2.A2008162.1140.006.2013348025429.hdf
(0)	NOW READING MODIS FILE : MYD04_L2.A2008162.1145.006.2013348025026.hdf
(0)	NOW READING MODIS FILE : MYD04_L2.A2008162.1315.006.2013348030012.hdf
(0)	NOW READING MODIS FILE : MYD04_L2.A2008162.1320.006.2013348024640.hdf
(0)	NOW READING MODIS FILE : MYD04_L2.A2008162.1325.006.2013348025042.hdf
(0)	NOW READING MODIS FILE : MYD04_L2.A2008162.1455.006.2013348024908.hdf
(0)	NOW READING MODIS FILE : MYD04_L2.A2008162.1500.006.2013348030251.hdf
(0)	NOW READING MODIS FILE : MYD04_L2.A2008162.1505.006.2013348025626.hdf
(0)	DATE : 2008-6-11_1220-1540
(0)	NOW READING MODIS FILE : MYD04_L2.A2008163.1220.006.2013348031139.hdf
(0)	NOW READING MODIS FILE : MYD04_L2.A2008163.1225.006.2013348031715.hdf
(0)	NOW READING MODIS FILE : MYD04_L2.A2008163.1230.006.2013348031537.hdf
(0)	NOW READING MODIS FILE : MYD04_L2.A2008163.1355.006.2013348030104.hdf
(0)	NOW READING MODIS FILE : MYD04_L2.A2008163.1400.006.2013348030359.hdf
(0)	NOW READING MODIS FILE : MYD04_L2.A2008163.1405.006.2013348030613.hdf
(0)	NOW READING MODIS FILE : MYD04_L2.A2008163.1410.006.2013348031600.hdf
(0)	NOW READING MODIS FILE : MYD04_L2.A2008163.1535.006.2013348030648.hdf
(0)	NOW READING MODIS FILE : MYD04_L2.A2008163.1540.006.2013348031708.hdf
(0)	DATE : 2008-6-12_1130-1450
(0)	NOW READING MODIS FILE : MYD04_L2.A2008164.1130.006.2013348034830.hdf
(0)	NOW READING MODIS FILE : MYD04_L2.A2008164.1135.006.2013348033752.hdf
(0)	NOW READING MODIS FILE : MYD04_L2.A2008164.1300.006.2013348032353.hdf
(0)	NOW READING MODIS FILE : MYD04_L2.A2008164.1305.006.2013348034817.hdf
(0)	NOW READING MODIS FILE : MYD04_L2.A2008164.1310.006.2013348033418.hdf
(0)	NOW READING MODIS FILE : MYD04_L2.A2008164.1315.006.2013348033453.hdf
(0)	NOW READING MODIS FILE : MYD04_L2.A2008164.1440.006.2013348032537.hdf
(0)	NOW READING MODIS FILE : MYD04_L2.A2008164.1445.006.2013348033239.hdf
(0)	NOW READING MODIS FILE : MYD04_L2.A2008164.1450.006.2013348032624.hdf
(0)	DATE : 2008-6-13_1205-1535
(0)	NOW READING MODIS FILE : MYD04_L2.A2008165.1205.006.2013348040747.hdf
(0)	NOW READING MODIS FILE : MYD04_L2.A2008165.1210.006.2013348042510.hdf
(0)	NOW READING MODIS FILE : MYD04_L2.A2008165.1215.006.2013348041355.hdf
(0)	NOW READING MODIS FILE : MYD04_L2.A2008165.1220.006.2013348042237.hdf
(0)	NOW READING MODIS FILE : MYD04_L2.A2008165.1345.006.2013348034057.hdf
(0)	NOW READING MODIS FILE : MYD04_L2.A2008165.1350.006.2013348035202.hdf
(0)	NOW READING MODIS FILE : MYD04_L2.A2008165.1355.006.2013348040359.hdf
(0)	NOW READING MODIS FILE : MYD04_L2.A2008165.1525.006.2013348034417.hdf
(0)	NOW READING MODIS FILE : MYD04_L2.A2008165.1530.006.2013348040028.hdf
(0)	NOW READING MODIS FILE : MYD04_L2.A2008165.1535.006.2013348034003.hdf
(0)	DATE : 2008-6-14_1250-1440
(0)	NOW READING MODIS FILE : MYD04_L2.A2008166.1250.006.2013348041546.hdf
(0)	NOW READING MODIS FILE : MYD04_L2.A2008166.1255.006.2013348041748.hdf
(0)	NOW READING MODIS FILE : MYD04_L2.A2008166.1300.006.2013348041110.hdf
(0)	NOW READING MODIS FILE : MYD04_L2.A2008166.1430.006.2013348041248.hdf
(0)	NOW READING MODIS FILE : MYD04_L2.A2008166.1435.006.2013348041613.hdf
(0)	NOW READING MODIS FILE : MYD04_L2.A2008166.1440.006.2013348041315.hdf
(0)	DATE : 2008-6-15_1155-1525
(0)	NOW READING MODIS FILE : MYD04_L2.A2008167.1155.006.2013348065045.hdf
(0)	NOW READING MODIS FILE : MYD04_L2.A2008167.1200.006.2013348065354.hdf
(0)	NOW READING MODIS FILE : MYD04_L2.A2008167.1205.006.2013348064846.hdf
(0)	NOW READING MODIS FILE : MYD04_L2.A2008167.1335.006.2013348064518.hdf
(0)	NOW READING MODIS FILE : MYD04_L2.A2008167.1340.006.2013348064154.hdf
(0)	NOW READING MODIS FILE : MYD04_L2.A2008167.1345.006.2013348071911.hdf
(0)	NOW READING MODIS FILE : MYD04_L2.A2008167.1510.006.2013348064213.hdf
(0)	NOW READING MODIS FILE : MYD04_L2.A2008167.1515.006.2013348064441.hdf
(0)	NOW READING MODIS FILE : MYD04_L2.A2008167.1520.006.2013348064924.hdf
(0)	NOW READING MODIS FILE : MYD04_L2.A2008167.1525.006.2013348064750.hdf
(0)	DATE : 2008-6-16_1240-1555
(0)	NOW READING MODIS FILE : MYD04_L2.A2008168.1240.006.2013348053638.hdf
(0)	NOW READING MODIS FILE : MYD04_L2.A2008168.1245.006.2013348053210.hdf
(0)	NOW READING MODIS FILE : MYD04_L2.A2008168.1250.006.2013348054054.hdf
(0)	NOW READING MODIS FILE : MYD04_L2.A2008168.1415.006.2013348054239.hdf
(0)	NOW READING MODIS FILE : MYD04_L2.A2008168.1420.006.2013348052809.hdf
(0)	NOW READING MODIS FILE : MYD04_L2.A2008168.1425.006.2013348052532.hdf
(0)	NOW READING MODIS FILE : MYD04_L2.A2008168.1430.006.2013348053255.hdf
(0)	NOW READING MODIS FILE : MYD04_L2.A2008168.1555.006.2013348053814.hdf
(0)	DATE : 2008-6-17_1145-1510
(0)	NOW READING MODIS FILE : MYD04_L2.A2008169.1145.006.2013348113854.hdf
(0)	NOW READING MODIS FILE : MYD04_L2.A2008169.1150.006.2013348114213.hdf
(0)	NOW READING MODIS FILE : MYD04_L2.A2008169.1155.006.2013348115239.hdf
(0)	NOW READING MODIS FILE : MYD04_L2.A2008169.1320.006.2013348111815.hdf
(0)	NOW READING MODIS FILE : MYD04_L2.A2008169.1325.006.2013348111257.hdf
(0)	NOW READING MODIS FILE : MYD04_L2.A2008169.1330.006.2013348111012.hdf
(0)	NOW READING MODIS FILE : MYD04_L2.A2008169.1500.006.2013348111101.hdf
(0)	NOW READING MODIS FILE : MYD04_L2.A2008169.1505.006.2013348113445.hdf
(0)	NOW READING MODIS FILE : MYD04_L2.A2008169.1510.006.2013348111825.hdf
(0)	DATE : 2008-6-18_1225-1545
(0)	NOW READING MODIS FILE : MYD04_L2.A2008170.1225.006.2013348114222.hdf
(0)	NOW READING MODIS FILE : MYD04_L2.A2008170.1230.006.2013348115457.hdf
(0)	NOW READING MODIS FILE : MYD04_L2.A2008170.1235.006.2013348114204.hdf
(0)	NOW READING MODIS FILE : MYD04_L2.A2008170.1405.006.2013348114244.hdf
(0)	NOW READING MODIS FILE : MYD04_L2.A2008170.1410.006.2013348114130.hdf
(0)	NOW READING MODIS FILE : MYD04_L2.A2008170.1415.006.2013348114157.hdf
(0)	NOW READING MODIS FILE : MYD04_L2.A2008170.1540.006.2013348114222.hdf
(0)	NOW READING MODIS FILE : MYD04_L2.A2008170.1545.006.2013348114612.hdf
(0)	DATE : 2008-6-19_1135-1500
(0)	NOW READING MODIS FILE : MYD04_L2.A2008171.1135.006.2013348121049.hdf
(0)	NOW READING MODIS FILE : MYD04_L2.A2008171.1140.006.2013348122343.hdf
(0)	NOW READING MODIS FILE : MYD04_L2.A2008171.1310.006.2013348115754.hdf
(0)	NOW READING MODIS FILE : MYD04_L2.A2008171.1315.006.2013348121554.hdf
(0)	NOW READING MODIS FILE : MYD04_L2.A2008171.1320.006.2013348122444.hdf
(0)	NOW READING MODIS FILE : MYD04_L2.A2008171.1445.006.2013348115128.hdf
(0)	NOW READING MODIS FILE : MYD04_L2.A2008171.1450.006.2013348115339.hdf
(0)	NOW READING MODIS FILE : MYD04_L2.A2008171.1455.006.2013348115336.hdf
(0)	NOW READING MODIS FILE : MYD04_L2.A2008171.1500.006.2013348115921.hdf
(0)	DATE : 2008-6-20_1215-1540
(0)	NOW READING MODIS FILE : MYD04_L2.A2008172.1215.006.2013348122738.hdf
(0)	NOW READING MODIS FILE : MYD04_L2.A2008172.1220.006.2013348122334.hdf
(0)	NOW READING MODIS FILE : MYD04_L2.A2008172.1225.006.2013348123049.hdf
(0)	NOW READING MODIS FILE : MYD04_L2.A2008172.1350.006.2013348121717.hdf
(0)	NOW READING MODIS FILE : MYD04_L2.A2008172.1355.006.2013348122545.hdf
(0)	NOW READING MODIS FILE : MYD04_L2.A2008172.1400.006.2013348121748.hdf
(0)	NOW READING MODIS FILE : MYD04_L2.A2008172.1405.006.2013348124434.hdf
(0)	NOW READING MODIS FILE : MYD04_L2.A2008172.1530.006.2013348121743.hdf
(0)	NOW READING MODIS FILE : MYD04_L2.A2008172.1535.006.2013348121746.hdf
(0)	NOW READING MODIS FILE : MYD04_L2.A2008172.1540.006.2013348121335.hdf
(0)	DATE : 2008-6-21_1130-1445
(0)	NOW READING MODIS FILE : MYD04_L2.A2008173.1130.006.2013348123836.hdf
(0)	NOW READING MODIS FILE : MYD04_L2.A2008173.1255.006.2013348123317.hdf
(0)	NOW READING MODIS FILE : MYD04_L2.A2008173.1300.006.2013348123303.hdf
(0)	NOW READING MODIS FILE : MYD04_L2.A2008173.1305.006.2013348122806.hdf
(0)	NOW READING MODIS FILE : MYD04_L2.A2008173.1310.006.2013348124559.hdf
(0)	NOW READING MODIS FILE : MYD04_L2.A2008173.1435.006.2013348123208.hdf
(0)	NOW READING MODIS FILE : MYD04_L2.A2008173.1440.006.2013348124446.hdf
(0)	NOW READING MODIS FILE : MYD04_L2.A2008173.1445.006.2013348123206.hdf
(0)	DATE : 2008-6-22_1200-1530
(0)	NOW READING MODIS FILE : MYD04_L2.A2008174.1200.006.2013348130219.hdf
(0)	NOW READING MODIS FILE : MYD04_L2.A2008174.1205.006.2013348131532.hdf
(0)	NOW READING MODIS FILE : MYD04_L2.A2008174.1210.006.2013348130306.hdf
(0)	NOW READING MODIS FILE : MYD04_L2.A2008174.1340.006.2013348130502.hdf
(0)	NOW READING MODIS FILE : MYD04_L2.A2008174.1345.006.2013348125743.hdf
(0)	NOW READING MODIS FILE : MYD04_L2.A2008174.1350.006.2013348131306.hdf
(0)	NOW READING MODIS FILE : MYD04_L2.A2008174.1520.006.2013348131815.hdf
(0)	NOW READING MODIS FILE : MYD04_L2.A2008174.1525.006.2013348130130.hdf
(0)	NOW READING MODIS FILE : MYD04_L2.A2008174.1530.006.2013348130014.hdf
(0)	DATE : 2008-6-23_1245-1600
(0)	NOW READING MODIS FILE : MYD04_L2.A2008175.1245.006.2013348134049.hdf
(0)	NOW READING MODIS FILE : MYD04_L2.A2008175.1250.006.2013348133111.hdf
(0)	NOW READING MODIS FILE : MYD04_L2.A2008175.1255.006.2013348132924.hdf
(0)	NOW READING MODIS FILE : MYD04_L2.A2008175.1420.006.2013348132655.hdf
(0)	NOW READING MODIS FILE : MYD04_L2.A2008175.1425.006.2013348133408.hdf
(0)	NOW READING MODIS FILE : MYD04_L2.A2008175.1430.006.2013348132956.hdf
(0)	NOW READING MODIS FILE : MYD04_L2.A2008175.1435.006.2013348133108.hdf
(0)	NOW READING MODIS FILE : MYD04_L2.A2008175.1600.006.2013348133220.hdf
(0)	DATE : 2008-6-24_1150-1515
(0)	NOW READING MODIS FILE : MYD04_L2.A2008176.1150.006.2013348165325.hdf
(0)	NOW READING MODIS FILE : MYD04_L2.A2008176.1155.006.2013348165942.hdf
(0)	NOW READING MODIS FILE : MYD04_L2.A2008176.1200.006.2013348164514.hdf
(0)	NOW READING MODIS FILE : MYD04_L2.A2008176.1325.006.2013348163920.hdf
(0)	NOW READING MODIS FILE : MYD04_L2.A2008176.1330.006.2013348164404.hdf
(0)	NOW READING MODIS FILE : MYD04_L2.A2008176.1335.006.2013348163936.hdf
(0)	NOW READING MODIS FILE : MYD04_L2.A2008176.1340.006.2013348165035.hdf
(0)	NOW READING MODIS FILE : MYD04_L2.A2008176.1505.006.2013348164520.hdf
(0)	NOW READING MODIS FILE : MYD04_L2.A2008176.1510.006.2013348164213.hdf
(0)	NOW READING MODIS FILE : MYD04_L2.A2008176.1515.006.2013348164034.hdf
(0)	DATE : 2008-6-25_1230-1550
(0)	NOW READING MODIS FILE : MYD04_L2.A2008177.1230.006.2013348144815.hdf
(0)	NOW READING MODIS FILE : MYD04_L2.A2008177.1235.006.2013348151631.hdf
(0)	NOW READING MODIS FILE : MYD04_L2.A2008177.1240.006.2013348144355.hdf
(0)	NOW READING MODIS FILE : MYD04_L2.A2008177.1245.006.2013348145157.hdf
(0)	NOW READING MODIS FILE : MYD04_L2.A2008177.1410.006.2013348145827.hdf
(0)	NOW READING MODIS FILE : MYD04_L2.A2008177.1415.006.2013348144624.hdf
(0)	NOW READING MODIS FILE : MYD04_L2.A2008177.1420.006.2013348144321.hdf
(0)	NOW READING MODIS FILE : MYD04_L2.A2008177.1550.006.2013348144644.hdf
(0)	DATE : 2008-6-26_1140-1505
(0)	NOW READING MODIS FILE : MYD04_L2.A2008178.1140.006.2013348135545.hdf
(0)	NOW READING MODIS FILE : MYD04_L2.A2008178.1145.006.2013348135409.hdf
(0)	NOW READING MODIS FILE : MYD04_L2.A2008178.1315.006.2013348135759.hdf
(0)	NOW READING MODIS FILE : MYD04_L2.A2008178.1320.006.2013348134321.hdf
(0)	NOW READING MODIS FILE : MYD04_L2.A2008178.1325.006.2013348133846.hdf
(0)	NOW READING MODIS FILE : MYD04_L2.A2008178.1455.006.2013348134103.hdf
(0)	NOW READING MODIS FILE : MYD04_L2.A2008178.1500.006.2013348134318.hdf
(0)	NOW READING MODIS FILE : MYD04_L2.A2008178.1505.006.2013348134029.hdf
(0)	DATE : 2008-6-27_1220-1540
(0)	NOW READING MODIS FILE : MYD04_L2.A2008179.1220.006.2013348154338.hdf
(0)	NOW READING MODIS FILE : MYD04_L2.A2008179.1225.006.2013348152430.hdf
(0)	NOW READING MODIS FILE : MYD04_L2.A2008179.1230.006.2013348151308.hdf
(0)	NOW READING MODIS FILE : MYD04_L2.A2008179.1355.006.2013348151243.hdf
(0)	NOW READING MODIS FILE : MYD04_L2.A2008179.1400.006.2013348151346.hdf
(0)	NOW READING MODIS FILE : MYD04_L2.A2008179.1405.006.2013348151429.hdf
(0)	NOW READING MODIS FILE : MYD04_L2.A2008179.1410.006.2013348152135.hdf
(0)	NOW READING MODIS FILE : MYD04_L2.A2008179.1535.006.2013348152818.hdf
(0)	NOW READING MODIS FILE : MYD04_L2.A2008179.1540.006.2013348152540.hdf
(0)	DATE : 2008-6-28_1130-1450
(0)	NOW READING MODIS FILE : MYD04_L2.A2008180.1130.006.2013348154136.hdf
(0)	NOW READING MODIS FILE : MYD04_L2.A2008180.1135.006.2013348155406.hdf
(0)	NOW READING MODIS FILE : MYD04_L2.A2008180.1300.006.2013348153223.hdf
(0)	NOW READING MODIS FILE : MYD04_L2.A2008180.1305.006.2013348160137.hdf
(0)	NOW READING MODIS FILE : MYD04_L2.A2008180.1310.006.2013348153511.hdf
(0)	NOW READING MODIS FILE : MYD04_L2.A2008180.1315.006.2013348155311.hdf
(0)	NOW READING MODIS FILE : MYD04_L2.A2008180.1440.006.2013348153303.hdf
(0)	NOW READING MODIS FILE : MYD04_L2.A2008180.1445.006.2013348155643.hdf
(0)	NOW READING MODIS FILE : MYD04_L2.A2008180.1450.006.2013348153702.hdf
(0)	DATE : 2008-6-29_1205-1535
(0)	NOW READING MODIS FILE : MYD04_L2.A2008181.1205.006.2013348155741.hdf
(0)	NOW READING MODIS FILE : MYD04_L2.A2008181.1210.006.2013348161856.hdf
(0)	NOW READING MODIS FILE : MYD04_L2.A2008181.1215.006.2013348155952.hdf
(0)	NOW READING MODIS FILE : MYD04_L2.A2008181.1220.006.2013348160725.hdf
(0)	NOW READING MODIS FILE : MYD04_L2.A2008181.1345.006.2013348155659.hdf
(0)	NOW READING MODIS FILE : MYD04_L2.A2008181.1350.006.2013348155746.hdf
(0)	NOW READING MODIS FILE : MYD04_L2.A2008181.1355.006.2013348155718.hdf
(0)	NOW READING MODIS FILE : MYD04_L2.A2008181.1525.006.2013348155943.hdf
(0)	NOW READING MODIS FILE : MYD04_L2.A2008181.1530.006.2013348155847.hdf
(0)	NOW READING MODIS FILE : MYD04_L2.A2008181.1535.006.2013348160053.hdf
(0)	DATE : 2008-6-30_1250-1440
(0)	NOW READING MODIS FILE : MYD04_L2.A2008182.1250.006.2013348143754.hdf
(0)	NOW READING MODIS FILE : MYD04_L2.A2008182.1255.006.2013348143404.hdf
(0)	NOW READING MODIS FILE : MYD04_L2.A2008182.1300.006.2013348142744.hdf
(0)	NOW READING MODIS FILE : MYD04_L2.A2008182.1430.006.2013348144041.hdf
(0)	NOW READING MODIS FILE : MYD04_L2.A2008182.1435.006.2013348143200.hdf
(0)	NOW READING MODIS FILE : MYD04_L2.A2008182.1440.006.2013348142811.hdf
(0)	DATE : 2008-7-1_1155-1525
(0)	NOW READING MODIS FILE : MYD04_L2.A2008183.1155.006.2013348142405.hdf
(0)	NOW READING MODIS FILE : MYD04_L2.A2008183.1200.006.2013348144701.hdf
(0)	NOW READING MODIS FILE : MYD04_L2.A2008183.1205.006.2013348142243.hdf
(0)	NOW READING MODIS FILE : MYD04_L2.A2008183.1335.006.2013348142302.hdf
(0)	NOW READING MODIS FILE : MYD04_L2.A2008183.1340.006.2013348142549.hdf
(0)	NOW READING MODIS FILE : MYD04_L2.A2008183.1345.006.2013348142045.hdf
(0)	NOW READING MODIS FILE : MYD04_L2.A2008183.1510.006.2013348141711.hdf
(0)	NOW READING MODIS FILE : MYD04_L2.A2008183.1515.006.2013348142053.hdf
(0)	NOW READING MODIS FILE : MYD04_L2.A2008183.1520.006.2013348141735.hdf
(0)	NOW READING MODIS FILE : MYD04_L2.A2008183.1525.006.2013348142407.hdf
(0)	DATE : 2008-7-2_1240-1555
(0)	NOW READING MODIS FILE : MYD04_L2.A2008184.1240.006.2013348173123.hdf
(0)	NOW READING MODIS FILE : MYD04_L2.A2008184.1245.006.2013348165136.hdf
(0)	NOW READING MODIS FILE : MYD04_L2.A2008184.1250.006.2013348163248.hdf
(0)	NOW READING MODIS FILE : MYD04_L2.A2008184.1415.006.2013348161723.hdf
(0)	NOW READING MODIS FILE : MYD04_L2.A2008184.1420.006.2013348162718.hdf
(0)	NOW READING MODIS FILE : MYD04_L2.A2008184.1425.006.2013348162154.hdf
(0)	NOW READING MODIS FILE : MYD04_L2.A2008184.1430.006.2013348165214.hdf
(0)	NOW READING MODIS FILE : MYD04_L2.A2008184.1555.006.2013348162943.hdf
(0)	DATE : 2008-7-3_1145-1510
(0)	NOW READING MODIS FILE : MYD04_L2.A2008185.1145.006.2013348210122.hdf
(0)	NOW READING MODIS FILE : MYD04_L2.A2008185.1150.006.2013348204703.hdf
(0)	NOW READING MODIS FILE : MYD04_L2.A2008185.1155.006.2013348210239.hdf
(0)	NOW READING MODIS FILE : MYD04_L2.A2008185.1320.006.2013348204540.hdf
(0)	NOW READING MODIS FILE : MYD04_L2.A2008185.1325.006.2013348204726.hdf
(0)	NOW READING MODIS FILE : MYD04_L2.A2008185.1330.006.2013348204544.hdf
(0)	NOW READING MODIS FILE : MYD04_L2.A2008185.1335.006.2013348205937.hdf
(0)	NOW READING MODIS FILE : MYD04_L2.A2008185.1500.006.2013348204642.hdf
(0)	NOW READING MODIS FILE : MYD04_L2.A2008185.1505.006.2013348204846.hdf
(0)	NOW READING MODIS FILE : MYD04_L2.A2008185.1510.006.2013348204652.hdf
(0)	DATE : 2008-7-4_1225-1545
(0)	NOW READING MODIS FILE : MYD04_L2.A2008186.1225.006.2013348211704.hdf
(0)	NOW READING MODIS FILE : MYD04_L2.A2008186.1230.006.2013348212855.hdf
(0)	NOW READING MODIS FILE : MYD04_L2.A2008186.1235.006.2013348211905.hdf
(0)	NOW READING MODIS FILE : MYD04_L2.A2008186.1405.006.2013348211655.hdf
(0)	NOW READING MODIS FILE : MYD04_L2.A2008186.1410.006.2013348212123.hdf
(0)	NOW READING MODIS FILE : MYD04_L2.A2008186.1415.006.2013348211908.hdf
(0)	NOW READING MODIS FILE : MYD04_L2.A2008186.1540.006.2013348211914.hdf
(0)	NOW READING MODIS FILE : MYD04_L2.A2008186.1545.006.2013348211548.hdf
(0)	DATE : 2008-7-5_1135-1500
(0)	NOW READING MODIS FILE : MYD04_L2.A2008187.1135.006.2013348215437.hdf
(0)	NOW READING MODIS FILE : MYD04_L2.A2008187.1140.006.2013348214547.hdf
(0)	NOW READING MODIS FILE : MYD04_L2.A2008187.1310.006.2013348214533.hdf
(0)	NOW READING MODIS FILE : MYD04_L2.A2008187.1315.006.2013348214945.hdf
(0)	NOW READING MODIS FILE : MYD04_L2.A2008187.1320.006.2013348214805.hdf
(0)	NOW READING MODIS FILE : MYD04_L2.A2008187.1445.006.2013348214341.hdf
(0)	NOW READING MODIS FILE : MYD04_L2.A2008187.1450.006.2013348214742.hdf
(0)	NOW READING MODIS FILE : MYD04_L2.A2008187.1455.006.2013348215002.hdf
(0)	NOW READING MODIS FILE : MYD04_L2.A2008187.1500.006.2013348214531.hdf
(0)	DATE : 2008-7-6_1215-1540
(0)	NOW READING MODIS FILE : MYD04_L2.A2008188.1215.006.2013348221812.hdf
(0)	NOW READING MODIS FILE : MYD04_L2.A2008188.1220.006.2013348220452.hdf
(0)	NOW READING MODIS FILE : MYD04_L2.A2008188.1225.006.2013348221315.hdf
(0)	NOW READING MODIS FILE : MYD04_L2.A2008188.1350.006.2013348220156.hdf
(0)	NOW READING MODIS FILE : MYD04_L2.A2008188.1355.006.2013348220415.hdf
(0)	NOW READING MODIS FILE : MYD04_L2.A2008188.1400.006.2013348220955.hdf
(0)	NOW READING MODIS FILE : MYD04_L2.A2008188.1405.006.2013348221422.hdf
(0)	NOW READING MODIS FILE : MYD04_L2.A2008188.1530.006.2013348215905.hdf
(0)	NOW READING MODIS FILE : MYD04_L2.A2008188.1535.006.2013348220114.hdf
(0)	NOW READING MODIS FILE : MYD04_L2.A2008188.1540.006.2013348220148.hdf
(0)	DATE : 2008-7-7_1130-1445
(0)	NOW READING MODIS FILE : MYD04_L2.A2008189.1130.006.2013348222801.hdf
(0)	NOW READING MODIS FILE : MYD04_L2.A2008189.1255.006.2013348221600.hdf
(0)	NOW READING MODIS FILE : MYD04_L2.A2008189.1300.006.2013348222552.hdf
(0)	NOW READING MODIS FILE : MYD04_L2.A2008189.1305.006.2013348221817.hdf
(0)	NOW READING MODIS FILE : MYD04_L2.A2008189.1310.006.2013348222848.hdf
(0)	NOW READING MODIS FILE : MYD04_L2.A2008189.1435.006.2013348224118.hdf
(0)	NOW READING MODIS FILE : MYD04_L2.A2008189.1440.006.2013348224041.hdf
(0)	NOW READING MODIS FILE : MYD04_L2.A2008189.1445.006.2013348221806.hdf
(0)	DATE : 2008-7-8_1200-1530
(0)	NOW READING MODIS FILE : MYD04_L2.A2008190.1200.006.2013348224303.hdf
(0)	NOW READING MODIS FILE : MYD04_L2.A2008190.1205.006.2013348225506.hdf
(0)	NOW READING MODIS FILE : MYD04_L2.A2008190.1210.006.2013348224017.hdf
(0)	NOW READING MODIS FILE : MYD04_L2.A2008190.1340.006.2013348224028.hdf
(0)	NOW READING MODIS FILE : MYD04_L2.A2008190.1345.006.2013348223748.hdf
(0)	NOW READING MODIS FILE : MYD04_L2.A2008190.1350.006.2013348224124.hdf
(0)	NOW READING MODIS FILE : MYD04_L2.A2008190.1520.006.2013348224754.hdf
(0)	NOW READING MODIS FILE : MYD04_L2.A2008190.1525.006.2013348224823.hdf
(0)	NOW READING MODIS FILE : MYD04_L2.A2008190.1530.006.2013348223923.hdf
(0)	DATE : 2008-7-9_1245-1600
(0)	NOW READING MODIS FILE : MYD04_L2.A2008191.1245.006.2013348231536.hdf
(0)	NOW READING MODIS FILE : MYD04_L2.A2008191.1250.006.2013348230859.hdf
(0)	NOW READING MODIS FILE : MYD04_L2.A2008191.1255.006.2013348230709.hdf
(0)	NOW READING MODIS FILE : MYD04_L2.A2008191.1420.006.2013348230822.hdf
(0)	NOW READING MODIS FILE : MYD04_L2.A2008191.1425.006.2013348230912.hdf
(0)	NOW READING MODIS FILE : MYD04_L2.A2008191.1430.006.2013348230714.hdf
(0)	NOW READING MODIS FILE : MYD04_L2.A2008191.1435.006.2013348230822.hdf
(0)	NOW READING MODIS FILE : MYD04_L2.A2008191.1600.006.2013348233437.hdf
(0)	DATE : 2008-7-10_1150-1515
(0)	NOW READING MODIS FILE : MYD04_L2.A2008192.1150.006.2013349000822.hdf
(0)	NOW READING MODIS FILE : MYD04_L2.A2008192.1155.006.2013348235914.hdf
(0)	NOW READING MODIS FILE : MYD04_L2.A2008192.1200.006.2013348235447.hdf
(0)	NOW READING MODIS FILE : MYD04_L2.A2008192.1325.006.2013348235451.hdf
(0)	NOW READING MODIS FILE : MYD04_L2.A2008192.1330.006.2013348235140.hdf
(0)	NOW READING MODIS FILE : MYD04_L2.A2008192.1335.006.2013348235711.hdf
(0)	NOW READING MODIS FILE : MYD04_L2.A2008192.1340.006.2013349001738.hdf
(0)	NOW READING MODIS FILE : MYD04_L2.A2008192.1505.006.2013348235237.hdf
(0)	NOW READING MODIS FILE : MYD04_L2.A2008192.1510.006.2013348235305.hdf
(0)	NOW READING MODIS FILE : MYD04_L2.A2008192.1515.006.2013349000341.hdf
(0)	DATE : 2008-7-11_1230-1550
(0)	NOW READING MODIS FILE : MYD04_L2.A2008193.1230.006.2013349031454.hdf
(0)	NOW READING MODIS FILE : MYD04_L2.A2008193.1235.006.2013349032712.hdf
(0)	NOW READING MODIS FILE : MYD04_L2.A2008193.1240.006.2013349031010.hdf
(0)	NOW READING MODIS FILE : MYD04_L2.A2008193.1245.006.2013349032935.hdf
(0)	NOW READING MODIS FILE : MYD04_L2.A2008193.1410.006.2013349032048.hdf
(0)	NOW READING MODIS FILE : MYD04_L2.A2008193.1415.006.2013349031137.hdf
(0)	NOW READING MODIS FILE : MYD04_L2.A2008193.1420.006.2013349031643.hdf
(0)	NOW READING MODIS FILE : MYD04_L2.A2008193.1550.006.2013349031251.hdf
(0)	DATE : 2008-7-12_1140-1505
(0)	NOW READING MODIS FILE : MYD04_L2.A2008194.1140.006.2013349034056.hdf
(0)	NOW READING MODIS FILE : MYD04_L2.A2008194.1145.006.2013349033145.hdf
(0)	NOW READING MODIS FILE : MYD04_L2.A2008194.1150.006.2013349034625.hdf
(0)	NOW READING MODIS FILE : MYD04_L2.A2008194.1315.006.2013349034152.hdf
(0)	NOW READING MODIS FILE : MYD04_L2.A2008194.1320.006.2013349033124.hdf
(0)	NOW READING MODIS FILE : MYD04_L2.A2008194.1325.006.2013349034403.hdf
(0)	NOW READING MODIS FILE : MYD04_L2.A2008194.1455.006.2013349033415.hdf
(0)	NOW READING MODIS FILE : MYD04_L2.A2008194.1500.006.2013349034536.hdf
(0)	NOW READING MODIS FILE : MYD04_L2.A2008194.1505.006.2013349033525.hdf
(0)	DATE : 2008-7-13_1220-1540
(0)	NOW READING MODIS FILE : MYD04_L2.A2008195.1220.006.2013349040022.hdf
(0)	NOW READING MODIS FILE : MYD04_L2.A2008195.1225.006.2013349035956.hdf
(0)	NOW READING MODIS FILE : MYD04_L2.A2008195.1230.006.2013349041738.hdf
(0)	NOW READING MODIS FILE : MYD04_L2.A2008195.1355.006.2013349034955.hdf
(0)	NOW READING MODIS FILE : MYD04_L2.A2008195.1400.006.2013349034812.hdf
(0)	NOW READING MODIS FILE : MYD04_L2.A2008195.1405.006.2013349034743.hdf
(0)	NOW READING MODIS FILE : MYD04_L2.A2008195.1410.006.2013349040423.hdf
(0)	NOW READING MODIS FILE : MYD04_L2.A2008195.1535.006.2013349034814.hdf
(0)	NOW READING MODIS FILE : MYD04_L2.A2008195.1540.006.2013349035529.hdf
(0)	DATE : 2008-7-14_1130-1450
(0)	NOW READING MODIS FILE : MYD04_L2.A2008196.1130.006.2013349040543.hdf
(0)	NOW READING MODIS FILE : MYD04_L2.A2008196.1135.006.2013349040427.hdf
(0)	NOW READING MODIS FILE : MYD04_L2.A2008196.1300.006.2013349040207.hdf
(0)	NOW READING MODIS FILE : MYD04_L2.A2008196.1305.006.2013349041401.hdf
(0)	NOW READING MODIS FILE : MYD04_L2.A2008196.1310.006.2013349040344.hdf
(0)	NOW READING MODIS FILE : MYD04_L2.A2008196.1315.006.2013349041440.hdf
(0)	NOW READING MODIS FILE : MYD04_L2.A2008196.1440.006.2013349041308.hdf
(0)	NOW READING MODIS FILE : MYD04_L2.A2008196.1445.006.2013349040510.hdf
(0)	NOW READING MODIS FILE : MYD04_L2.A2008196.1450.006.2013349042747.hdf
(0)	DATE : 2008-7-15_1205-1535
(0)	NOW READING MODIS FILE : MYD04_L2.A2008197.1205.006.2013349023339.hdf
(0)	NOW READING MODIS FILE : MYD04_L2.A2008197.1210.006.2013349025058.hdf
(0)	NOW READING MODIS FILE : MYD04_L2.A2008197.1215.006.2013349023956.hdf
(0)	NOW READING MODIS FILE : MYD04_L2.A2008197.1220.006.2013349024426.hdf
(0)	NOW READING MODIS FILE : MYD04_L2.A2008197.1345.006.2013349024209.hdf
(0)	NOW READING MODIS FILE : MYD04_L2.A2008197.1350.006.2013349024247.hdf
(0)	NOW READING MODIS FILE : MYD04_L2.A2008197.1355.006.2013349023643.hdf
(0)	NOW READING MODIS FILE : MYD04_L2.A2008197.1525.006.2013349025251.hdf
(0)	NOW READING MODIS FILE : MYD04_L2.A2008197.1530.006.2013349024511.hdf
(0)	NOW READING MODIS FILE : MYD04_L2.A2008197.1535.006.2013349024416.hdf
(0)	DATE : 2008-7-16_1250-1440
(0)	NOW READING MODIS FILE : MYD04_L2.A2008198.1250.006.2013349043029.hdf
(0)	NOW READING MODIS FILE : MYD04_L2.A2008198.1255.006.2013349043155.hdf
(0)	NOW READING MODIS FILE : MYD04_L2.A2008198.1300.006.2013349043506.hdf
(0)	NOW READING MODIS FILE : MYD04_L2.A2008198.1430.006.2013349042957.hdf
(0)	NOW READING MODIS FILE : MYD04_L2.A2008198.1435.006.2013349043421.hdf
(0)	NOW READING MODIS FILE : MYD04_L2.A2008198.1440.006.2013349042825.hdf
(0)	DATE : 2008-7-17_1155-1525
(0)	NOW READING MODIS FILE : MYD04_L2.A2008199.1155.006.2013349045712.hdf
(0)	NOW READING MODIS FILE : MYD04_L2.A2008199.1200.006.2013349050300.hdf
(0)	NOW READING MODIS FILE : MYD04_L2.A2008199.1205.006.2013349045050.hdf
(0)	NOW READING MODIS FILE : MYD04_L2.A2008199.1335.006.2013349045240.hdf
(0)	NOW READING MODIS FILE : MYD04_L2.A2008199.1340.006.2013349045042.hdf
(0)	NOW READING MODIS FILE : MYD04_L2.A2008199.1345.006.2013349045011.hdf
(0)	NOW READING MODIS FILE : MYD04_L2.A2008199.1510.006.2013349045421.hdf
(0)	NOW READING MODIS FILE : MYD04_L2.A2008199.1515.006.2013349045602.hdf
(0)	NOW READING MODIS FILE : MYD04_L2.A2008199.1520.006.2013349045414.hdf
(0)	NOW READING MODIS FILE : MYD04_L2.A2008199.1525.006.2013349045335.hdf
(0)	DATE : 2008-7-18_1240-1555
(0)	NOW READING MODIS FILE : MYD04_L2.A2008200.1240.006.2013349052438.hdf
(0)	NOW READING MODIS FILE : MYD04_L2.A2008200.1245.006.2013349051731.hdf
(0)	NOW READING MODIS FILE : MYD04_L2.A2008200.1250.006.2013349052845.hdf
(0)	NOW READING MODIS FILE : MYD04_L2.A2008200.1415.006.2013349052202.hdf
(0)	NOW READING MODIS FILE : MYD04_L2.A2008200.1420.006.2013349052347.hdf
(0)	NOW READING MODIS FILE : MYD04_L2.A2008200.1425.006.2013349051405.hdf
(0)	NOW READING MODIS FILE : MYD04_L2.A2008200.1430.006.2013349052005.hdf
(0)	NOW READING MODIS FILE : MYD04_L2.A2008200.1555.006.2013349051716.hdf
(0)	DATE : 2008-7-19_1145-1510
(0)	NOW READING MODIS FILE : MYD04_L2.A2008201.1145.006.2013349142214.hdf
(0)	NOW READING MODIS FILE : MYD04_L2.A2008201.1150.006.2013349141430.hdf
(0)	NOW READING MODIS FILE : MYD04_L2.A2008201.1155.006.2013349142547.hdf
(0)	NOW READING MODIS FILE : MYD04_L2.A2008201.1320.006.2013349141834.hdf
(0)	NOW READING MODIS FILE : MYD04_L2.A2008201.1325.006.2013349141354.hdf
(0)	NOW READING MODIS FILE : MYD04_L2.A2008201.1330.006.2013349141314.hdf
(0)	NOW READING MODIS FILE : MYD04_L2.A2008201.1335.006.2013349142141.hdf
(0)	NOW READING MODIS FILE : MYD04_L2.A2008201.1500.006.2013349141702.hdf
(0)	NOW READING MODIS FILE : MYD04_L2.A2008201.1505.006.2013349143011.hdf
(0)	NOW READING MODIS FILE : MYD04_L2.A2008201.1510.006.2013349141415.hdf
(0)	DATE : 2008-7-20_1225-1545
(0)	NOW READING MODIS FILE : MYD04_L2.A2008202.1225.006.2013349150949.hdf
(0)	NOW READING MODIS FILE : MYD04_L2.A2008202.1230.006.2013349150534.hdf
(0)	NOW READING MODIS FILE : MYD04_L2.A2008202.1235.006.2013349145426.hdf
(0)	NOW READING MODIS FILE : MYD04_L2.A2008202.1405.006.2013349145735.hdf
(0)	NOW READING MODIS FILE : MYD04_L2.A2008202.1410.006.2013349145237.hdf
(0)	NOW READING MODIS FILE : MYD04_L2.A2008202.1415.006.2013349150209.hdf
(0)	NOW READING MODIS FILE : MYD04_L2.A2008202.1545.006.2013349145904.hdf
(0)	DATE : 2008-7-21_1135-1500
(0)	NOW READING MODIS FILE : MYD04_L2.A2008203.1135.006.2013349144050.hdf
(0)	NOW READING MODIS FILE : MYD04_L2.A2008203.1140.006.2013349143808.hdf
(0)	NOW READING MODIS FILE : MYD04_L2.A2008203.1310.006.2013349144237.hdf
(0)	NOW READING MODIS FILE : MYD04_L2.A2008203.1315.006.2013349143521.hdf
(0)	NOW READING MODIS FILE : MYD04_L2.A2008203.1320.006.2013349143510.hdf
(0)	NOW READING MODIS FILE : MYD04_L2.A2008203.1445.006.2013349144214.hdf
(0)	NOW READING MODIS FILE : MYD04_L2.A2008203.1450.006.2013349144021.hdf
(0)	NOW READING MODIS FILE : MYD04_L2.A2008203.1455.006.2013349143640.hdf
(0)	NOW READING MODIS FILE : MYD04_L2.A2008203.1500.006.2013349144036.hdf
(0)	DATE : 2008-7-22_1215-1540
(0)	NOW READING MODIS FILE : MYD04_L2.A2008204.1215.006.2013349152706.hdf
(0)	NOW READING MODIS FILE : MYD04_L2.A2008204.1220.006.2013349153211.hdf
(0)	NOW READING MODIS FILE : MYD04_L2.A2008204.1225.006.2013349151852.hdf
(0)	NOW READING MODIS FILE : MYD04_L2.A2008204.1350.006.2013349151642.hdf
(0)	NOW READING MODIS FILE : MYD04_L2.A2008204.1355.006.2013349152835.hdf
(0)	NOW READING MODIS FILE : MYD04_L2.A2008204.1400.006.2013349151409.hdf
(0)	NOW READING MODIS FILE : MYD04_L2.A2008204.1405.006.2013349152358.hdf
(0)	NOW READING MODIS FILE : MYD04_L2.A2008204.1530.006.2013349151805.hdf
(0)	NOW READING MODIS FILE : MYD04_L2.A2008204.1535.006.2013349152125.hdf
(0)	NOW READING MODIS FILE : MYD04_L2.A2008204.1540.006.2013349151606.hdf
(0)	DATE : 2008-7-23_1130-1445
(0)	NOW READING MODIS FILE : MYD04_L2.A2008205.1130.006.2013349154620.hdf
(0)	NOW READING MODIS FILE : MYD04_L2.A2008205.1255.006.2013349153811.hdf
(0)	NOW READING MODIS FILE : MYD04_L2.A2008205.1300.006.2013349154048.hdf
(0)	NOW READING MODIS FILE : MYD04_L2.A2008205.1305.006.2013349154710.hdf
(0)	NOW READING MODIS FILE : MYD04_L2.A2008205.1310.006.2013349155003.hdf
(0)	NOW READING MODIS FILE : MYD04_L2.A2008205.1435.006.2013349153854.hdf
(0)	NOW READING MODIS FILE : MYD04_L2.A2008205.1440.006.2013349154512.hdf
(0)	NOW READING MODIS FILE : MYD04_L2.A2008205.1445.006.2013349153418.hdf
(0)	DATE : 2008-7-24_1200-1530
(0)	NOW READING MODIS FILE : MYD04_L2.A2008206.1200.006.2013349173236.hdf
(0)	NOW READING MODIS FILE : MYD04_L2.A2008206.1205.006.2013349173858.hdf
(0)	NOW READING MODIS FILE : MYD04_L2.A2008206.1210.006.2013349173138.hdf
(0)	NOW READING MODIS FILE : MYD04_L2.A2008206.1340.006.2013349172756.hdf
(0)	NOW READING MODIS FILE : MYD04_L2.A2008206.1345.006.2013349172453.hdf
(0)	NOW READING MODIS FILE : MYD04_L2.A2008206.1350.006.2013349172748.hdf
(0)	NOW READING MODIS FILE : MYD04_L2.A2008206.1520.006.2013349174110.hdf
(0)	NOW READING MODIS FILE : MYD04_L2.A2008206.1525.006.2013349172836.hdf
(0)	NOW READING MODIS FILE : MYD04_L2.A2008206.1530.006.2013349173035.hdf
(0)	DATE : 2008-7-25_1245-1600
(0)	NOW READING MODIS FILE : MYD04_L2.A2008207.1245.006.2013349160703.hdf
(0)	NOW READING MODIS FILE : MYD04_L2.A2008207.1250.006.2013349160523.hdf
(0)	NOW READING MODIS FILE : MYD04_L2.A2008207.1255.006.2013349160611.hdf
(0)	NOW READING MODIS FILE : MYD04_L2.A2008207.1420.006.2013349161230.hdf
(0)	NOW READING MODIS FILE : MYD04_L2.A2008207.1425.006.2013349160138.hdf
(0)	NOW READING MODIS FILE : MYD04_L2.A2008207.1430.006.2013349155856.hdf
(0)	NOW READING MODIS FILE : MYD04_L2.A2008207.1435.006.2013349155912.hdf
(0)	NOW READING MODIS FILE : MYD04_L2.A2008207.1600.006.2013349160450.hdf
(0)	DATE : 2008-7-26_1150-1515
(0)	NOW READING MODIS FILE : MYD04_L2.A2008208.1150.006.2013349162941.hdf
(0)	NOW READING MODIS FILE : MYD04_L2.A2008208.1155.006.2013349163208.hdf
(0)	NOW READING MODIS FILE : MYD04_L2.A2008208.1200.006.2013349162432.hdf
(0)	NOW READING MODIS FILE : MYD04_L2.A2008208.1325.006.2013349162629.hdf
(0)	NOW READING MODIS FILE : MYD04_L2.A2008208.1330.006.2013349162138.hdf
(0)	NOW READING MODIS FILE : MYD04_L2.A2008208.1335.006.2013349163108.hdf
(0)	NOW READING MODIS FILE : MYD04_L2.A2008208.1340.006.2013349162729.hdf
(0)	NOW READING MODIS FILE : MYD04_L2.A2008208.1505.006.2013349162842.hdf
(0)	NOW READING MODIS FILE : MYD04_L2.A2008208.1510.006.2013349162814.hdf
(0)	NOW READING MODIS FILE : MYD04_L2.A2008208.1515.006.2013349162759.hdf
(0)	DATE : 2008-7-27_1230-1550
(0)	NOW READING MODIS FILE : MYD04_L2.A2008209.1230.006.2013349093712.hdf
(0)	NOW READING MODIS FILE : MYD04_L2.A2008209.1235.006.2013349094855.hdf
(0)	NOW READING MODIS FILE : MYD04_L2.A2008209.1240.006.2013349093357.hdf
(0)	NOW READING MODIS FILE : MYD04_L2.A2008209.1245.006.2013349094339.hdf
(0)	NOW READING MODIS FILE : MYD04_L2.A2008209.1410.006.2013349093259.hdf
(0)	NOW READING MODIS FILE : MYD04_L2.A2008209.1415.006.2013349094124.hdf
(0)	NOW READING MODIS FILE : MYD04_L2.A2008209.1420.006.2013349093333.hdf
(0)	NOW READING MODIS FILE : MYD04_L2.A2008209.1550.006.2013349093609.hdf
(0)	DATE : 2008-7-28_1140-1505
(0)	NOW READING MODIS FILE : MYD04_L2.A2008210.1140.006.2013349100120.hdf
(0)	NOW READING MODIS FILE : MYD04_L2.A2008210.1145.006.2013349094855.hdf
(0)	NOW READING MODIS FILE : MYD04_L2.A2008210.1150.006.2013349102155.hdf
(0)	NOW READING MODIS FILE : MYD04_L2.A2008210.1315.006.2013349095229.hdf
(0)	NOW READING MODIS FILE : MYD04_L2.A2008210.1320.006.2013349095118.hdf
(0)	NOW READING MODIS FILE : MYD04_L2.A2008210.1325.006.2013349094846.hdf
(0)	NOW READING MODIS FILE : MYD04_L2.A2008210.1455.006.2013349100725.hdf
(0)	NOW READING MODIS FILE : MYD04_L2.A2008210.1500.006.2013349100023.hdf
(0)	NOW READING MODIS FILE : MYD04_L2.A2008210.1505.006.2013349094956.hdf
(0)	DATE : 2008-7-29_1220-1540
(0)	NOW READING MODIS FILE : MYD04_L2.A2008211.1220.006.2013349101908.hdf
(0)	NOW READING MODIS FILE : MYD04_L2.A2008211.1225.006.2013349101830.hdf
(0)	NOW READING MODIS FILE : MYD04_L2.A2008211.1230.006.2013349101801.hdf
(0)	NOW READING MODIS FILE : MYD04_L2.A2008211.1400.006.2013349101126.hdf
(0)	NOW READING MODIS FILE : MYD04_L2.A2008211.1405.006.2013349101050.hdf
(0)	NOW READING MODIS FILE : MYD04_L2.A2008211.1410.006.2013349100735.hdf
(0)	NOW READING MODIS FILE : MYD04_L2.A2008211.1535.006.2013349100828.hdf
(0)	NOW READING MODIS FILE : MYD04_L2.A2008211.1540.006.2013349101234.hdf
(0)	DATE : 2008-7-30_1130-1455
(0)	NOW READING MODIS FILE : MYD04_L2.A2008212.1130.006.2013349202031.hdf
(0)	NOW READING MODIS FILE : MYD04_L2.A2008212.1135.006.2013349201933.hdf
(0)	NOW READING MODIS FILE : MYD04_L2.A2008212.1300.006.2013349202222.hdf
(0)	NOW READING MODIS FILE : MYD04_L2.A2008212.1305.006.2013349202419.hdf
(0)	NOW READING MODIS FILE : MYD04_L2.A2008212.1310.006.2013349201808.hdf
(0)	NOW READING MODIS FILE : MYD04_L2.A2008212.1315.006.2013349202652.hdf
(0)	NOW READING MODIS FILE : MYD04_L2.A2008212.1440.006.2013349202727.hdf
(0)	NOW READING MODIS FILE : MYD04_L2.A2008212.1445.006.2013349202539.hdf
(0)	NOW READING MODIS FILE : MYD04_L2.A2008212.1450.006.2013349202611.hdf
(0)	NOW READING MODIS FILE : MYD04_L2.A2008212.1455.006.2013349201714.hdf
(0)	DATE : 2008-7-31_1205-1535
(0)	NOW READING MODIS FILE : MYD04_L2.A2008213.1205.006.2013349195636.hdf
(0)	NOW READING MODIS FILE : MYD04_L2.A2008213.1210.006.2013349201544.hdf
(0)	NOW READING MODIS FILE : MYD04_L2.A2008213.1215.006.2013349200939.hdf
(0)	NOW READING MODIS FILE : MYD04_L2.A2008213.1220.006.2013349200455.hdf
(0)	NOW READING MODIS FILE : MYD04_L2.A2008213.1345.006.2013349200423.hdf
(0)	NOW READING MODIS FILE : MYD04_L2.A2008213.1350.006.2013349200858.hdf
(0)	NOW READING MODIS FILE : MYD04_L2.A2008213.1355.006.2013349195720.hdf
(0)	NOW READING MODIS FILE : MYD04_L2.A2008213.1400.006.2013349201045.hdf
(0)	NOW READING MODIS FILE : MYD04_L2.A2008213.1525.006.2013349200055.hdf
(0)	NOW READING MODIS FILE : MYD04_L2.A2008213.1530.006.2013349200026.hdf
(0)	NOW READING MODIS FILE : MYD04_L2.A2008213.1535.006.2013349195823.hdf
(0)	DATE : 2008-8-1_1250-1440
(0)	NOW READING MODIS FILE : MYD04_L2.A2008214.1250.006.2013349205207.hdf
(0)	NOW READING MODIS FILE : MYD04_L2.A2008214.1255.006.2013349204223.hdf
(0)	NOW READING MODIS FILE : MYD04_L2.A2008214.1300.006.2013349203519.hdf
(0)	NOW READING MODIS FILE : MYD04_L2.A2008214.1430.006.2013349204443.hdf
(0)	NOW READING MODIS FILE : MYD04_L2.A2008214.1435.006.2013349203921.hdf
(0)	NOW READING MODIS FILE : MYD04_L2.A2008214.1440.006.2013349203939.hdf
(0)	DATE : 2008-8-2_1155-1525
(0)	NOW READING MODIS FILE : MYD04_L2.A2008215.1155.006.2013349210801.hdf
(0)	NOW READING MODIS FILE : MYD04_L2.A2008215.1200.006.2013349210610.hdf
(0)	NOW READING MODIS FILE : MYD04_L2.A2008215.1205.006.2013349205611.hdf
(0)	NOW READING MODIS FILE : MYD04_L2.A2008215.1335.006.2013349211314.hdf
(0)	NOW READING MODIS FILE : MYD04_L2.A2008215.1340.006.2013349210050.hdf
(0)	NOW READING MODIS FILE : MYD04_L2.A2008215.1345.006.2013349205923.hdf
(0)	NOW READING MODIS FILE : MYD04_L2.A2008215.1510.006.2013349205944.hdf
(0)	NOW READING MODIS FILE : MYD04_L2.A2008215.1515.006.2013349205942.hdf
(0)	NOW READING MODIS FILE : MYD04_L2.A2008215.1520.006.2013349210712.hdf
(0)	NOW READING MODIS FILE : MYD04_L2.A2008215.1525.006.2013349205552.hdf
(0)	DATE : 2008-8-3_1240-1555
(0)	NOW READING MODIS FILE : MYD04_L2.A2008216.1240.006.2013349213004.hdf
(0)	NOW READING MODIS FILE : MYD04_L2.A2008216.1245.006.2013349211640.hdf
(0)	NOW READING MODIS FILE : MYD04_L2.A2008216.1250.006.2013349211732.hdf
(0)	NOW READING MODIS FILE : MYD04_L2.A2008216.1415.006.2013349211711.hdf
(0)	NOW READING MODIS FILE : MYD04_L2.A2008216.1420.006.2013349211629.hdf
(0)	NOW READING MODIS FILE : MYD04_L2.A2008216.1425.006.2013349211440.hdf
(0)	NOW READING MODIS FILE : MYD04_L2.A2008216.1430.006.2013349211847.hdf
(0)	NOW READING MODIS FILE : MYD04_L2.A2008216.1555.006.2013349211658.hdf
(0)	DATE : 2008-8-4_1145-1510
(0)	NOW READING MODIS FILE : MYD04_L2.A2008217.1145.006.2013350000721.hdf
(0)	NOW READING MODIS FILE : MYD04_L2.A2008217.1150.006.2013350000912.hdf
(0)	NOW READING MODIS FILE : MYD04_L2.A2008217.1155.006.2013350001148.hdf
(0)	NOW READING MODIS FILE : MYD04_L2.A2008217.1320.006.2013350000208.hdf
(0)	NOW READING MODIS FILE : MYD04_L2.A2008217.1325.006.2013349235856.hdf
(0)	NOW READING MODIS FILE : MYD04_L2.A2008217.1330.006.2013349235718.hdf
(0)	NOW READING MODIS FILE : MYD04_L2.A2008217.1335.006.2013350001534.hdf
(0)	NOW READING MODIS FILE : MYD04_L2.A2008217.1500.006.2013350000143.hdf
(0)	NOW READING MODIS FILE : MYD04_L2.A2008217.1505.006.2013350000358.hdf
(0)	NOW READING MODIS FILE : MYD04_L2.A2008217.1510.006.2013350000354.hdf
(0)	DATE : 2008-8-5_1225-1545
(0)	NOW READING MODIS FILE : MYD04_L2.A2008218.1225.006.2013350012629.hdf
(0)	NOW READING MODIS FILE : MYD04_L2.A2008218.1230.006.2013350013028.hdf
(0)	NOW READING MODIS FILE : MYD04_L2.A2008218.1235.006.2013350011546.hdf
(0)	NOW READING MODIS FILE : MYD04_L2.A2008218.1405.006.2013350011609.hdf
(0)	NOW READING MODIS FILE : MYD04_L2.A2008218.1410.006.2013350011628.hdf
(0)	NOW READING MODIS FILE : MYD04_L2.A2008218.1415.006.2013350012321.hdf
(0)	NOW READING MODIS FILE : MYD04_L2.A2008218.1545.006.2013350013434.hdf
(0)	DATE : 2008-8-6_1135-1500
(0)	NOW READING MODIS FILE : MYD04_L2.A2008219.1135.006.2013350015309.hdf
(0)	NOW READING MODIS FILE : MYD04_L2.A2008219.1140.006.2013350014616.hdf
(0)	NOW READING MODIS FILE : MYD04_L2.A2008219.1310.006.2013350015049.hdf
(0)	NOW READING MODIS FILE : MYD04_L2.A2008219.1315.006.2013350014901.hdf
(0)	NOW READING MODIS FILE : MYD04_L2.A2008219.1320.006.2013350014912.hdf
(0)	NOW READING MODIS FILE : MYD04_L2.A2008219.1445.006.2013350015517.hdf
(0)	NOW READING MODIS FILE : MYD04_L2.A2008219.1450.006.2013350015703.hdf
(0)	NOW READING MODIS FILE : MYD04_L2.A2008219.1455.006.2013350014906.hdf
(0)	NOW READING MODIS FILE : MYD04_L2.A2008219.1500.006.2013350014706.hdf
(0)	DATE : 2008-8-7_1215-1540
(0)	NOW READING MODIS FILE : MYD04_L2.A2008220.1215.006.2013350024252.hdf
(0)	NOW READING MODIS FILE : MYD04_L2.A2008220.1220.006.2013350023143.hdf
(0)	NOW READING MODIS FILE : MYD04_L2.A2008220.1225.006.2013350023010.hdf
(0)	NOW READING MODIS FILE : MYD04_L2.A2008220.1350.006.2013350022747.hdf
(0)	NOW READING MODIS FILE : MYD04_L2.A2008220.1355.006.2013350023514.hdf
(0)	NOW READING MODIS FILE : MYD04_L2.A2008220.1400.006.2013350022836.hdf
(0)	NOW READING MODIS FILE : MYD04_L2.A2008220.1405.006.2013350023201.hdf
(0)	NOW READING MODIS FILE : MYD04_L2.A2008220.1530.006.2013350022838.hdf
(0)	NOW READING MODIS FILE : MYD04_L2.A2008220.1535.006.2013350023333.hdf
(0)	NOW READING MODIS FILE : MYD04_L2.A2008220.1540.006.2013350022942.hdf
(0)	DATE : 2008-8-8_1130-1445
(0)	NOW READING MODIS FILE : MYD04_L2.A2008221.1130.006.2013350025014.hdf
(0)	NOW READING MODIS FILE : MYD04_L2.A2008221.1255.006.2013350024528.hdf
(0)	NOW READING MODIS FILE : MYD04_L2.A2008221.1300.006.2013350025252.hdf
(0)	NOW READING MODIS FILE : MYD04_L2.A2008221.1305.006.2013350024100.hdf
(0)	NOW READING MODIS FILE : MYD04_L2.A2008221.1310.006.2013350025258.hdf
(0)	NOW READING MODIS FILE : MYD04_L2.A2008221.1435.006.2013350024424.hdf
(0)	NOW READING MODIS FILE : MYD04_L2.A2008221.1440.006.2013350025047.hdf
(0)	NOW READING MODIS FILE : MYD04_L2.A2008221.1445.006.2013350025047.hdf
(0)	DATE : 2008-8-9_1200-1530
(0)	NOW READING MODIS FILE : MYD04_L2.A2008222.1200.006.2013350032248.hdf
(0)	NOW READING MODIS FILE : MYD04_L2.A2008222.1205.006.2013350035241.hdf
(0)	NOW READING MODIS FILE : MYD04_L2.A2008222.1210.006.2013350031446.hdf
(0)	NOW READING MODIS FILE : MYD04_L2.A2008222.1215.006.2013350033420.hdf
(0)	NOW READING MODIS FILE : MYD04_L2.A2008222.1340.006.2013350032940.hdf
(0)	NOW READING MODIS FILE : MYD04_L2.A2008222.1345.006.2013350031612.hdf
(0)	NOW READING MODIS FILE : MYD04_L2.A2008222.1350.006.2013350031621.hdf
(0)	NOW READING MODIS FILE : MYD04_L2.A2008222.1520.006.2013350033039.hdf
(0)	NOW READING MODIS FILE : MYD04_L2.A2008222.1525.006.2013350033340.hdf
(0)	NOW READING MODIS FILE : MYD04_L2.A2008222.1530.006.2013350032057.hdf
(0)	DATE : 2008-8-10_1245-1600
(0)	NOW READING MODIS FILE : MYD04_L2.A2008223.1245.006.2013350035015.hdf
(0)	NOW READING MODIS FILE : MYD04_L2.A2008223.1250.006.2013350035133.hdf
(0)	NOW READING MODIS FILE : MYD04_L2.A2008223.1255.006.2013350034258.hdf
(0)	NOW READING MODIS FILE : MYD04_L2.A2008223.1425.006.2013350034401.hdf
(0)	NOW READING MODIS FILE : MYD04_L2.A2008223.1430.006.2013350034626.hdf
(0)	NOW READING MODIS FILE : MYD04_L2.A2008223.1435.006.2013350034427.hdf
(0)	NOW READING MODIS FILE : MYD04_L2.A2008223.1600.006.2013350035205.hdf
(0)	DATE : 2008-8-11_1150-1515
(0)	NOW READING MODIS FILE : MYD04_L2.A2008224.1150.006.2013350045127.hdf
(0)	NOW READING MODIS FILE : MYD04_L2.A2008224.1155.006.2013350045854.hdf
(0)	NOW READING MODIS FILE : MYD04_L2.A2008224.1200.006.2013350044322.hdf
(0)	NOW READING MODIS FILE : MYD04_L2.A2008224.1325.006.2013350043804.hdf
(0)	NOW READING MODIS FILE : MYD04_L2.A2008224.1330.006.2013350044215.hdf
(0)	NOW READING MODIS FILE : MYD04_L2.A2008224.1335.006.2013350043915.hdf
(0)	NOW READING MODIS FILE : MYD04_L2.A2008224.1340.006.2013350044552.hdf
(0)	NOW READING MODIS FILE : MYD04_L2.A2008224.1505.006.2013350044931.hdf
(0)	NOW READING MODIS FILE : MYD04_L2.A2008224.1510.006.2013350044429.hdf
(0)	NOW READING MODIS FILE : MYD04_L2.A2008224.1515.006.2013350044100.hdf
(0)	DATE : 2008-8-12_1230-1550
(0)	NOW READING MODIS FILE : MYD04_L2.A2008225.1230.006.2013350040142.hdf
(0)	NOW READING MODIS FILE : MYD04_L2.A2008225.1235.006.2013350041304.hdf
(0)	NOW READING MODIS FILE : MYD04_L2.A2008225.1240.006.2013350040227.hdf
(0)	NOW READING MODIS FILE : MYD04_L2.A2008225.1245.006.2013350040643.hdf
(0)	NOW READING MODIS FILE : MYD04_L2.A2008225.1410.006.2013350040004.hdf
(0)	NOW READING MODIS FILE : MYD04_L2.A2008225.1415.006.2013350040112.hdf
(0)	NOW READING MODIS FILE : MYD04_L2.A2008225.1420.006.2013350040148.hdf
(0)	NOW READING MODIS FILE : MYD04_L2.A2008225.1550.006.2013350040332.hdf
(0)	DATE : 2008-8-13_1140-1505
(0)	NOW READING MODIS FILE : MYD04_L2.A2008226.1140.006.2013350045513.hdf
(0)	NOW READING MODIS FILE : MYD04_L2.A2008226.1145.006.2013350041729.hdf
(0)	NOW READING MODIS FILE : MYD04_L2.A2008226.1150.006.2013350042614.hdf
(0)	NOW READING MODIS FILE : MYD04_L2.A2008226.1315.006.2013350042017.hdf
(0)	NOW READING MODIS FILE : MYD04_L2.A2008226.1320.006.2013350041931.hdf
(0)	NOW READING MODIS FILE : MYD04_L2.A2008226.1325.006.2013350041700.hdf
(0)	NOW READING MODIS FILE : MYD04_L2.A2008226.1455.006.2013350041620.hdf
(0)	NOW READING MODIS FILE : MYD04_L2.A2008226.1500.006.2013350042930.hdf
(0)	NOW READING MODIS FILE : MYD04_L2.A2008226.1505.006.2013350042123.hdf
(0)	DATE : 2008-8-14_1220-1545
(0)	NOW READING MODIS FILE : MYD04_L2.A2008227.1220.006.2013350054323.hdf
(0)	NOW READING MODIS FILE : MYD04_L2.A2008227.1225.006.2013350054215.hdf
(0)	NOW READING MODIS FILE : MYD04_L2.A2008227.1230.006.2013350053438.hdf
(0)	NOW READING MODIS FILE : MYD04_L2.A2008227.1400.006.2013350053007.hdf
(0)	NOW READING MODIS FILE : MYD04_L2.A2008227.1405.006.2013350052759.hdf
(0)	NOW READING MODIS FILE : MYD04_L2.A2008227.1410.006.2013350052900.hdf
(0)	NOW READING MODIS FILE : MYD04_L2.A2008227.1535.006.2013350053114.hdf
(0)	NOW READING MODIS FILE : MYD04_L2.A2008227.1540.006.2013350053001.hdf
(0)	NOW READING MODIS FILE : MYD04_L2.A2008227.1545.006.2013350053305.hdf
(0)	DATE : 2008-8-15_1130-1455
(0)	NOW READING MODIS FILE : MYD04_L2.A2008228.1130.006.2013350051513.hdf
(0)	NOW READING MODIS FILE : MYD04_L2.A2008228.1135.006.2013350050338.hdf
(0)	NOW READING MODIS FILE : MYD04_L2.A2008228.1305.006.2013350051647.hdf
(0)	NOW READING MODIS FILE : MYD04_L2.A2008228.1310.006.2013350050951.hdf
(0)	NOW READING MODIS FILE : MYD04_L2.A2008228.1315.006.2013350050935.hdf
(0)	NOW READING MODIS FILE : MYD04_L2.A2008228.1440.006.2013350050259.hdf
(0)	NOW READING MODIS FILE : MYD04_L2.A2008228.1445.006.2013350051244.hdf
(0)	NOW READING MODIS FILE : MYD04_L2.A2008228.1450.006.2013350050708.hdf
(0)	NOW READING MODIS FILE : MYD04_L2.A2008228.1455.006.2013350050559.hdf
(0)	DATE : 2008-8-16_1210-1535
(0)	NOW READING MODIS FILE : MYD04_L2.A2008229.1210.006.2013350060514.hdf
(0)	NOW READING MODIS FILE : MYD04_L2.A2008229.1215.006.2013350055415.hdf
(0)	NOW READING MODIS FILE : MYD04_L2.A2008229.1220.006.2013350055728.hdf
(0)	NOW READING MODIS FILE : MYD04_L2.A2008229.1345.006.2013350054525.hdf
(0)	NOW READING MODIS FILE : MYD04_L2.A2008229.1350.006.2013350054527.hdf
(0)	NOW READING MODIS FILE : MYD04_L2.A2008229.1355.006.2013350054554.hdf
(0)	NOW READING MODIS FILE : MYD04_L2.A2008229.1400.006.2013350060456.hdf
(0)	NOW READING MODIS FILE : MYD04_L2.A2008229.1525.006.2013350055425.hdf
(0)	NOW READING MODIS FILE : MYD04_L2.A2008229.1530.006.2013350055701.hdf
(0)	NOW READING MODIS FILE : MYD04_L2.A2008229.1535.006.2013350054813.hdf
(0)	DATE : 2008-8-17_1250-1440
(0)	NOW READING MODIS FILE : MYD04_L2.A2008230.1250.006.2013350061439.hdf
(0)	NOW READING MODIS FILE : MYD04_L2.A2008230.1255.006.2013350061313.hdf
(0)	NOW READING MODIS FILE : MYD04_L2.A2008230.1300.006.2013350060611.hdf
(0)	NOW READING MODIS FILE : MYD04_L2.A2008230.1430.006.2013350060906.hdf
(0)	NOW READING MODIS FILE : MYD04_L2.A2008230.1435.006.2013350060916.hdf
(0)	NOW READING MODIS FILE : MYD04_L2.A2008230.1440.006.2013350060923.hdf
(0)	DATE : 2008-8-18_1155-1525
(0)	NOW READING MODIS FILE : MYD04_L2.A2008231.1155.006.2013350064345.hdf
(0)	NOW READING MODIS FILE : MYD04_L2.A2008231.1200.006.2013350064403.hdf
(0)	NOW READING MODIS FILE : MYD04_L2.A2008231.1205.006.2013350063640.hdf
(0)	NOW READING MODIS FILE : MYD04_L2.A2008231.1335.006.2013350063303.hdf
(0)	NOW READING MODIS FILE : MYD04_L2.A2008231.1340.006.2013350063417.hdf
(0)	NOW READING MODIS FILE : MYD04_L2.A2008231.1345.006.2013350063105.hdf
(0)	NOW READING MODIS FILE : MYD04_L2.A2008231.1510.006.2013350063443.hdf
(0)	NOW READING MODIS FILE : MYD04_L2.A2008231.1515.006.2013350063709.hdf
(0)	NOW READING MODIS FILE : MYD04_L2.A2008231.1520.006.2013350063319.hdf
(0)	NOW READING MODIS FILE : MYD04_L2.A2008231.1525.006.2013350063305.hdf
(0)	DATE : 2008-8-19_1240-1555
(0)	NOW READING MODIS FILE : MYD04_L2.A2008232.1240.006.2013350070203.hdf
(0)	NOW READING MODIS FILE : MYD04_L2.A2008232.1245.006.2013350065505.hdf
(0)	NOW READING MODIS FILE : MYD04_L2.A2008232.1250.006.2013350065359.hdf
(0)	NOW READING MODIS FILE : MYD04_L2.A2008232.1415.006.2013350065442.hdf
(0)	NOW READING MODIS FILE : MYD04_L2.A2008232.1420.006.2013350071042.hdf
(0)	NOW READING MODIS FILE : MYD04_L2.A2008232.1425.006.2013350071032.hdf
(0)	NOW READING MODIS FILE : MYD04_L2.A2008232.1430.006.2013350065909.hdf
(0)	NOW READING MODIS FILE : MYD04_L2.A2008232.1555.006.2013350065905.hdf
(0)	DATE : 2008-8-20_1145-1510
(0)	NOW READING MODIS FILE : MYD04_L2.A2008233.1145.006.2013350215523.hdf
(0)	NOW READING MODIS FILE : MYD04_L2.A2008233.1150.006.2013350214600.hdf
(0)	NOW READING MODIS FILE : MYD04_L2.A2008233.1155.006.2013350214543.hdf
(0)	NOW READING MODIS FILE : MYD04_L2.A2008233.1320.006.2013350214908.hdf
(0)	NOW READING MODIS FILE : MYD04_L2.A2008233.1325.006.2013350214311.hdf
(0)	NOW READING MODIS FILE : MYD04_L2.A2008233.1330.006.2013350214116.hdf
(0)	NOW READING MODIS FILE : MYD04_L2.A2008233.1335.006.2013350215149.hdf
(0)	NOW READING MODIS FILE : MYD04_L2.A2008233.1500.006.2013350214544.hdf
(0)	NOW READING MODIS FILE : MYD04_L2.A2008233.1505.006.2013350214536.hdf
(0)	NOW READING MODIS FILE : MYD04_L2.A2008233.1510.006.2013350214558.hdf
(0)	DATE : 2008-8-21_1225-1545
(0)	NOW READING MODIS FILE : MYD04_L2.A2008234.1225.006.2013350211406.hdf
(0)	NOW READING MODIS FILE : MYD04_L2.A2008234.1230.006.2013350212732.hdf
(0)	NOW READING MODIS FILE : MYD04_L2.A2008234.1235.006.2013350211143.hdf
(0)	NOW READING MODIS FILE : MYD04_L2.A2008234.1240.006.2013350212915.hdf
(0)	NOW READING MODIS FILE : MYD04_L2.A2008234.1405.006.2013350211458.hdf
(0)	NOW READING MODIS FILE : MYD04_L2.A2008234.1410.006.2013350211445.hdf
(0)	NOW READING MODIS FILE : MYD04_L2.A2008234.1415.006.2013350211759.hdf
(0)	NOW READING MODIS FILE : MYD04_L2.A2008234.1545.006.2013350212646.hdf
(0)	DATE : 2008-8-22_1135-1500
(0)	NOW READING MODIS FILE : MYD04_L2.A2008235.1135.006.2013350225112.hdf
(0)	NOW READING MODIS FILE : MYD04_L2.A2008235.1140.006.2013350224155.hdf
(0)	NOW READING MODIS FILE : MYD04_L2.A2008235.1310.006.2013350224429.hdf
(0)	NOW READING MODIS FILE : MYD04_L2.A2008235.1315.006.2013350225354.hdf
(0)	NOW READING MODIS FILE : MYD04_L2.A2008235.1320.006.2013350223954.hdf
(0)	NOW READING MODIS FILE : MYD04_L2.A2008235.1445.006.2013350230243.hdf
(0)	NOW READING MODIS FILE : MYD04_L2.A2008235.1450.006.2013350224451.hdf
(0)	NOW READING MODIS FILE : MYD04_L2.A2008235.1455.006.2013350224338.hdf
(0)	NOW READING MODIS FILE : MYD04_L2.A2008235.1500.006.2013350225627.hdf
(0)	DATE : 2008-8-23_1215-1540
(0)	NOW READING MODIS FILE : MYD04_L2.A2008236.1215.006.2013350221609.hdf
(0)	NOW READING MODIS FILE : MYD04_L2.A2008236.1220.006.2013350221336.hdf
(0)	NOW READING MODIS FILE : MYD04_L2.A2008236.1225.006.2013350220824.hdf
(0)	NOW READING MODIS FILE : MYD04_L2.A2008236.1350.006.2013350221555.hdf
(0)	NOW READING MODIS FILE : MYD04_L2.A2008236.1355.006.2013350220332.hdf
(0)	NOW READING MODIS FILE : MYD04_L2.A2008236.1400.006.2013350220210.hdf
(0)	NOW READING MODIS FILE : MYD04_L2.A2008236.1405.006.2013350220518.hdf
(0)	NOW READING MODIS FILE : MYD04_L2.A2008236.1530.006.2013350220408.hdf
(0)	NOW READING MODIS FILE : MYD04_L2.A2008236.1535.006.2013350221436.hdf
(0)	NOW READING MODIS FILE : MYD04_L2.A2008236.1540.006.2013350220525.hdf
(0)	DATE : 2008-8-24_1130-1445
(0)	NOW READING MODIS FILE : MYD04_L2.A2008237.1130.006.2013350222805.hdf
(0)	NOW READING MODIS FILE : MYD04_L2.A2008237.1255.006.2013350223905.hdf
(0)	NOW READING MODIS FILE : MYD04_L2.A2008237.1300.006.2013350225441.hdf
(0)	NOW READING MODIS FILE : MYD04_L2.A2008237.1305.006.2013350222632.hdf
(0)	NOW READING MODIS FILE : MYD04_L2.A2008237.1310.006.2013350222533.hdf
(0)	NOW READING MODIS FILE : MYD04_L2.A2008237.1435.006.2013350223648.hdf
(0)	NOW READING MODIS FILE : MYD04_L2.A2008237.1440.006.2013350222852.hdf
(0)	NOW READING MODIS FILE : MYD04_L2.A2008237.1445.006.2013350224356.hdf
(0)	DATE : 2008-8-25_1200-1530
(0)	NOW READING MODIS FILE : MYD04_L2.A2008238.1200.006.2013350231024.hdf
(0)	NOW READING MODIS FILE : MYD04_L2.A2008238.1205.006.2013350232124.hdf
(0)	NOW READING MODIS FILE : MYD04_L2.A2008238.1210.006.2013350230341.hdf
(0)	NOW READING MODIS FILE : MYD04_L2.A2008238.1215.006.2013350232300.hdf
(0)	NOW READING MODIS FILE : MYD04_L2.A2008238.1340.006.2013350231716.hdf
(0)	NOW READING MODIS FILE : MYD04_L2.A2008238.1345.006.2013350230601.hdf
(0)	NOW READING MODIS FILE : MYD04_L2.A2008238.1350.006.2013350230539.hdf
(0)	NOW READING MODIS FILE : MYD04_L2.A2008238.1520.006.2013350230927.hdf
(0)	NOW READING MODIS FILE : MYD04_L2.A2008238.1525.006.2013350230948.hdf
(0)	NOW READING MODIS FILE : MYD04_L2.A2008238.1530.006.2013350230938.hdf
(0)	DATE : 2008-8-26_1245-1600
(0)	NOW READING MODIS FILE : MYD04_L2.A2008239.1245.006.2013350233748.hdf
(0)	NOW READING MODIS FILE : MYD04_L2.A2008239.1250.006.2013350235547.hdf
(0)	NOW READING MODIS FILE : MYD04_L2.A2008239.1255.006.2013350234705.hdf
(0)	NOW READING MODIS FILE : MYD04_L2.A2008239.1425.006.2013350234340.hdf
(0)	NOW READING MODIS FILE : MYD04_L2.A2008239.1430.006.2013350232938.hdf
(0)	NOW READING MODIS FILE : MYD04_L2.A2008239.1435.006.2013350233006.hdf
(0)	NOW READING MODIS FILE : MYD04_L2.A2008239.1600.006.2013350233855.hdf
(0)	DATE : 2008-8-27_1150-1520
(0)	NOW READING MODIS FILE : MYD04_L2.A2008240.1150.006.2013351000254.hdf
(0)	NOW READING MODIS FILE : MYD04_L2.A2008240.1155.006.2013350235811.hdf
(0)	NOW READING MODIS FILE : MYD04_L2.A2008240.1200.006.2013350235409.hdf
(0)	NOW READING MODIS FILE : MYD04_L2.A2008240.1325.006.2013350234946.hdf
(0)	NOW READING MODIS FILE : MYD04_L2.A2008240.1330.006.2013350235113.hdf
(0)	NOW READING MODIS FILE : MYD04_L2.A2008240.1335.006.2013350235128.hdf
(0)	NOW READING MODIS FILE : MYD04_L2.A2008240.1340.006.2013350235812.hdf
(0)	NOW READING MODIS FILE : MYD04_L2.A2008240.1505.006.2013350235106.hdf
(0)	NOW READING MODIS FILE : MYD04_L2.A2008240.1510.006.2013351001331.hdf
(0)	NOW READING MODIS FILE : MYD04_L2.A2008240.1515.006.2013350235321.hdf
(0)	NOW READING MODIS FILE : MYD04_L2.A2008240.1520.006.2013350235658.hdf
(0)	DATE : 2008-8-28_1230-1550
(0)	NOW READING MODIS FILE : MYD04_L2.A2008241.1230.006.2013351121216.hdf
(0)	NOW READING MODIS FILE : MYD04_L2.A2008241.1235.006.2013351122132.hdf
(0)	NOW READING MODIS FILE : MYD04_L2.A2008241.1240.006.2013351121449.hdf
(0)	NOW READING MODIS FILE : MYD04_L2.A2008241.1245.006.2013351122242.hdf
(0)	NOW READING MODIS FILE : MYD04_L2.A2008241.1410.006.2013351121543.hdf
(0)	NOW READING MODIS FILE : MYD04_L2.A2008241.1415.006.2013351121036.hdf
(0)	NOW READING MODIS FILE : MYD04_L2.A2008241.1420.006.2013351121101.hdf
(0)	NOW READING MODIS FILE : MYD04_L2.A2008241.1550.006.2013351121636.hdf
(0)	DATE : 2008-8-29_1140-1505
(0)	NOW READING MODIS FILE : MYD04_L2.A2008242.1140.006.2013351125153.hdf
(0)	NOW READING MODIS FILE : MYD04_L2.A2008242.1145.006.2013351123851.hdf
(0)	NOW READING MODIS FILE : MYD04_L2.A2008242.1150.006.2013351125046.hdf
(0)	NOW READING MODIS FILE : MYD04_L2.A2008242.1315.006.2013351125204.hdf
(0)	NOW READING MODIS FILE : MYD04_L2.A2008242.1320.006.2013351124201.hdf
(0)	NOW READING MODIS FILE : MYD04_L2.A2008242.1325.006.2013351124022.hdf
(0)	NOW READING MODIS FILE : MYD04_L2.A2008242.1455.006.2013351124622.hdf
(0)	NOW READING MODIS FILE : MYD04_L2.A2008242.1500.006.2013351123853.hdf
(0)	NOW READING MODIS FILE : MYD04_L2.A2008242.1505.006.2013351123920.hdf
(0)	DATE : 2008-8-30_1220-1545
(0)	NOW READING MODIS FILE : MYD04_L2.A2008243.1220.006.2013351130609.hdf
(0)	NOW READING MODIS FILE : MYD04_L2.A2008243.1225.006.2013351130955.hdf
(0)	NOW READING MODIS FILE : MYD04_L2.A2008243.1230.006.2013351125723.hdf
(0)	NOW READING MODIS FILE : MYD04_L2.A2008243.1400.006.2013351125941.hdf
(0)	NOW READING MODIS FILE : MYD04_L2.A2008243.1405.006.2013351125646.hdf
(0)	NOW READING MODIS FILE : MYD04_L2.A2008243.1410.006.2013351125853.hdf
(0)	NOW READING MODIS FILE : MYD04_L2.A2008243.1535.006.2013351125932.hdf
(0)	NOW READING MODIS FILE : MYD04_L2.A2008243.1540.006.2013351130142.hdf
(0)	NOW READING MODIS FILE : MYD04_L2.A2008243.1545.006.2013351130317.hdf
(0)	DATE : 2008-8-31_1135-1455
(0)	NOW READING MODIS FILE : MYD04_L2.A2008244.1135.006.2013351133003.hdf
(0)	NOW READING MODIS FILE : MYD04_L2.A2008244.1305.006.2013351133442.hdf
(0)	NOW READING MODIS FILE : MYD04_L2.A2008244.1310.006.2013351131635.hdf
(0)	NOW READING MODIS FILE : MYD04_L2.A2008244.1315.006.2013351132211.hdf
(0)	NOW READING MODIS FILE : MYD04_L2.A2008244.1440.006.2013351131727.hdf
(0)	NOW READING MODIS FILE : MYD04_L2.A2008244.1445.006.2013351131801.hdf
(0)	NOW READING MODIS FILE : MYD04_L2.A2008244.1450.006.2013351132742.hdf
(0)	NOW READING MODIS FILE : MYD04_L2.A2008244.1455.006.2013351131643.hdf
(0)	DATE : 2008-9-1_1210-1535
(0)	NOW READING MODIS FILE : MYD04_L2.A2008245.1210.006.2013351143935.hdf
(0)	NOW READING MODIS FILE : MYD04_L2.A2008245.1215.006.2013351142148.hdf
(0)	NOW READING MODIS FILE : MYD04_L2.A2008245.1220.006.2013351143625.hdf
(0)	NOW READING MODIS FILE : MYD04_L2.A2008245.1345.006.2013351141942.hdf
(0)	NOW READING MODIS FILE : MYD04_L2.A2008245.1350.006.2013351141821.hdf
(0)	NOW READING MODIS FILE : MYD04_L2.A2008245.1355.006.2013351142120.hdf
(0)	NOW READING MODIS FILE : MYD04_L2.A2008245.1400.006.2013351144018.hdf
(0)	NOW READING MODIS FILE : MYD04_L2.A2008245.1525.006.2013351142219.hdf
(0)	NOW READING MODIS FILE : MYD04_L2.A2008245.1530.006.2013351143152.hdf
(0)	NOW READING MODIS FILE : MYD04_L2.A2008245.1535.006.2013351142406.hdf
(0)	DATE : 2008-9-2_1250-1440
(0)	NOW READING MODIS FILE : MYD04_L2.A2008246.1250.006.2013351140703.hdf
(0)	NOW READING MODIS FILE : MYD04_L2.A2008246.1255.006.2013351140244.hdf
(0)	NOW READING MODIS FILE : MYD04_L2.A2008246.1300.006.2013351135552.hdf
(0)	NOW READING MODIS FILE : MYD04_L2.A2008246.1430.006.2013351135702.hdf
(0)	NOW READING MODIS FILE : MYD04_L2.A2008246.1435.006.2013351135603.hdf
(0)	NOW READING MODIS FILE : MYD04_L2.A2008246.1440.006.2013351135705.hdf
(0)	DATE : 2008-9-3_1155-1525
(0)	NOW READING MODIS FILE : MYD04_L2.A2008247.1155.006.2013351133848.hdf
(0)	NOW READING MODIS FILE : MYD04_L2.A2008247.1200.006.2013351134504.hdf
(0)	NOW READING MODIS FILE : MYD04_L2.A2008247.1205.006.2013351134809.hdf
(0)	NOW READING MODIS FILE : MYD04_L2.A2008247.1335.006.2013351133236.hdf
(0)	NOW READING MODIS FILE : MYD04_L2.A2008247.1340.006.2013351132946.hdf
(0)	NOW READING MODIS FILE : MYD04_L2.A2008247.1345.006.2013351133014.hdf
(0)	NOW READING MODIS FILE : MYD04_L2.A2008247.1510.006.2013351133514.hdf
(0)	NOW READING MODIS FILE : MYD04_L2.A2008247.1515.006.2013351133308.hdf
(0)	NOW READING MODIS FILE : MYD04_L2.A2008247.1520.006.2013351133142.hdf
(0)	NOW READING MODIS FILE : MYD04_L2.A2008247.1525.006.2013351133135.hdf
(0)	DATE : 2008-9-4_1240-1555
(0)	NOW READING MODIS FILE : MYD04_L2.A2008248.1240.006.2013351145552.hdf
(0)	NOW READING MODIS FILE : MYD04_L2.A2008248.1245.006.2013351144546.hdf
(0)	NOW READING MODIS FILE : MYD04_L2.A2008248.1250.006.2013351145916.hdf
(0)	NOW READING MODIS FILE : MYD04_L2.A2008248.1415.006.2013351144740.hdf
(0)	NOW READING MODIS FILE : MYD04_L2.A2008248.1420.006.2013351145516.hdf
(0)	NOW READING MODIS FILE : MYD04_L2.A2008248.1425.006.2013351144608.hdf
(0)	NOW READING MODIS FILE : MYD04_L2.A2008248.1430.006.2013351144654.hdf
(0)	NOW READING MODIS FILE : MYD04_L2.A2008248.1555.006.2013351145106.hdf
(0)	DATE : 2008-9-5_1145-1510
(0)	NOW READING MODIS FILE : MYD04_L2.A2008249.1145.006.2013351233443.hdf
(0)	NOW READING MODIS FILE : MYD04_L2.A2008249.1150.006.2013351232757.hdf
(0)	NOW READING MODIS FILE : MYD04_L2.A2008249.1155.006.2013351231652.hdf
(0)	NOW READING MODIS FILE : MYD04_L2.A2008249.1320.006.2013351230526.hdf
(0)	NOW READING MODIS FILE : MYD04_L2.A2008249.1325.006.2013351231411.hdf
(0)	NOW READING MODIS FILE : MYD04_L2.A2008249.1330.006.2013351230433.hdf
(0)	NOW READING MODIS FILE : MYD04_L2.A2008249.1335.006.2013351231830.hdf
(0)	NOW READING MODIS FILE : MYD04_L2.A2008249.1500.006.2013351230722.hdf
(0)	NOW READING MODIS FILE : MYD04_L2.A2008249.1505.006.2013351230826.hdf
(0)	NOW READING MODIS FILE : MYD04_L2.A2008249.1510.006.2013351230640.hdf
(0)	DATE : 2008-9-6_1225-1550
(0)	NOW READING MODIS FILE : MYD04_L2.A2008250.1225.006.2013351224543.hdf
(0)	NOW READING MODIS FILE : MYD04_L2.A2008250.1230.006.2013351225552.hdf
(0)	NOW READING MODIS FILE : MYD04_L2.A2008250.1235.006.2013351224119.hdf
(0)	NOW READING MODIS FILE : MYD04_L2.A2008250.1240.006.2013351230124.hdf
(0)	NOW READING MODIS FILE : MYD04_L2.A2008250.1405.006.2013351224133.hdf
(0)	NOW READING MODIS FILE : MYD04_L2.A2008250.1410.006.2013351224043.hdf
(0)	NOW READING MODIS FILE : MYD04_L2.A2008250.1415.006.2013351230825.hdf
(0)	NOW READING MODIS FILE : MYD04_L2.A2008250.1545.006.2013351224549.hdf
(0)	NOW READING MODIS FILE : MYD04_L2.A2008250.1550.006.2013351224531.hdf
(0)	DATE : 2008-9-7_1135-1500
(0)	NOW READING MODIS FILE : MYD04_L2.A2008251.1135.006.2013351223749.hdf
(0)	NOW READING MODIS FILE : MYD04_L2.A2008251.1140.006.2013351222045.hdf
(0)	NOW READING MODIS FILE : MYD04_L2.A2008251.1310.006.2013351222123.hdf
(0)	NOW READING MODIS FILE : MYD04_L2.A2008251.1315.006.2013351222026.hdf
(0)	NOW READING MODIS FILE : MYD04_L2.A2008251.1320.006.2013351222222.hdf
(0)	NOW READING MODIS FILE : MYD04_L2.A2008251.1450.006.2013351223755.hdf
(0)	NOW READING MODIS FILE : MYD04_L2.A2008251.1455.006.2013351223247.hdf
(0)	NOW READING MODIS FILE : MYD04_L2.A2008251.1500.006.2013351223014.hdf
(0)	DATE : 2008-9-8_1215-1540
(0)	NOW READING MODIS FILE : MYD04_L2.A2008252.1215.006.2013351234152.hdf
(0)	NOW READING MODIS FILE : MYD04_L2.A2008252.1220.006.2013351233509.hdf
(0)	NOW READING MODIS FILE : MYD04_L2.A2008252.1225.006.2013351233020.hdf
(0)	NOW READING MODIS FILE : MYD04_L2.A2008252.1350.006.2013351235455.hdf
(0)	NOW READING MODIS FILE : MYD04_L2.A2008252.1355.006.2013351233947.hdf
(0)	NOW READING MODIS FILE : MYD04_L2.A2008252.1400.006.2013351235126.hdf
(0)	NOW READING MODIS FILE : MYD04_L2.A2008252.1405.006.2013351233234.hdf
(0)	NOW READING MODIS FILE : MYD04_L2.A2008252.1530.006.2013351233054.hdf
(0)	NOW READING MODIS FILE : MYD04_L2.A2008252.1535.006.2013351233801.hdf
(0)	NOW READING MODIS FILE : MYD04_L2.A2008252.1540.006.2013351234922.hdf
(0)	DATE : 2008-9-9_1130-1445
(0)	NOW READING MODIS FILE : MYD04_L2.A2008253.1130.006.2013351210128.hdf
(0)	NOW READING MODIS FILE : MYD04_L2.A2008253.1255.006.2013351210214.hdf
(0)	NOW READING MODIS FILE : MYD04_L2.A2008253.1300.006.2013351210549.hdf
(0)	NOW READING MODIS FILE : MYD04_L2.A2008253.1305.006.2013351205821.hdf
(0)	NOW READING MODIS FILE : MYD04_L2.A2008253.1310.006.2013351210852.hdf
(0)	NOW READING MODIS FILE : MYD04_L2.A2008253.1435.006.2013351210402.hdf
(0)	NOW READING MODIS FILE : MYD04_L2.A2008253.1440.006.2013351205946.hdf
(0)	NOW READING MODIS FILE : MYD04_L2.A2008253.1445.006.2013351210247.hdf
(0)	DATE : 2008-9-10_1200-1530
(0)	NOW READING MODIS FILE : MYD04_L2.A2008254.1200.006.2013351212516.hdf
(0)	NOW READING MODIS FILE : MYD04_L2.A2008254.1205.006.2013351214528.hdf
(0)	NOW READING MODIS FILE : MYD04_L2.A2008254.1210.006.2013351212044.hdf
(0)	NOW READING MODIS FILE : MYD04_L2.A2008254.1215.006.2013351214328.hdf
(0)	NOW READING MODIS FILE : MYD04_L2.A2008254.1340.006.2013351212038.hdf
(0)	NOW READING MODIS FILE : MYD04_L2.A2008254.1345.006.2013351212131.hdf
(0)	NOW READING MODIS FILE : MYD04_L2.A2008254.1350.006.2013351212052.hdf
(0)	NOW READING MODIS FILE : MYD04_L2.A2008254.1520.006.2013351212658.hdf
(0)	NOW READING MODIS FILE : MYD04_L2.A2008254.1525.006.2013351212502.hdf
(0)	NOW READING MODIS FILE : MYD04_L2.A2008254.1530.006.2013351212352.hdf
(0)	DATE : 2008-9-11_1245-1600
(0)	NOW READING MODIS FILE : MYD04_L2.A2008255.1245.006.2013351214636.hdf
(0)	NOW READING MODIS FILE : MYD04_L2.A2008255.1250.006.2013351215549.hdf
(0)	NOW READING MODIS FILE : MYD04_L2.A2008255.1255.006.2013351215307.hdf
(0)	NOW READING MODIS FILE : MYD04_L2.A2008255.1425.006.2013351214020.hdf
(0)	NOW READING MODIS FILE : MYD04_L2.A2008255.1430.006.2013351214033.hdf
(0)	NOW READING MODIS FILE : MYD04_L2.A2008255.1435.006.2013351214250.hdf
(0)	NOW READING MODIS FILE : MYD04_L2.A2008255.1600.006.2013351214626.hdf
(0)	DATE : 2008-9-12_1150-1520
(0)	NOW READING MODIS FILE : MYD04_L2.A2008256.1150.006.2013351221208.hdf
(0)	NOW READING MODIS FILE : MYD04_L2.A2008256.1155.006.2013351221401.hdf
(0)	NOW READING MODIS FILE : MYD04_L2.A2008256.1200.006.2013351220139.hdf
(0)	NOW READING MODIS FILE : MYD04_L2.A2008256.1325.006.2013351215800.hdf
(0)	NOW READING MODIS FILE : MYD04_L2.A2008256.1330.006.2013351220042.hdf
(0)	NOW READING MODIS FILE : MYD04_L2.A2008256.1335.006.2013351221539.hdf
(0)	NOW READING MODIS FILE : MYD04_L2.A2008256.1340.006.2013351220200.hdf
(0)	NOW READING MODIS FILE : MYD04_L2.A2008256.1505.006.2013351220233.hdf
(0)	NOW READING MODIS FILE : MYD04_L2.A2008256.1510.006.2013351220701.hdf
(0)	NOW READING MODIS FILE : MYD04_L2.A2008256.1515.006.2013351220548.hdf
(0)	NOW READING MODIS FILE : MYD04_L2.A2008256.1520.006.2013351220401.hdf
(0)	DATE : 2008-9-13_1230-1550
(0)	NOW READING MODIS FILE : MYD04_L2.A2008257.1230.006.2013352004519.hdf
(0)	NOW READING MODIS FILE : MYD04_L2.A2008257.1235.006.2013352005447.hdf
(0)	NOW READING MODIS FILE : MYD04_L2.A2008257.1240.006.2013352003903.hdf
(0)	NOW READING MODIS FILE : MYD04_L2.A2008257.1245.006.2013352004409.hdf
(0)	NOW READING MODIS FILE : MYD04_L2.A2008257.1410.006.2013352004752.hdf
(0)	NOW READING MODIS FILE : MYD04_L2.A2008257.1415.006.2013352005714.hdf
(0)	NOW READING MODIS FILE : MYD04_L2.A2008257.1420.006.2013352004331.hdf
(0)	NOW READING MODIS FILE : MYD04_L2.A2008257.1425.006.2013352004809.hdf
(0)	NOW READING MODIS FILE : MYD04_L2.A2008257.1550.006.2013352004322.hdf
(0)	DATE : 2008-9-14_1140-1505
(0)	NOW READING MODIS FILE : MYD04_L2.A2008258.1140.006.2013352000746.hdf
(0)	NOW READING MODIS FILE : MYD04_L2.A2008258.1145.006.2013351235318.hdf
(0)	NOW READING MODIS FILE : MYD04_L2.A2008258.1150.006.2013352000611.hdf
(0)	NOW READING MODIS FILE : MYD04_L2.A2008258.1315.006.2013352001136.hdf
(0)	NOW READING MODIS FILE : MYD04_L2.A2008258.1320.006.2013351235208.hdf
(0)	NOW READING MODIS FILE : MYD04_L2.A2008258.1325.006.2013351235844.hdf
(0)	NOW READING MODIS FILE : MYD04_L2.A2008258.1455.006.2013351235344.hdf
(0)	NOW READING MODIS FILE : MYD04_L2.A2008258.1500.006.2013352001129.hdf
(0)	NOW READING MODIS FILE : MYD04_L2.A2008258.1505.006.2013351235636.hdf
(0)	DATE : 2008-9-15_1220-1545
(0)	NOW READING MODIS FILE : MYD04_L2.A2008259.1220.006.2013352002435.hdf
(0)	NOW READING MODIS FILE : MYD04_L2.A2008259.1225.006.2013352003808.hdf
(0)	NOW READING MODIS FILE : MYD04_L2.A2008259.1230.006.2013352001205.hdf
(0)	NOW READING MODIS FILE : MYD04_L2.A2008259.1400.006.2013352001345.hdf
(0)	NOW READING MODIS FILE : MYD04_L2.A2008259.1405.006.2013352001407.hdf
(0)	NOW READING MODIS FILE : MYD04_L2.A2008259.1410.006.2013352001734.hdf
(0)	NOW READING MODIS FILE : MYD04_L2.A2008259.1535.006.2013352001321.hdf
(0)	NOW READING MODIS FILE : MYD04_L2.A2008259.1540.006.2013352003315.hdf
(0)	NOW READING MODIS FILE : MYD04_L2.A2008259.1545.006.2013352001928.hdf
(0)	DATE : 2008-9-16_1135-1455
(0)	NOW READING MODIS FILE : MYD04_L2.A2008260.1135.006.2013352013034.hdf
(0)	NOW READING MODIS FILE : MYD04_L2.A2008260.1305.006.2013352011800.hdf
(0)	NOW READING MODIS FILE : MYD04_L2.A2008260.1310.006.2013352010703.hdf
(0)	NOW READING MODIS FILE : MYD04_L2.A2008260.1315.006.2013352010326.hdf
(0)	NOW READING MODIS FILE : MYD04_L2.A2008260.1440.006.2013352010315.hdf
(0)	NOW READING MODIS FILE : MYD04_L2.A2008260.1445.006.2013352010420.hdf
(0)	NOW READING MODIS FILE : MYD04_L2.A2008260.1450.006.2013352010417.hdf
(0)	NOW READING MODIS FILE : MYD04_L2.A2008260.1455.006.2013352011125.hdf
(0)	DATE : 2008-9-17_1210-1535
(0)	NOW READING MODIS FILE : MYD04_L2.A2008261.1210.006.2013352014337.hdf
(0)	NOW READING MODIS FILE : MYD04_L2.A2008261.1215.006.2013352013412.hdf
(0)	NOW READING MODIS FILE : MYD04_L2.A2008261.1220.006.2013352013854.hdf
(0)	NOW READING MODIS FILE : MYD04_L2.A2008261.1345.006.2013352013049.hdf
(0)	NOW READING MODIS FILE : MYD04_L2.A2008261.1350.006.2013352012509.hdf
(0)	NOW READING MODIS FILE : MYD04_L2.A2008261.1355.006.2013352012804.hdf
(0)	NOW READING MODIS FILE : MYD04_L2.A2008261.1400.006.2013352012914.hdf
(0)	NOW READING MODIS FILE : MYD04_L2.A2008261.1525.006.2013352015158.hdf
(0)	NOW READING MODIS FILE : MYD04_L2.A2008261.1530.006.2013352012847.hdf
(0)	NOW READING MODIS FILE : MYD04_L2.A2008261.1535.006.2013352013035.hdf
(0)	DATE : 2008-9-18_1250-1440
(0)	NOW READING MODIS FILE : MYD04_L2.A2008262.1250.006.2013352025036.hdf
(0)	NOW READING MODIS FILE : MYD04_L2.A2008262.1255.006.2013352025931.hdf
(0)	NOW READING MODIS FILE : MYD04_L2.A2008262.1300.006.2013352025956.hdf
(0)	NOW READING MODIS FILE : MYD04_L2.A2008262.1305.006.2013352031418.hdf
(0)	NOW READING MODIS FILE : MYD04_L2.A2008262.1430.006.2013352024833.hdf
(0)	NOW READING MODIS FILE : MYD04_L2.A2008262.1435.006.2013352025202.hdf
(0)	NOW READING MODIS FILE : MYD04_L2.A2008262.1440.006.2013352025457.hdf
(0)	DATE : 2008-9-19_1155-1525
(0)	NOW READING MODIS FILE : MYD04_L2.A2008263.1155.006.2013352032656.hdf
(0)	NOW READING MODIS FILE : MYD04_L2.A2008263.1200.006.2013352033659.hdf
(0)	NOW READING MODIS FILE : MYD04_L2.A2008263.1205.006.2013352032823.hdf
(0)	NOW READING MODIS FILE : MYD04_L2.A2008263.1335.006.2013352032950.hdf
(0)	NOW READING MODIS FILE : MYD04_L2.A2008263.1340.006.2013352032438.hdf
(0)	NOW READING MODIS FILE : MYD04_L2.A2008263.1345.006.2013352033402.hdf
(0)	NOW READING MODIS FILE : MYD04_L2.A2008263.1515.006.2013352032724.hdf
(0)	NOW READING MODIS FILE : MYD04_L2.A2008263.1520.006.2013352032855.hdf
(0)	NOW READING MODIS FILE : MYD04_L2.A2008263.1525.006.2013352033050.hdf
(0)	DATE : 2008-9-20_1240-1555
(0)	NOW READING MODIS FILE : MYD04_L2.A2008264.1240.006.2013352044730.hdf
(0)	NOW READING MODIS FILE : MYD04_L2.A2008264.1245.006.2013352044048.hdf
(0)	NOW READING MODIS FILE : MYD04_L2.A2008264.1250.006.2013352044908.hdf
(0)	NOW READING MODIS FILE : MYD04_L2.A2008264.1415.006.2013352043813.hdf
(0)	NOW READING MODIS FILE : MYD04_L2.A2008264.1420.006.2013352044433.hdf
(0)	NOW READING MODIS FILE : MYD04_L2.A2008264.1425.006.2013352045519.hdf
(0)	NOW READING MODIS FILE : MYD04_L2.A2008264.1430.006.2013352045006.hdf
(0)	NOW READING MODIS FILE : MYD04_L2.A2008264.1555.006.2013352044831.hdf
(0)	DATE : 2008-9-21_1145-1510
(0)	NOW READING MODIS FILE : MYD04_L2.A2008265.1145.006.2013352120317.hdf
(0)	NOW READING MODIS FILE : MYD04_L2.A2008265.1150.006.2013352121459.hdf
(0)	NOW READING MODIS FILE : MYD04_L2.A2008265.1155.006.2013352120938.hdf
(0)	NOW READING MODIS FILE : MYD04_L2.A2008265.1320.006.2013352115626.hdf
(0)	NOW READING MODIS FILE : MYD04_L2.A2008265.1325.006.2013352115734.hdf
(0)	NOW READING MODIS FILE : MYD04_L2.A2008265.1330.006.2013352115526.hdf
(0)	NOW READING MODIS FILE : MYD04_L2.A2008265.1335.006.2013352121155.hdf
(0)	NOW READING MODIS FILE : MYD04_L2.A2008265.1500.006.2013352115924.hdf
(0)	NOW READING MODIS FILE : MYD04_L2.A2008265.1505.006.2013352120529.hdf
(0)	NOW READING MODIS FILE : MYD04_L2.A2008265.1510.006.2013352120627.hdf
(0)	DATE : 2008-9-22_1225-1550
(0)	NOW READING MODIS FILE : MYD04_L2.A2008266.1225.006.2013352123832.hdf
(0)	NOW READING MODIS FILE : MYD04_L2.A2008266.1230.006.2013352124233.hdf
(0)	NOW READING MODIS FILE : MYD04_L2.A2008266.1235.006.2013352122610.hdf
(0)	NOW READING MODIS FILE : MYD04_L2.A2008266.1240.006.2013352124335.hdf
(0)	NOW READING MODIS FILE : MYD04_L2.A2008266.1405.006.2013352123638.hdf
(0)	NOW READING MODIS FILE : MYD04_L2.A2008266.1410.006.2013352123243.hdf
(0)	NOW READING MODIS FILE : MYD04_L2.A2008266.1415.006.2013352123005.hdf
(0)	NOW READING MODIS FILE : MYD04_L2.A2008266.1545.006.2013352122901.hdf
(0)	NOW READING MODIS FILE : MYD04_L2.A2008266.1550.006.2013352123823.hdf
(0)	DATE : 2008-9-23_1135-1500
(0)	NOW READING MODIS FILE : MYD04_L2.A2008267.1135.006.2013352130446.hdf
(0)	NOW READING MODIS FILE : MYD04_L2.A2008267.1140.006.2013352125245.hdf
(0)	NOW READING MODIS FILE : MYD04_L2.A2008267.1310.006.2013352130014.hdf
(0)	NOW READING MODIS FILE : MYD04_L2.A2008267.1315.006.2013352130154.hdf
(0)	NOW READING MODIS FILE : MYD04_L2.A2008267.1320.006.2013352125337.hdf
(0)	NOW READING MODIS FILE : MYD04_L2.A2008267.1450.006.2013352130336.hdf
(0)	NOW READING MODIS FILE : MYD04_L2.A2008267.1455.006.2013352125304.hdf
(0)	NOW READING MODIS FILE : MYD04_L2.A2008267.1500.006.2013352130338.hdf
(0)	DATE : 2008-9-24_1215-1540
(0)	NOW READING MODIS FILE : MYD04_L2.A2008268.1215.006.2013352132146.hdf
(0)	NOW READING MODIS FILE : MYD04_L2.A2008268.1220.006.2013352131919.hdf
(0)	NOW READING MODIS FILE : MYD04_L2.A2008268.1225.006.2013352131716.hdf
(0)	NOW READING MODIS FILE : MYD04_L2.A2008268.1350.006.2013352132211.hdf
(0)	NOW READING MODIS FILE : MYD04_L2.A2008268.1355.006.2013352132154.hdf
(0)	NOW READING MODIS FILE : MYD04_L2.A2008268.1400.006.2013352132226.hdf
(0)	NOW READING MODIS FILE : MYD04_L2.A2008268.1405.006.2013352131810.hdf
(0)	NOW READING MODIS FILE : MYD04_L2.A2008268.1530.006.2013352131031.hdf
(0)	NOW READING MODIS FILE : MYD04_L2.A2008268.1535.006.2013352131314.hdf
(0)	NOW READING MODIS FILE : MYD04_L2.A2008268.1540.006.2013352131255.hdf
(0)	DATE : 2008-9-25_1130-1445
(0)	NOW READING MODIS FILE : MYD04_L2.A2008269.1130.006.2013352162010.hdf
(0)	NOW READING MODIS FILE : MYD04_L2.A2008269.1255.006.2013352161357.hdf
(0)	NOW READING MODIS FILE : MYD04_L2.A2008269.1300.006.2013352161342.hdf
(0)	NOW READING MODIS FILE : MYD04_L2.A2008269.1305.006.2013352161123.hdf
(0)	NOW READING MODIS FILE : MYD04_L2.A2008269.1310.006.2013352162202.hdf
(0)	NOW READING MODIS FILE : MYD04_L2.A2008269.1435.006.2013352161531.hdf
(0)	NOW READING MODIS FILE : MYD04_L2.A2008269.1440.006.2013352161050.hdf
(0)	NOW READING MODIS FILE : MYD04_L2.A2008269.1445.006.2013352162436.hdf
(0)	DATE : 2008-9-26_1200-1530
(0)	NOW READING MODIS FILE : MYD04_L2.A2008270.1200.006.2013352132725.hdf
(0)	NOW READING MODIS FILE : MYD04_L2.A2008270.1205.006.2013352134302.hdf
(0)	NOW READING MODIS FILE : MYD04_L2.A2008270.1210.006.2013352132657.hdf
(0)	NOW READING MODIS FILE : MYD04_L2.A2008270.1215.006.2013352134916.hdf
(0)	NOW READING MODIS FILE : MYD04_L2.A2008270.1340.006.2013352133106.hdf
(0)	NOW READING MODIS FILE : MYD04_L2.A2008270.1345.006.2013352134057.hdf
(0)	NOW READING MODIS FILE : MYD04_L2.A2008270.1350.006.2013352133153.hdf
(0)	NOW READING MODIS FILE : MYD04_L2.A2008270.1520.006.2013352133305.hdf
(0)	NOW READING MODIS FILE : MYD04_L2.A2008270.1525.006.2013352134040.hdf
(0)	NOW READING MODIS FILE : MYD04_L2.A2008270.1530.006.2013352133149.hdf
(0)	DATE : 2008-9-27_1245-1600
(0)	NOW READING MODIS FILE : MYD04_L2.A2008271.1245.006.2013352164032.hdf
(0)	NOW READING MODIS FILE : MYD04_L2.A2008271.1250.006.2013352163836.hdf
(0)	NOW READING MODIS FILE : MYD04_L2.A2008271.1255.006.2013352164653.hdf
(0)	NOW READING MODIS FILE : MYD04_L2.A2008271.1425.006.2013352163517.hdf
(0)	NOW READING MODIS FILE : MYD04_L2.A2008271.1430.006.2013352163602.hdf
(0)	NOW READING MODIS FILE : MYD04_L2.A2008271.1435.006.2013352163622.hdf
(0)	NOW READING MODIS FILE : MYD04_L2.A2008271.1600.006.2013352163552.hdf
(0)	DATE : 2008-9-28_1150-1520
(0)	NOW READING MODIS FILE : MYD04_L2.A2008272.1150.006.2013352142843.hdf
(0)	NOW READING MODIS FILE : MYD04_L2.A2008272.1155.006.2013352143227.hdf
(0)	NOW READING MODIS FILE : MYD04_L2.A2008272.1200.006.2013352142747.hdf
(0)	NOW READING MODIS FILE : MYD04_L2.A2008272.1330.006.2013352142216.hdf
(0)	NOW READING MODIS FILE : MYD04_L2.A2008272.1335.006.2013352142404.hdf
(0)	NOW READING MODIS FILE : MYD04_L2.A2008272.1340.006.2013352144848.hdf
(0)	NOW READING MODIS FILE : MYD04_L2.A2008272.1505.006.2013352142353.hdf
(0)	NOW READING MODIS FILE : MYD04_L2.A2008272.1510.006.2013352142618.hdf
(0)	NOW READING MODIS FILE : MYD04_L2.A2008272.1515.006.2013352142322.hdf
(0)	NOW READING MODIS FILE : MYD04_L2.A2008272.1520.006.2013352143638.hdf
(0)	DATE : 2008-9-29_1235-1555
(0)	NOW READING MODIS FILE : MYD04_L2.A2008273.1235.006.2013352145434.hdf
(0)	NOW READING MODIS FILE : MYD04_L2.A2008273.1240.006.2013352144053.hdf
(0)	NOW READING MODIS FILE : MYD04_L2.A2008273.1245.006.2013352145732.hdf
(0)	NOW READING MODIS FILE : MYD04_L2.A2008273.1410.006.2013352144750.hdf
(0)	NOW READING MODIS FILE : MYD04_L2.A2008273.1415.006.2013352150149.hdf
(0)	NOW READING MODIS FILE : MYD04_L2.A2008273.1420.006.2013352144234.hdf
(0)	NOW READING MODIS FILE : MYD04_L2.A2008273.1425.006.2013352150235.hdf
(0)	NOW READING MODIS FILE : MYD04_L2.A2008273.1550.006.2013352144237.hdf
(0)	NOW READING MODIS FILE : MYD04_L2.A2008273.1555.006.2013352145727.hdf
(0)	DATE : 2008-9-30_1140-1505
(0)	NOW READING MODIS FILE : MYD04_L2.A2008274.1140.006.2013352151929.hdf
(0)	NOW READING MODIS FILE : MYD04_L2.A2008274.1145.006.2013352152357.hdf
(0)	NOW READING MODIS FILE : MYD04_L2.A2008274.1150.006.2013352152102.hdf
(0)	NOW READING MODIS FILE : MYD04_L2.A2008274.1315.006.2013352151110.hdf
(0)	NOW READING MODIS FILE : MYD04_L2.A2008274.1320.006.2013352150659.hdf
(0)	NOW READING MODIS FILE : MYD04_L2.A2008274.1325.006.2013352150608.hdf
(0)	NOW READING MODIS FILE : MYD04_L2.A2008274.1455.006.2013352150434.hdf
(0)	NOW READING MODIS FILE : MYD04_L2.A2008274.1500.006.2013352151918.hdf
(0)	NOW READING MODIS FILE : MYD04_L2.A2008274.1505.006.2013352152027.hdf
