(Creating MODIS corrected reflectance)
Force overwrite existing output file
Verbose mode requested
1km-resolution output requested
Input MOD02HKM file: MOD02HKM.hdf
Input MOD02QKM file: MOD02QKM.hdf
Input geolocation file: MOD021KM.hdf
Output file: crefl.1km.hdf
SDS "EV_250_Aggr1km_RefSB": 1354x2030   scale factor: 5.12867e-05  offset: -0
SDS "EV_500_Aggr1km_RefSB": 1354x2030   scale factor: 3.04235e-05  offset: -0
SDS "EV_500_Aggr1km_RefSB": 1354x2030   scale factor: 2.96173e-05  offset: -0
SDS "SolarZenith": 271x406   scale factor: 0.01  offset: 0
SDS "SensorZenith": 271x406   scale factor: 0.01  offset: 0
SDS "SolarAzimuth": 271x406   scale factor: 0.01  offset: 0
SDS "SensorAzimuth": 271x406   scale factor: 0.01  offset: 0
SDS "Longitude": 271x406   scale factor: 1  offset: 0
SDS "Latitude": 271x406   scale factor: 1  offset: 0
Creating SDS CorrRefl_01: 1354x2030
Creating SDS CorrRefl_03: 1354x2030
Creating SDS CorrRefl_04: 1354x2030
Processing scan 0...
Processing scan 10...
Processing scan 20...
Processing scan 30...
Processing scan 40...
Processing scan 50...
Processing scan 60...
Processing scan 70...
Processing scan 80...
Processing scan 90...
Processing scan 100...
Processing scan 110...
Processing scan 120...
Processing scan 130...
Processing scan 140...
Processing scan 150...
Processing scan 160...
Processing scan 170...
Processing scan 180...
Processing scan 190...
Processing scan 200...
Force overwrite existing output file
Verbose mode requested
500m-resolution output requested
Input MOD02HKM file: MOD02HKM.hdf
Input MOD02QKM file: MOD02QKM.hdf
Input geolocation file: MOD021KM.hdf
Output file: crefl.hkm.hdf
SDS "EV_250_Aggr500_RefSB": 2708x4060   scale factor: 5.12867e-05  offset: -0
SDS "EV_500_RefSB": 2708x4060   scale factor: 3.04235e-05  offset: -0
SDS "EV_500_RefSB": 2708x4060   scale factor: 2.96173e-05  offset: -0
SDS "SolarZenith": 271x406   scale factor: 0.01  offset: 0
SDS "SensorZenith": 271x406   scale factor: 0.01  offset: 0
SDS "SolarAzimuth": 271x406   scale factor: 0.01  offset: 0
SDS "SensorAzimuth": 271x406   scale factor: 0.01  offset: 0
SDS "Longitude": 271x406   scale factor: 1  offset: 0
SDS "Latitude": 271x406   scale factor: 1  offset: 0
Creating SDS CorrRefl_01: 2708x4060
Creating SDS CorrRefl_03: 2708x4060
Creating SDS CorrRefl_04: 2708x4060
Processing scan 0...
Processing scan 10...
Processing scan 20...
Processing scan 30...
Processing scan 40...
Processing scan 50...
Processing scan 60...
Processing scan 70...
Processing scan 80...
Processing scan 90...
Processing scan 100...
Processing scan 110...
Processing scan 120...
Processing scan 130...
Processing scan 140...
Processing scan 150...
Processing scan 160...
Processing scan 170...
Processing scan 180...
Processing scan 190...
Processing scan 200...
Force overwrite existing output file
Verbose mode requested
Input MOD02HKM file: MOD02HKM.hdf
Input MOD02QKM file: MOD02QKM.hdf
Input geolocation file: MOD021KM.hdf
Output file: crefl.qkm.hdf
SDS "EV_250_RefSB": 5416x8120   scale factor: 5.12867e-05  offset: -0
SDS "EV_500_RefSB": 2708x4060   scale factor: 3.04235e-05  offset: -0
SDS "EV_500_RefSB": 2708x4060   scale factor: 2.96173e-05  offset: -0
SDS "SolarZenith": 271x406   scale factor: 0.01  offset: 0
SDS "SensorZenith": 271x406   scale factor: 0.01  offset: 0
SDS "SolarAzimuth": 271x406   scale factor: 0.01  offset: 0
SDS "SensorAzimuth": 271x406   scale factor: 0.01  offset: 0
SDS "Longitude": 271x406   scale factor: 1  offset: 0
SDS "Latitude": 271x406   scale factor: 1  offset: 0
Creating SDS CorrRefl_01: 5416x8120
Creating SDS CorrRefl_03: 2708x4060
Creating SDS CorrRefl_04: 2708x4060
Processing scan 0...
Processing scan 10...
Processing scan 20...
Processing scan 30...
Processing scan 40...
Processing scan 50...
Processing scan 60...
Processing scan 70...
Processing scan 80...
Processing scan 90...
Processing scan 100...
Processing scan 110...
Processing scan 120...
Processing scan 130...
Processing scan 140...
Processing scan 150...
Processing scan 160...
Processing scan 170...
Processing scan 180...
Processing scan 190...
Processing scan 200...
IDL Version 5.5a (linux x86). (c) 2001, Research Systems, Inc.
Installation number: 95080-2.
Licensed for use by: Dept License

Display depth:  24
Color table size:  256
Default integer type: LONG
% Compiled module: MODIS_TRUE.
(Reading map parameters from map_parameters.in)
LATCEN          FLOAT     =       25.5000
LONCEN          FLOAT     =      -79.0000
RES             FLOAT     =      0.250000
DATA_TYPE       STRING    = 'QKM'
XSIZE           LONG      =         4400
YSIZE           LONG      =         3400
TAG             STRING    = 'Florida'
% Compiled module: REMAP_CORR_REFL.
(Reading geolocation data)
% Loaded DLM: HDF.
% Compiled module: HDF_SD_VARREAD.
% Compiled module: GET_LIMITS.
% Compiled module: MAP_SET.
% Compiled module: MAP_LIMITS.
% Compiled module: IMAGE_BOUNDS.
% Compiled module: GET_CORR_REFL.
% Compiled module: HDF_SD_VARINFO.
(Reading band 1 @ 250 meter)
(Reading band 1 @ 500 meter)
(Interpolating band 1)
% Compiled module: MODIS_LEVEL1B_HKM2QKM.
(Reading band 3 @ 500 meter)
(Interpolating band 3)
(Reading band 4 @ 500 meter)
(Interpolating band 4)
% Compiled module: GET_GEODATA.
(Reading lat, lon, zen)
(Interpolating geolocation data)
% Compiled module: MODIS_GEO_INTERP_250.
% Compiled module: CREATE_GPD.
% Compiled module: CREATE_SCR.
% Compiled module: FILEINFO.
% Compiled module: DEMO_MODE.
% Compiled module: HDF_EXISTS.
% Compiled module: NCDF_EXISTS.
% Loaded DLM: NCDF.
(Running remap script)
(Reading projected image files)
% Compiled module: READ_BINARY.
(Creating TIFF image)
% Compiled module: ENHANCE.
% Loaded DLM: TIFF.
(Converting TIFF to JPEG)
