 Copyright (C) 1995-2015 - All Rights Reserved
 University Corporation for Atmospheric Research
 NCAR Command Language Version 6.3.0
 The use of this software is governed by a License Agreement.
 See http://www.ncl.ucar.edu/ for more details.
(0)	Program Starts at Wed Jul  1 13:18:36 EDT 2015
fatal:Dimension sizes of left hand side and right hand side of assignment do not match
fatal:["Execute.c":8575]:Execute: Error occurred at or near line 33 in file /home/vy57456/zzbatmos_user/program/ncl/ncl_lib/procedure/universal/grid_lat_lon.ncl

fatal:["Execute.c":8575]:Execute: Error occurred at or near line 149 in file contour_grid_seviri_cot_aca.ncl

Wed Jul  1 13:35:18 EDT 2015
(0)	Now Processing = SEV_06-CLD-L2_2008-07-16T08-45-00_V1-03.hdf
(0)	^^^^^^^^^^^^^^^^^^^^^^^^^^^^^^^^^^^^^^^^^^^^^^^^^^^^^
(0)	Start to interpolate pixel data to gridded data
(0)	^^^^^^^^^^^^^^^^^^^^^^^^^^^^^^^^^^^^^^^^^^^^^^^^^^^^^
(0)	icount_all     = 0
(0)	icount_untouch = 0
(0)	icount_touch   = 0
(0)	icount_all       = 0
(0)	icount_untouch   = 0
(0)	icount_touch     = 0
(0)	icount_uncertain = 0
(0)	icount_all     = 11
(0)	icount_untouch = 9
(0)	icount_touch   = 2
(0)	icount_all       = 11
(0)	icount_untouch   = 4
(0)	icount_touch     = 0
(0)	icount_uncertain = 7
(0)	NO ACA IN THE STUDY REGION FOR 2008-07-16 08:45:00 uncertain C2010
Wed Jul  1 13:35:40 EDT 2015
Wed Jul  1 13:54:21 EDT 2015
(0)	Now Processing = SEV_06-CLD-L2_2008-07-16T09-00-00_V1-03.hdf
(0)	^^^^^^^^^^^^^^^^^^^^^^^^^^^^^^^^^^^^^^^^^^^^^^^^^^^^^
(0)	Start to interpolate pixel data to gridded data
(0)	^^^^^^^^^^^^^^^^^^^^^^^^^^^^^^^^^^^^^^^^^^^^^^^^^^^^^
(0)	icount_all     = 0
(0)	icount_untouch = 0
(0)	icount_touch   = 0
(0)	icount_all       = 0
(0)	icount_untouch   = 0
(0)	icount_touch     = 0
(0)	icount_uncertain = 0
(0)	icount_all     = 8
(0)	icount_untouch = 7
(0)	icount_touch   = 1
(0)	icount_all       = 8
(0)	icount_untouch   = 3
(0)	icount_touch     = 0
(0)	icount_uncertain = 5
warning:ContourPlotInitialize: scalar field is constant; no contour lines will appear; use cnConstFEnableFill to enable fill
(0)	NO ACA IN THE STUDY REGION FOR 2008-07-16 09:00:00 uncertain C2010
warning:ContourPlotInitialize: scalar field is constant; no contour lines will appear; use cnConstFEnableFill to enable fill
Wed Jul  1 13:54:41 EDT 2015
Wed Jul  1 14:13:22 EDT 2015
(0)	Now Processing = SEV_06-CLD-L2_2008-07-16T09-15-00_V1-03.hdf
(0)	^^^^^^^^^^^^^^^^^^^^^^^^^^^^^^^^^^^^^^^^^^^^^^^^^^^^^
(0)	Start to interpolate pixel data to gridded data
(0)	^^^^^^^^^^^^^^^^^^^^^^^^^^^^^^^^^^^^^^^^^^^^^^^^^^^^^
(0)	icount_all     = 0
(0)	icount_untouch = 0
(0)	icount_touch   = 0
(0)	icount_all       = 0
(0)	icount_untouch   = 0
(0)	icount_touch     = 0
(0)	icount_uncertain = 0
(0)	icount_all     = 8
(0)	icount_untouch = 7
(0)	icount_touch   = 1
(0)	icount_all       = 8
(0)	icount_untouch   = 3
(0)	icount_touch     = 0
(0)	icount_uncertain = 5
warning:ContourPlotInitialize: scalar field is constant; no contour lines will appear; use cnConstFEnableFill to enable fill
(0)	NO ACA IN THE STUDY REGION FOR 2008-07-16 09:15:00 uncertain C2010
warning:ContourPlotInitialize: scalar field is constant; no contour lines will appear; use cnConstFEnableFill to enable fill
Wed Jul  1 14:13:42 EDT 2015
Wed Jul  1 14:32:23 EDT 2015
(0)	Now Processing = SEV_06-CLD-L2_2008-07-16T09-30-00_V1-03.hdf
(0)	^^^^^^^^^^^^^^^^^^^^^^^^^^^^^^^^^^^^^^^^^^^^^^^^^^^^^
(0)	Start to interpolate pixel data to gridded data
(0)	^^^^^^^^^^^^^^^^^^^^^^^^^^^^^^^^^^^^^^^^^^^^^^^^^^^^^
(0)	icount_all     = 0
(0)	icount_untouch = 0
(0)	icount_touch   = 0
(0)	icount_all       = 0
(0)	icount_untouch   = 0
(0)	icount_touch     = 0
(0)	icount_uncertain = 0
(0)	icount_all     = 11
(0)	icount_untouch = 9
(0)	icount_touch   = 2
(0)	icount_all       = 11
(0)	icount_untouch   = 3
(0)	icount_touch     = 1
(0)	icount_uncertain = 7
(0)	NO ACA IN THE STUDY REGION FOR 2008-07-16 09:30:00 uncertain C2010
Wed Jul  1 14:32:45 EDT 2015
Wed Jul  1 14:51:27 EDT 2015
(0)	Now Processing = SEV_06-CLD-L2_2008-07-16T09-45-00_V1-03.hdf
(0)	^^^^^^^^^^^^^^^^^^^^^^^^^^^^^^^^^^^^^^^^^^^^^^^^^^^^^
(0)	Start to interpolate pixel data to gridded data
(0)	^^^^^^^^^^^^^^^^^^^^^^^^^^^^^^^^^^^^^^^^^^^^^^^^^^^^^
(0)	icount_all     = 0
(0)	icount_untouch = 0
(0)	icount_touch   = 0
(0)	icount_all       = 0
(0)	icount_untouch   = 0
(0)	icount_touch     = 0
(0)	icount_uncertain = 0
(0)	icount_all     = 9
(0)	icount_untouch = 7
(0)	icount_touch   = 2
(0)	icount_all       = 9
(0)	icount_untouch   = 3
(0)	icount_touch     = 1
(0)	icount_uncertain = 5
(0)	NO ACA IN THE STUDY REGION FOR 2008-07-16 09:45:00 uncertain C2010
Wed Jul  1 14:51:49 EDT 2015
Wed Jul  1 15:10:31 EDT 2015
(0)	Now Processing = SEV_06-CLD-L2_2008-07-16T10-00-00_V1-03.hdf
(0)	^^^^^^^^^^^^^^^^^^^^^^^^^^^^^^^^^^^^^^^^^^^^^^^^^^^^^
(0)	Start to interpolate pixel data to gridded data
(0)	^^^^^^^^^^^^^^^^^^^^^^^^^^^^^^^^^^^^^^^^^^^^^^^^^^^^^
(0)	icount_all     = 0
(0)	icount_untouch = 0
(0)	icount_touch   = 0
(0)	icount_all       = 0
(0)	icount_untouch   = 0
(0)	icount_touch     = 0
(0)	icount_uncertain = 0
(0)	icount_all     = 7
(0)	icount_untouch = 6
(0)	icount_touch   = 1
(0)	icount_all       = 7
(0)	icount_untouch   = 3
(0)	icount_touch     = 1
(0)	icount_uncertain = 3
warning:ContourPlotInitialize: scalar field is constant; no contour lines will appear; use cnConstFEnableFill to enable fill
(0)	NO ACA IN THE STUDY REGION FOR 2008-07-16 10:00:00 uncertain C2010
warning:ContourPlotInitialize: scalar field is constant; no contour lines will appear; use cnConstFEnableFill to enable fill
Wed Jul  1 15:10:50 EDT 2015
Wed Jul  1 15:29:32 EDT 2015
(0)	Now Processing = SEV_06-CLD-L2_2008-07-16T10-15-00_V1-03.hdf
(0)	^^^^^^^^^^^^^^^^^^^^^^^^^^^^^^^^^^^^^^^^^^^^^^^^^^^^^
(0)	Start to interpolate pixel data to gridded data
(0)	^^^^^^^^^^^^^^^^^^^^^^^^^^^^^^^^^^^^^^^^^^^^^^^^^^^^^
(0)	icount_all     = 0
(0)	icount_untouch = 0
(0)	icount_touch   = 0
(0)	icount_all       = 0
(0)	icount_untouch   = 0
(0)	icount_touch     = 0
(0)	icount_uncertain = 0
(0)	icount_all     = 6
(0)	icount_untouch = 6
(0)	icount_touch   = 0
(0)	icount_all       = 6
(0)	icount_untouch   = 3
(0)	icount_touch     = 0
(0)	icount_uncertain = 3
(0)	NO ACA IN THE STUDY REGION FOR 2008-07-16 10:15:00 touch C2010
(0)	NO ACA IN THE STUDY REGION FOR 2008-07-16 10:15:00 uncertain C2010
(0)	NO ACA IN THE STUDY REGION FOR 2008-07-16 10:15:00 touch C2013
Wed Jul  1 15:29:51 EDT 2015
Wed Jul  1 15:49:04 EDT 2015
(0)	Now Processing = SEV_06-CLD-L2_2008-07-16T10-30-00_V1-03.hdf
(0)	^^^^^^^^^^^^^^^^^^^^^^^^^^^^^^^^^^^^^^^^^^^^^^^^^^^^^
(0)	Start to interpolate pixel data to gridded data
(0)	^^^^^^^^^^^^^^^^^^^^^^^^^^^^^^^^^^^^^^^^^^^^^^^^^^^^^
(0)	icount_all     = 0
(0)	icount_untouch = 0
(0)	icount_touch   = 0
(0)	icount_all       = 0
(0)	icount_untouch   = 0
(0)	icount_touch     = 0
(0)	icount_uncertain = 0
(0)	icount_all     = 8
(0)	icount_untouch = 8
(0)	icount_touch   = 0
(0)	icount_all       = 8
(0)	icount_untouch   = 4
(0)	icount_touch     = 0
(0)	icount_uncertain = 4
(0)	NO ACA IN THE STUDY REGION FOR 2008-07-16 10:30:00 touch C2010
(0)	NO ACA IN THE STUDY REGION FOR 2008-07-16 10:30:00 uncertain C2010
(0)	NO ACA IN THE STUDY REGION FOR 2008-07-16 10:30:00 touch C2013
Wed Jul  1 15:49:23 EDT 2015
Wed Jul  1 16:08:04 EDT 2015
(0)	Now Processing = SEV_06-CLD-L2_2008-07-16T10-45-00_V1-03.hdf
(0)	^^^^^^^^^^^^^^^^^^^^^^^^^^^^^^^^^^^^^^^^^^^^^^^^^^^^^
(0)	Start to interpolate pixel data to gridded data
(0)	^^^^^^^^^^^^^^^^^^^^^^^^^^^^^^^^^^^^^^^^^^^^^^^^^^^^^
(0)	icount_all     = 0
(0)	icount_untouch = 0
(0)	icount_touch   = 0
(0)	icount_all       = 0
(0)	icount_untouch   = 0
(0)	icount_touch     = 0
(0)	icount_uncertain = 0
(0)	icount_all     = 9
(0)	icount_untouch = 7
(0)	icount_touch   = 2
(0)	icount_all       = 9
(0)	icount_untouch   = 3
(0)	icount_touch     = 1
(0)	icount_uncertain = 5
(0)	NO ACA IN THE STUDY REGION FOR 2008-07-16 10:45:00 uncertain C2010
Wed Jul  1 16:08:26 EDT 2015
Wed Jul  1 16:27:09 EDT 2015
(0)	Now Processing = SEV_06-CLD-L2_2008-07-16T11-00-00_V1-03.hdf
(0)	^^^^^^^^^^^^^^^^^^^^^^^^^^^^^^^^^^^^^^^^^^^^^^^^^^^^^
(0)	Start to interpolate pixel data to gridded data
(0)	^^^^^^^^^^^^^^^^^^^^^^^^^^^^^^^^^^^^^^^^^^^^^^^^^^^^^
(0)	icount_all     = 0
(0)	icount_untouch = 0
(0)	icount_touch   = 0
(0)	icount_all       = 0
(0)	icount_untouch   = 0
(0)	icount_touch     = 0
(0)	icount_uncertain = 0
(0)	icount_all     = 6
(0)	icount_untouch = 5
(0)	icount_touch   = 1
(0)	icount_all       = 6
(0)	icount_untouch   = 2
(0)	icount_touch     = 1
(0)	icount_uncertain = 3
warning:ContourPlotInitialize: scalar field is constant; no contour lines will appear; use cnConstFEnableFill to enable fill
(0)	NO ACA IN THE STUDY REGION FOR 2008-07-16 11:00:00 uncertain C2010
warning:ContourPlotInitialize: scalar field is constant; no contour lines will appear; use cnConstFEnableFill to enable fill
Wed Jul  1 16:27:28 EDT 2015
Wed Jul  1 16:46:09 EDT 2015
(0)	Now Processing = SEV_06-CLD-L2_2008-07-16T11-15-00_V1-03.hdf
(0)	^^^^^^^^^^^^^^^^^^^^^^^^^^^^^^^^^^^^^^^^^^^^^^^^^^^^^
(0)	Start to interpolate pixel data to gridded data
(0)	^^^^^^^^^^^^^^^^^^^^^^^^^^^^^^^^^^^^^^^^^^^^^^^^^^^^^
(0)	icount_all     = 0
(0)	icount_untouch = 0
(0)	icount_touch   = 0
(0)	icount_all       = 0
(0)	icount_untouch   = 0
(0)	icount_touch     = 0
(0)	icount_uncertain = 0
(0)	icount_all     = 9
(0)	icount_untouch = 6
(0)	icount_touch   = 3
(0)	icount_all       = 9
(0)	icount_untouch   = 3
(0)	icount_touch     = 1
(0)	icount_uncertain = 5
(0)	NO ACA IN THE STUDY REGION FOR 2008-07-16 11:15:00 uncertain C2010
Wed Jul  1 16:46:31 EDT 2015
Wed Jul  1 17:05:13 EDT 2015
(0)	Now Processing = SEV_06-CLD-L2_2008-07-16T11-30-00_V1-03.hdf
(0)	^^^^^^^^^^^^^^^^^^^^^^^^^^^^^^^^^^^^^^^^^^^^^^^^^^^^^
(0)	Start to interpolate pixel data to gridded data
(0)	^^^^^^^^^^^^^^^^^^^^^^^^^^^^^^^^^^^^^^^^^^^^^^^^^^^^^
(0)	icount_all     = 0
(0)	icount_untouch = 0
(0)	icount_touch   = 0
(0)	icount_all       = 0
(0)	icount_untouch   = 0
(0)	icount_touch     = 0
(0)	icount_uncertain = 0
(0)	icount_all     = 8
(0)	icount_untouch = 6
(0)	icount_touch   = 2
(0)	icount_all       = 8
(0)	icount_untouch   = 3
(0)	icount_touch     = 0
(0)	icount_uncertain = 5
(0)	NO ACA IN THE STUDY REGION FOR 2008-07-16 11:30:00 uncertain C2010
Wed Jul  1 17:05:35 EDT 2015
Wed Jul  1 17:24:17 EDT 2015
(0)	Now Processing = SEV_06-CLD-L2_2008-07-16T11-45-00_V1-03.hdf
(0)	^^^^^^^^^^^^^^^^^^^^^^^^^^^^^^^^^^^^^^^^^^^^^^^^^^^^^
(0)	Start to interpolate pixel data to gridded data
(0)	^^^^^^^^^^^^^^^^^^^^^^^^^^^^^^^^^^^^^^^^^^^^^^^^^^^^^
(0)	icount_all     = 0
(0)	icount_untouch = 0
(0)	icount_touch   = 0
(0)	icount_all       = 0
(0)	icount_untouch   = 0
(0)	icount_touch     = 0
(0)	icount_uncertain = 0
(0)	icount_all     = 10
(0)	icount_untouch = 7
(0)	icount_touch   = 3
(0)	icount_all       = 10
(0)	icount_untouch   = 3
(0)	icount_touch     = 1
(0)	icount_uncertain = 6
(0)	NO ACA IN THE STUDY REGION FOR 2008-07-16 11:45:00 uncertain C2010
Wed Jul  1 17:24:39 EDT 2015
Wed Jul  1 17:43:21 EDT 2015
(0)	Now Processing = SEV_06-CLD-L2_2008-07-16T12-00-00_V1-03.hdf
(0)	^^^^^^^^^^^^^^^^^^^^^^^^^^^^^^^^^^^^^^^^^^^^^^^^^^^^^
(0)	Start to interpolate pixel data to gridded data
(0)	^^^^^^^^^^^^^^^^^^^^^^^^^^^^^^^^^^^^^^^^^^^^^^^^^^^^^
(0)	icount_all     = 0
(0)	icount_untouch = 0
(0)	icount_touch   = 0
(0)	icount_all       = 0
(0)	icount_untouch   = 0
(0)	icount_touch     = 0
(0)	icount_uncertain = 0
(0)	icount_all     = 11
(0)	icount_untouch = 8
(0)	icount_touch   = 3
(0)	icount_all       = 11
(0)	icount_untouch   = 3
(0)	icount_touch     = 1
(0)	icount_uncertain = 7
(0)	NO ACA IN THE STUDY REGION FOR 2008-07-16 12:00:00 uncertain C2010
Wed Jul  1 17:43:43 EDT 2015
Wed Jul  1 18:02:25 EDT 2015
(0)	-------------------------------------------------
(0)	SEVIRI FILE DOESN'T EXIST = SEV_06-CLD-L2_2008-07-16T12-15-00_V1-03.hdf
(0)	-------------------------------------------------
(0)	SEVIRI FILE DOESN'T EXIST = SEV_06-CLD-L2_2008-07-16T12-30-00_V1-03.hdf
(0)	Now Processing = SEV_06-CLD-L2_2008-07-16T12-45-00_V1-03.hdf
(0)	^^^^^^^^^^^^^^^^^^^^^^^^^^^^^^^^^^^^^^^^^^^^^^^^^^^^^
(0)	Start to interpolate pixel data to gridded data
(0)	^^^^^^^^^^^^^^^^^^^^^^^^^^^^^^^^^^^^^^^^^^^^^^^^^^^^^
(0)	icount_all     = 0
(0)	icount_untouch = 0
(0)	icount_touch   = 0
(0)	icount_all       = 0
(0)	icount_untouch   = 0
(0)	icount_touch     = 0
(0)	icount_uncertain = 0
(0)	icount_all     = 12
(0)	icount_untouch = 10
(0)	icount_touch   = 2
(0)	icount_all       = 12
(0)	icount_untouch   = 4
(0)	icount_touch     = 1
(0)	icount_uncertain = 7
(0)	NO ACA IN THE STUDY REGION FOR 2008-07-16 12:45:00 uncertain C2010
Wed Jul  1 18:02:46 EDT 2015
Wed Jul  1 18:21:28 EDT 2015
(0)	Now Processing = SEV_06-CLD-L2_2008-07-16T13-00-00_V1-03.hdf
(0)	^^^^^^^^^^^^^^^^^^^^^^^^^^^^^^^^^^^^^^^^^^^^^^^^^^^^^
(0)	Start to interpolate pixel data to gridded data
(0)	^^^^^^^^^^^^^^^^^^^^^^^^^^^^^^^^^^^^^^^^^^^^^^^^^^^^^
(0)	icount_all     = 0
(0)	icount_untouch = 0
(0)	icount_touch   = 0
(0)	icount_all       = 0
(0)	icount_untouch   = 0
(0)	icount_touch     = 0
(0)	icount_uncertain = 0
(0)	icount_all     = 11
(0)	icount_untouch = 9
(0)	icount_touch   = 2
(0)	icount_all       = 11
(0)	icount_untouch   = 3
(0)	icount_touch     = 1
(0)	icount_uncertain = 7
(0)	NO ACA IN THE STUDY REGION FOR 2008-07-16 13:00:00 uncertain C2010
Wed Jul  1 18:21:49 EDT 2015
Wed Jul  1 18:40:33 EDT 2015
(0)	Now Processing = SEV_06-CLD-L2_2008-07-16T13-15-00_V1-03.hdf
(0)	^^^^^^^^^^^^^^^^^^^^^^^^^^^^^^^^^^^^^^^^^^^^^^^^^^^^^
(0)	Start to interpolate pixel data to gridded data
(0)	^^^^^^^^^^^^^^^^^^^^^^^^^^^^^^^^^^^^^^^^^^^^^^^^^^^^^
(0)	icount_all     = 0
(0)	icount_untouch = 0
(0)	icount_touch   = 0
(0)	icount_all       = 0
(0)	icount_untouch   = 0
(0)	icount_touch     = 0
(0)	icount_uncertain = 0
(0)	icount_all     = 12
(0)	icount_untouch = 10
(0)	icount_touch   = 2
(0)	icount_all       = 12
(0)	icount_untouch   = 4
(0)	icount_touch     = 1
(0)	icount_uncertain = 7
(0)	NO ACA IN THE STUDY REGION FOR 2008-07-16 13:15:00 uncertain C2010
Wed Jul  1 18:40:55 EDT 2015
Wed Jul  1 18:59:38 EDT 2015
(0)	Now Processing = SEV_06-CLD-L2_2008-07-16T13-30-00_V1-03.hdf
(0)	^^^^^^^^^^^^^^^^^^^^^^^^^^^^^^^^^^^^^^^^^^^^^^^^^^^^^
(0)	Start to interpolate pixel data to gridded data
(0)	^^^^^^^^^^^^^^^^^^^^^^^^^^^^^^^^^^^^^^^^^^^^^^^^^^^^^
(0)	icount_all     = 0
(0)	icount_untouch = 0
(0)	icount_touch   = 0
(0)	icount_all       = 0
(0)	icount_untouch   = 0
(0)	icount_touch     = 0
(0)	icount_uncertain = 0
(0)	icount_all     = 12
(0)	icount_untouch = 10
(0)	icount_touch   = 2
(0)	icount_all       = 12
(0)	icount_untouch   = 4
(0)	icount_touch     = 1
(0)	icount_uncertain = 7
(0)	NO ACA IN THE STUDY REGION FOR 2008-07-16 13:30:00 uncertain C2010
Wed Jul  1 19:00:01 EDT 2015
Wed Jul  1 19:18:44 EDT 2015
(0)	Now Processing = SEV_06-CLD-L2_2008-07-16T13-45-00_V1-03.hdf
(0)	^^^^^^^^^^^^^^^^^^^^^^^^^^^^^^^^^^^^^^^^^^^^^^^^^^^^^
(0)	Start to interpolate pixel data to gridded data
(0)	^^^^^^^^^^^^^^^^^^^^^^^^^^^^^^^^^^^^^^^^^^^^^^^^^^^^^
(0)	icount_all     = 0
(0)	icount_untouch = 0
(0)	icount_touch   = 0
(0)	icount_all       = 0
(0)	icount_untouch   = 0
(0)	icount_touch     = 0
(0)	icount_uncertain = 0
(0)	icount_all     = 11
(0)	icount_untouch = 10
(0)	icount_touch   = 1
(0)	icount_all       = 11
(0)	icount_untouch   = 4
(0)	icount_touch     = 1
(0)	icount_uncertain = 6
warning:ContourPlotInitialize: scalar field is constant; no contour lines will appear; use cnConstFEnableFill to enable fill
(0)	NO ACA IN THE STUDY REGION FOR 2008-07-16 13:45:00 uncertain C2010
warning:ContourPlotInitialize: scalar field is constant; no contour lines will appear; use cnConstFEnableFill to enable fill
Wed Jul  1 19:19:04 EDT 2015
Wed Jul  1 19:37:48 EDT 2015
(0)	Now Processing = SEV_06-CLD-L2_2008-07-16T14-00-00_V1-03.hdf
(0)	^^^^^^^^^^^^^^^^^^^^^^^^^^^^^^^^^^^^^^^^^^^^^^^^^^^^^
(0)	Start to interpolate pixel data to gridded data
(0)	^^^^^^^^^^^^^^^^^^^^^^^^^^^^^^^^^^^^^^^^^^^^^^^^^^^^^
(0)	icount_all     = 0
(0)	icount_untouch = 0
(0)	icount_touch   = 0
(0)	icount_all       = 0
(0)	icount_untouch   = 0
(0)	icount_touch     = 0
(0)	icount_uncertain = 0
(0)	icount_all     = 11
(0)	icount_untouch = 9
(0)	icount_touch   = 2
(0)	icount_all       = 11
(0)	icount_untouch   = 3
(0)	icount_touch     = 1
(0)	icount_uncertain = 7
(0)	NO ACA IN THE STUDY REGION FOR 2008-07-16 14:00:00 uncertain C2010
Wed Jul  1 19:38:09 EDT 2015
Wed Jul  1 19:56:52 EDT 2015
(0)	-------------------------------------------------
(0)	SEVIRI FILE DOESN'T EXIST = SEV_06-CLD-L2_2008-07-16T14-15-00_V1-03.hdf
(0)	Now Processing = SEV_06-CLD-L2_2008-07-16T14-30-00_V1-03.hdf
(0)	^^^^^^^^^^^^^^^^^^^^^^^^^^^^^^^^^^^^^^^^^^^^^^^^^^^^^
(0)	Start to interpolate pixel data to gridded data
(0)	^^^^^^^^^^^^^^^^^^^^^^^^^^^^^^^^^^^^^^^^^^^^^^^^^^^^^
(0)	icount_all     = 0
(0)	icount_untouch = 0
(0)	icount_touch   = 0
(0)	icount_all       = 0
(0)	icount_untouch   = 0
(0)	icount_touch     = 0
(0)	icount_uncertain = 0
(0)	icount_all     = 13
(0)	icount_untouch = 10
(0)	icount_touch   = 3
(0)	icount_all       = 13
(0)	icount_untouch   = 4
(0)	icount_touch     = 1
(0)	icount_uncertain = 8
(0)	NO ACA IN THE STUDY REGION FOR 2008-07-16 14:30:00 uncertain C2010
Wed Jul  1 19:57:14 EDT 2015
Wed Jul  1 20:15:58 EDT 2015
(0)	-------------------------------------------------
(0)	SEVIRI FILE DOESN'T EXIST = SEV_06-CLD-L2_2008-07-16T14-45-00_V1-03.hdf
(0)	-------------------------------------------------
(0)	SEVIRI FILE DOESN'T EXIST = SEV_06-CLD-L2_2008-07-16T15-00-00_V1-03.hdf
(0)	Now Processing = SEV_06-CLD-L2_2008-07-16T15-15-00_V1-03.hdf
(0)	^^^^^^^^^^^^^^^^^^^^^^^^^^^^^^^^^^^^^^^^^^^^^^^^^^^^^
(0)	Start to interpolate pixel data to gridded data
(0)	^^^^^^^^^^^^^^^^^^^^^^^^^^^^^^^^^^^^^^^^^^^^^^^^^^^^^
(0)	icount_all     = 0
(0)	icount_untouch = 0
(0)	icount_touch   = 0
(0)	icount_all       = 0
(0)	icount_untouch   = 0
(0)	icount_touch     = 0
(0)	icount_uncertain = 0
(0)	icount_all     = 13
(0)	icount_untouch = 10
(0)	icount_touch   = 3
(0)	icount_all       = 13
(0)	icount_untouch   = 4
(0)	icount_touch     = 1
(0)	icount_uncertain = 8
(0)	NO ACA IN THE STUDY REGION FOR 2008-07-16 15:15:00 uncertain C2010
Wed Jul  1 20:16:19 EDT 2015
Wed Jul  1 20:35:03 EDT 2015
(0)	Now Processing = SEV_06-CLD-L2_2008-07-16T15-30-00_V1-03.hdf
(0)	^^^^^^^^^^^^^^^^^^^^^^^^^^^^^^^^^^^^^^^^^^^^^^^^^^^^^
(0)	Start to interpolate pixel data to gridded data
(0)	^^^^^^^^^^^^^^^^^^^^^^^^^^^^^^^^^^^^^^^^^^^^^^^^^^^^^
(0)	icount_all     = 0
(0)	icount_untouch = 0
(0)	icount_touch   = 0
(0)	icount_all       = 0
(0)	icount_untouch   = 0
(0)	icount_touch     = 0
(0)	icount_uncertain = 0
(0)	icount_all     = 10
(0)	icount_untouch = 7
(0)	icount_touch   = 3
(0)	icount_all       = 10
(0)	icount_untouch   = 4
(0)	icount_touch     = 1
(0)	icount_uncertain = 5
(0)	NO ACA IN THE STUDY REGION FOR 2008-07-16 15:30:00 uncertain C2010
Wed Jul  1 20:35:25 EDT 2015
Wed Jul  1 20:54:09 EDT 2015
(0)	Now Processing = SEV_06-CLD-L2_2008-07-16T15-45-00_V1-03.hdf
(0)	^^^^^^^^^^^^^^^^^^^^^^^^^^^^^^^^^^^^^^^^^^^^^^^^^^^^^
(0)	Start to interpolate pixel data to gridded data
(0)	^^^^^^^^^^^^^^^^^^^^^^^^^^^^^^^^^^^^^^^^^^^^^^^^^^^^^
(0)	icount_all     = 0
(0)	icount_untouch = 0
(0)	icount_touch   = 0
(0)	icount_all       = 0
(0)	icount_untouch   = 0
(0)	icount_touch     = 0
(0)	icount_uncertain = 0
(0)	icount_all     = 12
(0)	icount_untouch = 9
(0)	icount_touch   = 3
(0)	icount_all       = 12
(0)	icount_untouch   = 4
(0)	icount_touch     = 1
(0)	icount_uncertain = 7
(0)	NO ACA IN THE STUDY REGION FOR 2008-07-16 15:45:00 uncertain C2010
Wed Jul  1 20:54:30 EDT 2015
Wed Jul  1 21:13:14 EDT 2015
(0)	Now Processing = SEV_06-CLD-L2_2008-07-16T16-00-00_V1-03.hdf
(0)	^^^^^^^^^^^^^^^^^^^^^^^^^^^^^^^^^^^^^^^^^^^^^^^^^^^^^
(0)	Start to interpolate pixel data to gridded data
(0)	^^^^^^^^^^^^^^^^^^^^^^^^^^^^^^^^^^^^^^^^^^^^^^^^^^^^^
(0)	icount_all     = 0
(0)	icount_untouch = 0
(0)	icount_touch   = 0
(0)	icount_all       = 0
(0)	icount_untouch   = 0
(0)	icount_touch     = 0
(0)	icount_uncertain = 0
(0)	icount_all     = 11
(0)	icount_untouch = 8
(0)	icount_touch   = 3
(0)	icount_all       = 11
(0)	icount_untouch   = 4
(0)	icount_touch     = 1
(0)	icount_uncertain = 6
(0)	NO ACA IN THE STUDY REGION FOR 2008-07-16 16:00:00 uncertain C2010
Wed Jul  1 21:13:35 EDT 2015
Wed Jul  1 21:32:18 EDT 2015
(0)	Now Processing = SEV_06-CLD-L2_2008-07-16T16-15-00_V1-03.hdf
(0)	^^^^^^^^^^^^^^^^^^^^^^^^^^^^^^^^^^^^^^^^^^^^^^^^^^^^^
(0)	Start to interpolate pixel data to gridded data
(0)	^^^^^^^^^^^^^^^^^^^^^^^^^^^^^^^^^^^^^^^^^^^^^^^^^^^^^
(0)	icount_all     = 0
(0)	icount_untouch = 0
(0)	icount_touch   = 0
(0)	icount_all       = 0
(0)	icount_untouch   = 0
(0)	icount_touch     = 0
(0)	icount_uncertain = 0
(0)	icount_all     = 12
(0)	icount_untouch = 9
(0)	icount_touch   = 3
(0)	icount_all       = 12
(0)	icount_untouch   = 4
(0)	icount_touch     = 1
(0)	icount_uncertain = 7
(0)	NO ACA IN THE STUDY REGION FOR 2008-07-16 16:15:00 uncertain C2010
Wed Jul  1 21:32:39 EDT 2015
Wed Jul  1 21:51:22 EDT 2015
(0)	Now Processing = SEV_06-CLD-L2_2008-07-16T16-30-00_V1-03.hdf
(0)	^^^^^^^^^^^^^^^^^^^^^^^^^^^^^^^^^^^^^^^^^^^^^^^^^^^^^
(0)	Start to interpolate pixel data to gridded data
(0)	^^^^^^^^^^^^^^^^^^^^^^^^^^^^^^^^^^^^^^^^^^^^^^^^^^^^^
(0)	icount_all     = 0
(0)	icount_untouch = 0
(0)	icount_touch   = 0
(0)	icount_all       = 0
(0)	icount_untouch   = 0
(0)	icount_touch     = 0
(0)	icount_uncertain = 0
(0)	icount_all     = 11
(0)	icount_untouch = 8
(0)	icount_touch   = 3
(0)	icount_all       = 11
(0)	icount_untouch   = 3
(0)	icount_touch     = 1
(0)	icount_uncertain = 7
(0)	NO ACA IN THE STUDY REGION FOR 2008-07-16 16:30:00 uncertain C2010
Wed Jul  1 21:51:44 EDT 2015
